{"contracts/AdaptiveTranchingOracleAdapter.sol":{"l":{"36":0,"37":0,"38":0,"40":0,"41":0,"42":0,"44":0,"45":0,"54":0,"57":0,"58":0,"59":0,"60":0,"63":0,"66":0,"69":0,"82":0,"83":0,"85":0,"100":0,"105":0,"108":0,"118":0,"119":0,"128":0,"137":0,"146":0,"147":0,"158":0,"159":0,"162":0,"163":0,"164":0,"167":0,"175":0,"178":0,"181":0},"path":"/Users/ygorfrancisco/brics-protocol/contracts/AdaptiveTranchingOracleAdapter.sol","s":{"1":0,"2":0,"3":0,"4":0,"5":0,"6":0,"7":0,"8":0,"9":0,"10":0,"11":0,"12":0,"13":0,"14":0,"15":0,"16":0,"17":0,"18":0,"19":0,"20":0,"21":0,"22":0,"23":0,"24":0,"25":0,"26":0,"27":0,"28":0,"29":0,"30":0,"31":0,"32":0},"b":{"1":[0,0],"2":[0,0],"3":[0,0],"4":[0,0],"5":[0,0],"6":[0,0],"7":[0,0],"8":[0,0],"9":[0,0],"10":[0,0],"11":[0,0],"12":[0,0],"13":[0,0],"14":[0,0],"15":[0,0],"16":[0,0],"17":[0,0],"18":[0,0]},"f":{"1":0,"2":0,"3":0,"4":0,"5":0,"6":0,"7":0,"8":0,"9":0},"fnMap":{"1":{"name":"constructor","line":35,"loc":{"start":{"line":35,"column":4},"end":{"line":46,"column":4}}},"2":{"name":"submitSignal","line":53,"loc":{"start":{"line":53,"column":4},"end":{"line":75,"column":4}}},"3":{"name":"getTranchingMode","line":81,"loc":{"start":{"line":81,"column":4},"end":{"line":87,"column":4}}},"4":{"name":"getTranchingThresholds","line":95,"loc":{"start":{"line":95,"column":4},"end":{"line":110,"column":4}}},"5":{"name":"grantOracleRole","line":117,"loc":{"start":{"line":117,"column":4},"end":{"line":120,"column":4}}},"6":{"name":"revokeOracleRole","line":127,"loc":{"start":{"line":127,"column":4},"end":{"line":129,"column":4}}},"7":{"name":"hasOracleRole","line":136,"loc":{"start":{"line":136,"column":4},"end":{"line":138,"column":4}}},"8":{"name":"setRiskOracle","line":145,"loc":{"start":{"line":145,"column":4},"end":{"line":148,"column":4}}},"9":{"name":"submitSignedRiskSignal","line":156,"loc":{"start":{"line":156,"column":4},"end":{"line":187,"column":4}}}},"statementMap":{"1":{"start":{"line":36,"column":8},"end":{"line":36,"column":63}},"2":{"start":{"line":37,"column":8},"end":{"line":37,"column":69}},"3":{"start":{"line":38,"column":8},"end":{"line":38,"column":69}},"4":{"start":{"line":40,"column":8},"end":{"line":40,"column":42}},"5":{"start":{"line":41,"column":8},"end":{"line":41,"column":32}},"6":{"start":{"line":42,"column":8},"end":{"line":42,"column":35}},"7":{"start":{"line":54,"column":8},"end":{"line":54,"column":97}},"8":{"start":{"line":57,"column":8},"end":{"line":57,"column":75}},"9":{"start":{"line":58,"column":8},"end":{"line":58,"column":71}},"10":{"start":{"line":59,"column":8},"end":{"line":59,"column":63}},"11":{"start":{"line":60,"column":8},"end":{"line":60,"column":66}},"12":{"start":{"line":66,"column":8},"end":{"line":66,"column":62}},"13":{"start":{"line":69,"column":8},"end":{"line":69,"column":2645}},"14":{"start":{"line":82,"column":8},"end":{"line":82,"column":3151}},"15":{"start":{"line":83,"column":12},"end":{"line":83,"column":23}},"16":{"start":{"line":85,"column":12},"end":{"line":85,"column":20}},"17":{"start":{"line":100,"column":8},"end":{"line":100,"column":3753}},"18":{"start":{"line":105,"column":12},"end":{"line":105,"column":63}},"19":{"start":{"line":108,"column":12},"end":{"line":108,"column":39}},"20":{"start":{"line":118,"column":8},"end":{"line":118,"column":69}},"21":{"start":{"line":119,"column":8},"end":{"line":119,"column":38}},"22":{"start":{"line":128,"column":8},"end":{"line":128,"column":39}},"23":{"start":{"line":137,"column":8},"end":{"line":137,"column":43}},"24":{"start":{"line":146,"column":8},"end":{"line":146,"column":69}},"25":{"start":{"line":158,"column":8},"end":{"line":158,"column":72}},"26":{"start":{"line":159,"column":8},"end":{"line":159,"column":50}},"27":{"start":{"line":162,"column":8},"end":{"line":162,"column":69}},"28":{"start":{"line":163,"column":8},"end":{"line":163,"column":59}},"29":{"start":{"line":164,"column":8},"end":{"line":164,"column":67}},"30":{"start":{"line":167,"column":8},"end":{"line":167,"column":6193}},"31":{"start":{"line":178,"column":8},"end":{"line":178,"column":62}},"32":{"start":{"line":181,"column":8},"end":{"line":181,"column":6741}}},"branchMap":{"1":{"line":36,"type":"if","locations":[{"start":{"line":36,"column":8},"end":{"line":36,"column":8}},{"start":{"line":36,"column":8},"end":{"line":36,"column":8}}]},"2":{"line":37,"type":"if","locations":[{"start":{"line":37,"column":8},"end":{"line":37,"column":8}},{"start":{"line":37,"column":8},"end":{"line":37,"column":8}}]},"3":{"line":38,"type":"if","locations":[{"start":{"line":38,"column":8},"end":{"line":38,"column":8}},{"start":{"line":38,"column":8},"end":{"line":38,"column":8}}]},"4":{"line":54,"type":"if","locations":[{"start":{"line":54,"column":8},"end":{"line":54,"column":8}},{"start":{"line":54,"column":8},"end":{"line":54,"column":8}}]},"5":{"line":54,"type":"cond-expr","locations":[{"start":{"line":54,"column":16},"end":{"line":54,"column":47}},{"start":{"line":54,"column":52},"end":{"line":54,"column":80}}]},"6":{"line":57,"type":"if","locations":[{"start":{"line":57,"column":8},"end":{"line":57,"column":8}},{"start":{"line":57,"column":8},"end":{"line":57,"column":8}}]},"7":{"line":58,"type":"if","locations":[{"start":{"line":58,"column":8},"end":{"line":58,"column":8}},{"start":{"line":58,"column":8},"end":{"line":58,"column":8}}]},"8":{"line":59,"type":"if","locations":[{"start":{"line":59,"column":8},"end":{"line":59,"column":8}},{"start":{"line":59,"column":8},"end":{"line":59,"column":8}}]},"9":{"line":60,"type":"if","locations":[{"start":{"line":60,"column":8},"end":{"line":60,"column":8}},{"start":{"line":60,"column":8},"end":{"line":60,"column":8}}]},"10":{"line":117,"type":"if","locations":[{"start":{"line":117,"column":54},"end":{"line":117,"column":54}},{"start":{"line":117,"column":54},"end":{"line":117,"column":54}}]},"11":{"line":118,"type":"if","locations":[{"start":{"line":118,"column":8},"end":{"line":118,"column":8}},{"start":{"line":118,"column":8},"end":{"line":118,"column":8}}]},"12":{"line":127,"type":"if","locations":[{"start":{"line":127,"column":55},"end":{"line":127,"column":55}},{"start":{"line":127,"column":55},"end":{"line":127,"column":55}}]},"13":{"line":145,"type":"if","locations":[{"start":{"line":145,"column":52},"end":{"line":145,"column":52}},{"start":{"line":145,"column":52},"end":{"line":145,"column":52}}]},"14":{"line":146,"type":"if","locations":[{"start":{"line":146,"column":8},"end":{"line":146,"column":8}},{"start":{"line":146,"column":8},"end":{"line":146,"column":8}}]},"15":{"line":159,"type":"if","locations":[{"start":{"line":159,"column":8},"end":{"line":159,"column":8}},{"start":{"line":159,"column":8},"end":{"line":159,"column":8}}]},"16":{"line":162,"type":"if","locations":[{"start":{"line":162,"column":8},"end":{"line":162,"column":8}},{"start":{"line":162,"column":8},"end":{"line":162,"column":8}}]},"17":{"line":163,"type":"if","locations":[{"start":{"line":163,"column":8},"end":{"line":163,"column":8}},{"start":{"line":163,"column":8},"end":{"line":163,"column":8}}]},"18":{"line":164,"type":"if","locations":[{"start":{"line":164,"column":8},"end":{"line":164,"column":8}},{"start":{"line":164,"column":8},"end":{"line":164,"column":8}}]}}},"contracts/BRICSToken.sol":{"l":{"25":18,"26":18,"27":18,"28":18,"35":7,"36":7,"37":5},"path":"/Users/ygorfrancisco/brics-protocol/contracts/BRICSToken.sol","s":{"1":18,"2":18,"3":18,"4":6,"5":1,"6":7,"7":1,"8":7,"9":6,"10":5},"b":{"1":[6,1],"2":[1,1],"3":[1,6],"4":[1,0],"5":[6,1],"6":[4,2]},"f":{"1":18,"2":6,"3":1,"4":7},"fnMap":{"1":{"name":"constructor","line":23,"loc":{"start":{"line":22,"column":4},"end":{"line":29,"column":4}}},"2":{"name":"mint","line":31,"loc":{"start":{"line":31,"column":4},"end":{"line":31,"column":92}}},"3":{"name":"burn","line":32,"loc":{"start":{"line":32,"column":4},"end":{"line":32,"column":96}}},"4":{"name":"_update","line":34,"loc":{"start":{"line":34,"column":4},"end":{"line":38,"column":4}}}},"statementMap":{"1":{"start":{"line":25,"column":8},"end":{"line":25,"column":42}},"2":{"start":{"line":26,"column":8},"end":{"line":26,"column":35}},"3":{"start":{"line":27,"column":8},"end":{"line":27,"column":35}},"4":{"start":{"line":31,"column":76},"end":{"line":31,"column":89}},"5":{"start":{"line":32,"column":78},"end":{"line":32,"column":93}},"6":{"start":{"line":35,"column":8},"end":{"line":35,"column":89}},"7":{"start":{"line":35,"column":32},"end":{"line":35,"column":88}},"8":{"start":{"line":36,"column":8},"end":{"line":36,"column":93}},"9":{"start":{"line":36,"column":32},"end":{"line":36,"column":92}},"10":{"start":{"line":37,"column":8},"end":{"line":37,"column":37}}},"branchMap":{"1":{"line":31,"type":"if","locations":[{"start":{"line":31,"column":52},"end":{"line":31,"column":52}},{"start":{"line":31,"column":52},"end":{"line":31,"column":52}}]},"2":{"line":32,"type":"if","locations":[{"start":{"line":32,"column":54},"end":{"line":32,"column":54}},{"start":{"line":32,"column":54},"end":{"line":32,"column":54}}]},"3":{"line":35,"type":"if","locations":[{"start":{"line":35,"column":8},"end":{"line":35,"column":8}},{"start":{"line":35,"column":8},"end":{"line":35,"column":8}}]},"4":{"line":35,"type":"if","locations":[{"start":{"line":35,"column":32},"end":{"line":35,"column":32}},{"start":{"line":35,"column":32},"end":{"line":35,"column":32}}]},"5":{"line":36,"type":"if","locations":[{"start":{"line":36,"column":8},"end":{"line":36,"column":8}},{"start":{"line":36,"column":8},"end":{"line":36,"column":8}}]},"6":{"line":36,"type":"if","locations":[{"start":{"line":36,"column":32},"end":{"line":36,"column":32}},{"start":{"line":36,"column":32},"end":{"line":36,"column":32}}]}}},"contracts/ClaimRegistry.sol":{"l":{"68":11,"69":11,"70":11,"71":11,"89":6,"91":6,"107":6,"108":6,"109":6,"111":6,"120":3,"121":3,"122":3,"124":3,"125":3,"127":3,"136":2,"137":2,"138":2,"140":2,"141":2,"143":2,"152":1,"153":1,"154":1,"156":1,"157":1,"159":1,"168":1,"169":1,"171":1,"172":1,"173":1,"175":1,"184":1,"185":1,"199":0,"200":0,"201":0,"202":0,"205":0,"206":0,"208":0,"216":0,"217":0,"224":0,"231":0},"path":"/Users/ygorfrancisco/brics-protocol/contracts/ClaimRegistry.sol","s":{"1":11,"2":11,"3":11,"4":11,"5":6,"6":3,"7":3,"8":3,"9":3,"10":2,"11":2,"12":2,"13":2,"14":1,"15":1,"16":1,"17":1,"18":1,"19":1,"20":1,"21":1,"22":0,"23":0,"24":0,"25":0,"26":0,"27":0,"28":0,"29":0,"30":0,"31":0,"32":0,"33":0,"34":0,"35":0,"36":0,"37":0},"b":{"1":[6,1],"2":[3,0],"3":[0,3],"4":[0,0],"5":[0,3],"6":[2,0],"7":[0,2],"8":[0,0],"9":[0,2],"10":[1,0],"11":[0,1],"12":[0,0],"13":[0,1],"14":[1,0],"15":[0,1],"16":[0,0],"17":[1,0],"18":[0,0],"19":[0,0],"20":[0,0],"21":[0,0],"22":[0,0],"23":[0,0],"24":[0,0]},"f":{"1":11,"2":6,"3":3,"4":2,"5":1,"6":1,"7":1,"8":0,"9":0,"10":0,"11":0},"fnMap":{"1":{"name":"constructor","line":67,"loc":{"start":{"line":67,"column":4},"end":{"line":72,"column":4}}},"2":{"name":"triggerClaim","line":88,"loc":{"start":{"line":82,"column":4},"end":{"line":112,"column":4}}},"3":{"name":"serveNotice","line":119,"loc":{"start":{"line":119,"column":4},"end":{"line":128,"column":4}}},"4":{"name":"recordAcknowledgment","line":135,"loc":{"start":{"line":135,"column":4},"end":{"line":144,"column":4}}},"5":{"name":"schedulePayment","line":151,"loc":{"start":{"line":151,"column":4},"end":{"line":160,"column":4}}},"6":{"name":"recordSettlement","line":167,"loc":{"start":{"line":167,"column":4},"end":{"line":176,"column":4}}},"7":{"name":"confirmSovereignGuarantee","line":183,"loc":{"start":{"line":183,"column":4},"end":{"line":186,"column":4}}},"8":{"name":"canExpandTier2","line":194,"loc":{"start":{"line":194,"column":4},"end":{"line":209,"column":4}}},"9":{"name":"getClaim","line":215,"loc":{"start":{"line":215,"column":4},"end":{"line":218,"column":4}}},"10":{"name":"getActiveClaimCount","line":223,"loc":{"start":{"line":223,"column":4},"end":{"line":225,"column":4}}},"11":{"name":"isSovereignGuaranteeAvailable","line":230,"loc":{"start":{"line":230,"column":4},"end":{"line":232,"column":4}}}},"statementMap":{"1":{"start":{"line":68,"column":8},"end":{"line":68,"column":42}},"2":{"start":{"line":69,"column":8},"end":{"line":69,"column":32}},"3":{"start":{"line":70,"column":8},"end":{"line":70,"column":32}},"4":{"start":{"line":71,"column":8},"end":{"line":71,"column":32}},"5":{"start":{"line":111,"column":8},"end":{"line":111,"column":67}},"6":{"start":{"line":120,"column":8},"end":{"line":120,"column":52}},"7":{"start":{"line":121,"column":8},"end":{"line":121,"column":77}},"8":{"start":{"line":122,"column":8},"end":{"line":122,"column":58}},"9":{"start":{"line":127,"column":8},"end":{"line":127,"column":84}},"10":{"start":{"line":136,"column":8},"end":{"line":136,"column":52}},"11":{"start":{"line":137,"column":8},"end":{"line":137,"column":77}},"12":{"start":{"line":138,"column":8},"end":{"line":138,"column":58}},"13":{"start":{"line":143,"column":8},"end":{"line":143,"column":58}},"14":{"start":{"line":152,"column":8},"end":{"line":152,"column":52}},"15":{"start":{"line":153,"column":8},"end":{"line":153,"column":77}},"16":{"start":{"line":154,"column":8},"end":{"line":154,"column":66}},"17":{"start":{"line":159,"column":8},"end":{"line":159,"column":63}},"18":{"start":{"line":168,"column":8},"end":{"line":168,"column":52}},"19":{"start":{"line":169,"column":8},"end":{"line":169,"column":77}},"20":{"start":{"line":175,"column":8},"end":{"line":175,"column":70}},"21":{"start":{"line":185,"column":8},"end":{"line":185,"column":59}},"22":{"start":{"line":199,"column":8},"end":{"line":199,"column":52}},"23":{"start":{"line":200,"column":8},"end":{"line":200,"column":60}},"24":{"start":{"line":200,"column":48},"end":{"line":200,"column":60}},"25":{"start":{"line":201,"column":8},"end":{"line":201,"column":45}},"26":{"start":{"line":201,"column":33},"end":{"line":201,"column":45}},"27":{"start":{"line":202,"column":8},"end":{"line":202,"column":93}},"28":{"start":{"line":202,"column":81},"end":{"line":202,"column":93}},"29":{"start":{"line":205,"column":8},"end":{"line":205,"column":80}},"30":{"start":{"line":205,"column":68},"end":{"line":205,"column":80}},"31":{"start":{"line":206,"column":8},"end":{"line":206,"column":63}},"32":{"start":{"line":206,"column":51},"end":{"line":206,"column":63}},"33":{"start":{"line":208,"column":8},"end":{"line":208,"column":19}},"34":{"start":{"line":216,"column":8},"end":{"line":216,"column":98}},"35":{"start":{"line":217,"column":8},"end":{"line":217,"column":30}},"36":{"start":{"line":224,"column":8},"end":{"line":224,"column":31}},"37":{"start":{"line":231,"column":8},"end":{"line":231,"column":66}}},"branchMap":{"1":{"line":88,"type":"if","locations":[{"start":{"line":88,"column":15},"end":{"line":88,"column":15}},{"start":{"line":88,"column":15},"end":{"line":88,"column":15}}]},"2":{"line":119,"type":"if","locations":[{"start":{"line":119,"column":72},"end":{"line":119,"column":72}},{"start":{"line":119,"column":72},"end":{"line":119,"column":72}}]},"3":{"line":121,"type":"if","locations":[{"start":{"line":121,"column":8},"end":{"line":121,"column":8}},{"start":{"line":121,"column":8},"end":{"line":121,"column":8}}]},"4":{"line":121,"type":"cond-expr","locations":[{"start":{"line":121,"column":12},"end":{"line":121,"column":26}},{"start":{"line":121,"column":31},"end":{"line":121,"column":45}}]},"5":{"line":122,"type":"if","locations":[{"start":{"line":122,"column":8},"end":{"line":122,"column":8}},{"start":{"line":122,"column":8},"end":{"line":122,"column":8}}]},"6":{"line":135,"type":"if","locations":[{"start":{"line":135,"column":83},"end":{"line":135,"column":83}},{"start":{"line":135,"column":83},"end":{"line":135,"column":83}}]},"7":{"line":137,"type":"if","locations":[{"start":{"line":137,"column":8},"end":{"line":137,"column":8}},{"start":{"line":137,"column":8},"end":{"line":137,"column":8}}]},"8":{"line":137,"type":"cond-expr","locations":[{"start":{"line":137,"column":12},"end":{"line":137,"column":26}},{"start":{"line":137,"column":31},"end":{"line":137,"column":45}}]},"9":{"line":138,"type":"if","locations":[{"start":{"line":138,"column":8},"end":{"line":138,"column":8}},{"start":{"line":138,"column":8},"end":{"line":138,"column":8}}]},"10":{"line":151,"type":"if","locations":[{"start":{"line":151,"column":71},"end":{"line":151,"column":71}},{"start":{"line":151,"column":71},"end":{"line":151,"column":71}}]},"11":{"line":153,"type":"if","locations":[{"start":{"line":153,"column":8},"end":{"line":153,"column":8}},{"start":{"line":153,"column":8},"end":{"line":153,"column":8}}]},"12":{"line":153,"type":"cond-expr","locations":[{"start":{"line":153,"column":12},"end":{"line":153,"column":26}},{"start":{"line":153,"column":31},"end":{"line":153,"column":45}}]},"13":{"line":154,"type":"if","locations":[{"start":{"line":154,"column":8},"end":{"line":154,"column":8}},{"start":{"line":154,"column":8},"end":{"line":154,"column":8}}]},"14":{"line":167,"type":"if","locations":[{"start":{"line":167,"column":72},"end":{"line":167,"column":72}},{"start":{"line":167,"column":72},"end":{"line":167,"column":72}}]},"15":{"line":169,"type":"if","locations":[{"start":{"line":169,"column":8},"end":{"line":169,"column":8}},{"start":{"line":169,"column":8},"end":{"line":169,"column":8}}]},"16":{"line":169,"type":"cond-expr","locations":[{"start":{"line":169,"column":12},"end":{"line":169,"column":26}},{"start":{"line":169,"column":31},"end":{"line":169,"column":45}}]},"17":{"line":183,"type":"if","locations":[{"start":{"line":183,"column":88},"end":{"line":183,"column":88}},{"start":{"line":183,"column":88},"end":{"line":183,"column":88}}]},"18":{"line":200,"type":"if","locations":[{"start":{"line":200,"column":8},"end":{"line":200,"column":8}},{"start":{"line":200,"column":8},"end":{"line":200,"column":8}}]},"19":{"line":200,"type":"cond-expr","locations":[{"start":{"line":200,"column":12},"end":{"line":200,"column":26}},{"start":{"line":200,"column":31},"end":{"line":200,"column":45}}]},"20":{"line":201,"type":"if","locations":[{"start":{"line":201,"column":8},"end":{"line":201,"column":8}},{"start":{"line":201,"column":8},"end":{"line":201,"column":8}}]},"21":{"line":202,"type":"if","locations":[{"start":{"line":202,"column":8},"end":{"line":202,"column":8}},{"start":{"line":202,"column":8},"end":{"line":202,"column":8}}]},"22":{"line":205,"type":"if","locations":[{"start":{"line":205,"column":8},"end":{"line":205,"column":8}},{"start":{"line":205,"column":8},"end":{"line":205,"column":8}}]},"23":{"line":206,"type":"if","locations":[{"start":{"line":206,"column":8},"end":{"line":206,"column":8}},{"start":{"line":206,"column":8},"end":{"line":206,"column":8}}]},"24":{"line":216,"type":"if","locations":[{"start":{"line":216,"column":8},"end":{"line":216,"column":8}},{"start":{"line":216,"column":8},"end":{"line":216,"column":8}}]}}},"contracts/ConfigRegistry.sol":{"l":{"111":110,"112":110,"114":110,"120":110,"126":110,"132":110,"142":2,"143":2,"144":2,"147":2,"148":2,"149":2,"152":2,"153":2,"154":2,"157":2,"158":2,"159":2,"164":5,"165":4,"166":4,"169":5,"170":4,"171":4,"174":5,"175":4,"176":4,"179":5,"180":4,"181":4,"184":0,"185":0,"186":0,"191":3,"192":2,"193":2,"194":2,"197":2,"198":2,"199":2,"200":2,"201":2,"210":21,"211":20,"212":19,"213":16,"220":16,"221":16,"225":2,"226":2,"227":2,"228":2,"229":2,"230":2,"231":2,"232":2,"236":2,"237":2,"238":2,"242":4,"243":3,"250":2,"251":2,"252":2,"255":1,"256":1,"260":1,"261":3,"262":3,"263":3,"264":2,"265":2,"272":17,"274":11,"275":11,"278":3,"279":3,"282":3,"283":3,"286":0,"287":0,"299":6,"305":0,"310":0,"314":0,"315":0,"316":0,"317":0,"322":0,"326":0,"330":0,"331":0,"332":0,"333":0,"334":0,"339":0,"343":0,"347":0,"348":0,"349":0,"350":0,"354":0,"355":0,"365":0,"366":0,"368":0,"378":0,"381":0,"387":0,"390":0,"391":0,"394":0,"404":0,"405":0,"416":0,"417":0,"418":0,"419":0,"424":0,"428":0,"429":0,"430":0,"431":0,"436":0,"437":0,"439":0,"440":0,"441":0,"443":0,"447":0,"448":0,"450":0,"451":0,"453":0,"457":0,"461":0},"path":"/Users/ygorfrancisco/brics-protocol/contracts/ConfigRegistry.sol","s":{"1":110,"2":110,"3":2,"4":2,"5":2,"6":2,"7":2,"8":2,"9":2,"10":2,"11":5,"12":4,"13":5,"14":4,"15":5,"16":4,"17":5,"18":4,"19":0,"20":0,"21":3,"22":2,"23":2,"24":2,"25":2,"26":2,"27":2,"28":0,"29":0,"30":0,"31":0,"32":21,"33":20,"34":19,"35":16,"36":16,"37":2,"38":2,"39":2,"40":2,"41":2,"42":2,"43":4,"44":3,"45":1,"46":2,"47":2,"48":2,"49":1,"50":1,"51":3,"52":3,"53":3,"54":2,"55":17,"56":6,"57":3,"58":6,"59":0,"60":0,"61":0,"62":0,"63":0,"64":0,"65":0,"66":0,"67":0,"68":0,"69":0,"70":0,"71":0,"72":0,"73":0,"74":0,"75":0,"76":0,"77":0,"78":0,"79":0,"80":0,"81":0,"82":0,"83":0,"84":0,"85":0,"86":0,"87":0,"88":0,"89":0,"90":0,"91":0,"92":0,"93":0,"94":0,"95":0,"96":0,"97":0},"b":{"1":[2,1],"2":[0,2],"3":[2,1],"4":[0,2],"5":[2,1],"6":[0,2],"7":[2,1],"8":[0,2],"9":[5,1],"10":[1,4],"11":[5,1],"12":[1,4],"13":[5,1],"14":[1,4],"15":[5,1],"16":[1,4],"17":[0,0],"18":[0,0],"19":[1,2],"20":[0,2],"21":[2,1],"22":[0,2],"23":[0,2],"24":[0,2],"25":[0,0],"26":[21,1],"27":[1,20],"28":[1,19],"29":[3,16],"30":[1,1],"31":[1,1],"32":[2,0],"33":[0,2],"34":[0,2],"35":[0,0],"36":[0,0],"37":[2,0],"38":[0,2],"39":[1,3],"40":[0,2],"41":[1,1],"42":[2,1],"43":[11,6],"44":[3,3],"45":[3,0],"46":[0,0],"47":[0,0],"48":[0,0],"49":[0,0],"50":[0,0],"51":[0,0],"52":[0,0],"53":[0,0],"54":[0,0],"55":[0,0],"56":[0,0],"57":[0,0],"58":[0,0],"59":[0,0],"60":[0,0],"61":[0,0],"62":[0,0],"63":[0,0],"64":[0,0],"65":[0,0],"66":[0,0],"67":[0,0],"68":[0,0],"69":[0,0]},"f":{"1":110,"2":2,"3":2,"4":2,"5":2,"6":5,"7":5,"8":5,"9":5,"10":0,"11":3,"12":2,"13":0,"14":0,"15":0,"16":0,"17":21,"18":2,"19":2,"20":4,"21":1,"22":2,"23":1,"24":17,"25":6,"26":0,"27":0,"28":0,"29":0,"30":0,"31":0,"32":0,"33":0,"34":0,"35":0,"36":0,"37":0,"38":0,"39":0,"40":0,"41":0,"42":0,"43":0,"44":0,"45":0},"fnMap":{"1":{"name":"constructor","line":110,"loc":{"start":{"line":110,"column":4},"end":{"line":138,"column":4}}},"2":{"name":"setMaxTailCorrPpm","line":141,"loc":{"start":{"line":141,"column":4},"end":{"line":145,"column":4}}},"3":{"name":"setMaxSovUtilBps","line":146,"loc":{"start":{"line":146,"column":4},"end":{"line":150,"column":4}}},"4":{"name":"setRedeemCapBps","line":151,"loc":{"start":{"line":151,"column":4},"end":{"line":155,"column":4}}},"5":{"name":"setInstantBufferBps","line":156,"loc":{"start":{"line":156,"column":4},"end":{"line":160,"column":4}}},"6":{"name":"setTradeFeeBps","line":163,"loc":{"start":{"line":163,"column":4},"end":{"line":167,"column":4}}},"7":{"name":"setPmmCurveK_bps","line":168,"loc":{"start":{"line":168,"column":4},"end":{"line":172,"column":4}}},"8":{"name":"setPmmTheta_bps","line":173,"loc":{"start":{"line":173,"column":4},"end":{"line":177,"column":4}}},"9":{"name":"setMaxBoundBps","line":178,"loc":{"start":{"line":178,"column":4},"end":{"line":182,"column":4}}},"10":{"name":"setIssuanceCapBufferBps","line":183,"loc":{"start":{"line":183,"column":4},"end":{"line":187,"column":4}}},"11":{"name":"setEmergencyLevel","line":190,"loc":{"start":{"line":190,"column":4},"end":{"line":195,"column":4}}},"12":{"name":"setEmergencyParams","line":196,"loc":{"start":{"line":196,"column":4},"end":{"line":202,"column":4}}},"13":{"name":"getCurrentParams","line":203,"loc":{"start":{"line":203,"column":4},"end":{"line":203,"column":121}}},"14":{"name":"currentMaxIssuanceRateBps","line":204,"loc":{"start":{"line":204,"column":4},"end":{"line":204,"column":134}}},"15":{"name":"currentAmmMaxSlippageBps","line":205,"loc":{"start":{"line":205,"column":4},"end":{"line":205,"column":132}}},"16":{"name":"currentMaxDetachmentBps","line":206,"loc":{"start":{"line":206,"column":4},"end":{"line":206,"column":129}}},"17":{"name":"addSovereign","line":209,"loc":{"start":{"line":209,"column":4},"end":{"line":222,"column":4}}},"18":{"name":"updateSovereign","line":224,"loc":{"start":{"line":224,"column":4},"end":{"line":233,"column":4}}},"19":{"name":"setSovereignEnabled","line":235,"loc":{"start":{"line":235,"column":4},"end":{"line":239,"column":4}}},"20":{"name":"getSovereign","line":241,"loc":{"start":{"line":241,"column":4},"end":{"line":244,"column":4}}},"21":{"name":"sovereigns","line":246,"loc":{"start":{"line":246,"column":4},"end":{"line":246,"column":91}}},"22":{"name":"getEffectiveCapacity","line":249,"loc":{"start":{"line":249,"column":4},"end":{"line":257,"column":4}}},"23":{"name":"getTotalEffectiveCapacity","line":259,"loc":{"start":{"line":259,"column":4},"end":{"line":268,"column":4}}},"24":{"name":"getBoundsForLevel","line":271,"loc":{"start":{"line":271,"column":4},"end":{"line":289,"column":4}}},"25":{"name":"getEconomics","line":293,"loc":{"start":{"line":293,"column":4},"end":{"line":300,"column":4}}},"26":{"name":"getMaxIssuable","line":303,"loc":{"start":{"line":303,"column":4},"end":{"line":306,"column":4}}},"27":{"name":"trancheRiskAdjOverrideBps","line":309,"loc":{"start":{"line":309,"column":4},"end":{"line":311,"column":4}}},"28":{"name":"setTrancheRiskAdjOverrideBps","line":313,"loc":{"start":{"line":313,"column":4},"end":{"line":318,"column":4}}},"29":{"name":"trancheRiskFloorBps","line":321,"loc":{"start":{"line":321,"column":4},"end":{"line":323,"column":4}}},"30":{"name":"trancheRiskCeilBps","line":325,"loc":{"start":{"line":325,"column":4},"end":{"line":327,"column":4}}},"31":{"name":"setTrancheRiskBands","line":329,"loc":{"start":{"line":329,"column":4},"end":{"line":335,"column":4}}},"32":{"name":"trancheRollingEnabled","line":338,"loc":{"start":{"line":338,"column":4},"end":{"line":340,"column":4}}},"33":{"name":"trancheRollingWindowDays","line":342,"loc":{"start":{"line":342,"column":4},"end":{"line":344,"column":4}}},"34":{"name":"setTrancheRollingWindow","line":346,"loc":{"start":{"line":346,"column":4},"end":{"line":351,"column":4}}},"35":{"name":"setTrancheRollingEnabled","line":353,"loc":{"start":{"line":353,"column":4},"end":{"line":356,"column":4}}},"36":{"name":"recordTrancheRiskPoint","line":364,"loc":{"start":{"line":364,"column":4},"end":{"line":369,"column":4}}},"37":{"name":"_appendRollingPoint","line":377,"loc":{"start":{"line":377,"column":4},"end":{"line":395,"column":4}}},"38":{"name":"rollingHead","line":403,"loc":{"start":{"line":403,"column":4},"end":{"line":406,"column":4}}},"39":{"name":"getRollingDataPoint","line":415,"loc":{"start":{"line":415,"column":4},"end":{"line":420,"column":4}}},"40":{"name":"trancheBaseApyOverrideBps","line":423,"loc":{"start":{"line":423,"column":4},"end":{"line":425,"column":4}}},"41":{"name":"setTrancheBaseApyOverrideBps","line":427,"loc":{"start":{"line":427,"column":4},"end":{"line":432,"column":4}}},"42":{"name":"setRedemptionWeights","line":435,"loc":{"start":{"line":435,"column":4},"end":{"line":444,"column":4}}},"43":{"name":"setRedemptionThresholds","line":446,"loc":{"start":{"line":446,"column":4},"end":{"line":454,"column":4}}},"44":{"name":"getRedemptionWeights","line":456,"loc":{"start":{"line":456,"column":4},"end":{"line":458,"column":4}}},"45":{"name":"getRedemptionThresholds","line":460,"loc":{"start":{"line":460,"column":4},"end":{"line":462,"column":4}}}},"statementMap":{"1":{"start":{"line":111,"column":8},"end":{"line":111,"column":42}},"2":{"start":{"line":112,"column":8},"end":{"line":112,"column":32}},"3":{"start":{"line":142,"column":8},"end":{"line":142,"column":48}},"4":{"start":{"line":144,"column":8},"end":{"line":144,"column":32}},"5":{"start":{"line":147,"column":8},"end":{"line":147,"column":38}},"6":{"start":{"line":149,"column":8},"end":{"line":149,"column":31}},"7":{"start":{"line":152,"column":8},"end":{"line":152,"column":38}},"8":{"start":{"line":154,"column":8},"end":{"line":154,"column":31}},"9":{"start":{"line":157,"column":8},"end":{"line":157,"column":38}},"10":{"start":{"line":159,"column":8},"end":{"line":159,"column":31}},"11":{"start":{"line":164,"column":8},"end":{"line":164,"column":38}},"12":{"start":{"line":166,"column":8},"end":{"line":166,"column":33}},"13":{"start":{"line":169,"column":8},"end":{"line":169,"column":38}},"14":{"start":{"line":171,"column":8},"end":{"line":171,"column":33}},"15":{"start":{"line":174,"column":8},"end":{"line":174,"column":38}},"16":{"start":{"line":176,"column":8},"end":{"line":176,"column":37}},"17":{"start":{"line":179,"column":8},"end":{"line":179,"column":38}},"18":{"start":{"line":181,"column":8},"end":{"line":181,"column":37}},"19":{"start":{"line":184,"column":8},"end":{"line":184,"column":38}},"20":{"start":{"line":186,"column":8},"end":{"line":186,"column":43}},"21":{"start":{"line":191,"column":8},"end":{"line":191,"column":100}},"22":{"start":{"line":192,"column":8},"end":{"line":192,"column":68}},"23":{"start":{"line":194,"column":8},"end":{"line":194,"column":45}},"24":{"start":{"line":197,"column":8},"end":{"line":197,"column":68}},"25":{"start":{"line":198,"column":8},"end":{"line":198,"column":64}},"26":{"start":{"line":199,"column":8},"end":{"line":199,"column":97}},"27":{"start":{"line":201,"column":8},"end":{"line":201,"column":46}},"28":{"start":{"line":203,"column":81},"end":{"line":203,"column":119}},"29":{"start":{"line":204,"column":75},"end":{"line":204,"column":132}},"30":{"start":{"line":205,"column":74},"end":{"line":205,"column":130}},"31":{"start":{"line":206,"column":72},"end":{"line":206,"column":127}},"32":{"start":{"line":210,"column":8},"end":{"line":210,"column":49}},"33":{"start":{"line":211,"column":8},"end":{"line":211,"column":64}},"34":{"start":{"line":212,"column":8},"end":{"line":212,"column":92}},"35":{"start":{"line":220,"column":8},"end":{"line":220,"column":31}},"36":{"start":{"line":221,"column":8},"end":{"line":221,"column":77}},"37":{"start":{"line":225,"column":8},"end":{"line":225,"column":66}},"38":{"start":{"line":226,"column":8},"end":{"line":226,"column":92}},"39":{"start":{"line":227,"column":8},"end":{"line":227,"column":48}},"40":{"start":{"line":232,"column":8},"end":{"line":232,"column":79}},"41":{"start":{"line":236,"column":8},"end":{"line":236,"column":66}},"42":{"start":{"line":238,"column":8},"end":{"line":238,"column":44}},"43":{"start":{"line":242,"column":8},"end":{"line":242,"column":66}},"44":{"start":{"line":243,"column":8},"end":{"line":243,"column":30}},"45":{"start":{"line":246,"column":69},"end":{"line":246,"column":89}},"46":{"start":{"line":250,"column":8},"end":{"line":250,"column":84}},"47":{"start":{"line":251,"column":8},"end":{"line":251,"column":58}},"48":{"start":{"line":252,"column":8},"end":{"line":252,"column":43}},"49":{"start":{"line":252,"column":26},"end":{"line":252,"column":43}},"50":{"start":{"line":260,"column":8},"end":{"line":260,"column":11597}},"51":{"start":{"line":261,"column":12},"end":{"line":261,"column":43}},"52":{"start":{"line":262,"column":12},"end":{"line":262,"column":53}},"53":{"start":{"line":263,"column":12},"end":{"line":263,"column":11766}},"54":{"start":{"line":264,"column":16},"end":{"line":264,"column":88}},"55":{"start":{"line":272,"column":8},"end":{"line":272,"column":12123}},"56":{"start":{"line":276,"column":15},"end":{"line":276,"column":12248}},"57":{"start":{"line":280,"column":15},"end":{"line":280,"column":12372}},"58":{"start":{"line":299,"column":8},"end":{"line":299,"column":70}},"59":{"start":{"line":310,"column":8},"end":{"line":310,"column":52}},"60":{"start":{"line":314,"column":8},"end":{"line":314,"column":51}},"61":{"start":{"line":315,"column":8},"end":{"line":315,"column":61}},"62":{"start":{"line":317,"column":8},"end":{"line":317,"column":62}},"63":{"start":{"line":322,"column":8},"end":{"line":322,"column":46}},"64":{"start":{"line":326,"column":8},"end":{"line":326,"column":45}},"65":{"start":{"line":330,"column":8},"end":{"line":330,"column":49}},"66":{"start":{"line":331,"column":8},"end":{"line":331,"column":52}},"67":{"start":{"line":334,"column":8},"end":{"line":334,"column":62}},"68":{"start":{"line":339,"column":8},"end":{"line":339,"column":48}},"69":{"start":{"line":343,"column":8},"end":{"line":343,"column":51}},"70":{"start":{"line":347,"column":8},"end":{"line":347,"column":65}},"71":{"start":{"line":348,"column":8},"end":{"line":348,"column":63}},"72":{"start":{"line":350,"column":8},"end":{"line":350,"column":70}},"73":{"start":{"line":355,"column":8},"end":{"line":355,"column":57}},"74":{"start":{"line":365,"column":8},"end":{"line":365,"column":65}},"75":{"start":{"line":366,"column":8},"end":{"line":366,"column":55}},"76":{"start":{"line":368,"column":8},"end":{"line":368,"column":60}},"77":{"start":{"line":378,"column":8},"end":{"line":378,"column":63}},"78":{"start":{"line":390,"column":8},"end":{"line":390,"column":16984}},"79":{"start":{"line":394,"column":8},"end":{"line":394,"column":74}},"80":{"start":{"line":404,"column":8},"end":{"line":404,"column":63}},"81":{"start":{"line":405,"column":8},"end":{"line":405,"column":37}},"82":{"start":{"line":416,"column":8},"end":{"line":416,"column":53}},"83":{"start":{"line":417,"column":8},"end":{"line":417,"column":63}},"84":{"start":{"line":418,"column":8},"end":{"line":418,"column":50}},"85":{"start":{"line":419,"column":8},"end":{"line":419,"column":50}},"86":{"start":{"line":424,"column":8},"end":{"line":424,"column":52}},"87":{"start":{"line":428,"column":8},"end":{"line":428,"column":45}},"88":{"start":{"line":429,"column":8},"end":{"line":429,"column":61}},"89":{"start":{"line":431,"column":8},"end":{"line":431,"column":65}},"90":{"start":{"line":436,"column":8},"end":{"line":436,"column":101}},"91":{"start":{"line":437,"column":8},"end":{"line":437,"column":83}},"92":{"start":{"line":443,"column":8},"end":{"line":443,"column":77}},"93":{"start":{"line":447,"column":8},"end":{"line":447,"column":47}},"94":{"start":{"line":448,"column":8},"end":{"line":448,"column":54}},"95":{"start":{"line":453,"column":8},"end":{"line":453,"column":63}},"96":{"start":{"line":457,"column":8},"end":{"line":457,"column":89}},"97":{"start":{"line":461,"column":8},"end":{"line":461,"column":55}}},"branchMap":{"1":{"line":141,"type":"if","locations":[{"start":{"line":141,"column":51},"end":{"line":141,"column":51}},{"start":{"line":141,"column":51},"end":{"line":141,"column":51}}]},"2":{"line":142,"type":"if","locations":[{"start":{"line":142,"column":8},"end":{"line":142,"column":8}},{"start":{"line":142,"column":8},"end":{"line":142,"column":8}}]},"3":{"line":146,"type":"if","locations":[{"start":{"line":146,"column":51},"end":{"line":146,"column":51}},{"start":{"line":146,"column":51},"end":{"line":146,"column":51}}]},"4":{"line":147,"type":"if","locations":[{"start":{"line":147,"column":8},"end":{"line":147,"column":8}},{"start":{"line":147,"column":8},"end":{"line":147,"column":8}}]},"5":{"line":151,"type":"if","locations":[{"start":{"line":151,"column":51},"end":{"line":151,"column":51}},{"start":{"line":151,"column":51},"end":{"line":151,"column":51}}]},"6":{"line":152,"type":"if","locations":[{"start":{"line":152,"column":8},"end":{"line":152,"column":8}},{"start":{"line":152,"column":8},"end":{"line":152,"column":8}}]},"7":{"line":156,"type":"if","locations":[{"start":{"line":156,"column":53},"end":{"line":156,"column":53}},{"start":{"line":156,"column":53},"end":{"line":156,"column":53}}]},"8":{"line":157,"type":"if","locations":[{"start":{"line":157,"column":8},"end":{"line":157,"column":8}},{"start":{"line":157,"column":8},"end":{"line":157,"column":8}}]},"9":{"line":163,"type":"if","locations":[{"start":{"line":163,"column":48},"end":{"line":163,"column":48}},{"start":{"line":163,"column":48},"end":{"line":163,"column":48}}]},"10":{"line":164,"type":"if","locations":[{"start":{"line":164,"column":8},"end":{"line":164,"column":8}},{"start":{"line":164,"column":8},"end":{"line":164,"column":8}}]},"11":{"line":168,"type":"if","locations":[{"start":{"line":168,"column":50},"end":{"line":168,"column":50}},{"start":{"line":168,"column":50},"end":{"line":168,"column":50}}]},"12":{"line":169,"type":"if","locations":[{"start":{"line":169,"column":8},"end":{"line":169,"column":8}},{"start":{"line":169,"column":8},"end":{"line":169,"column":8}}]},"13":{"line":173,"type":"if","locations":[{"start":{"line":173,"column":49},"end":{"line":173,"column":49}},{"start":{"line":173,"column":49},"end":{"line":173,"column":49}}]},"14":{"line":174,"type":"if","locations":[{"start":{"line":174,"column":8},"end":{"line":174,"column":8}},{"start":{"line":174,"column":8},"end":{"line":174,"column":8}}]},"15":{"line":178,"type":"if","locations":[{"start":{"line":178,"column":48},"end":{"line":178,"column":48}},{"start":{"line":178,"column":48},"end":{"line":178,"column":48}}]},"16":{"line":179,"type":"if","locations":[{"start":{"line":179,"column":8},"end":{"line":179,"column":8}},{"start":{"line":179,"column":8},"end":{"line":179,"column":8}}]},"17":{"line":183,"type":"if","locations":[{"start":{"line":183,"column":57},"end":{"line":183,"column":57}},{"start":{"line":183,"column":57},"end":{"line":183,"column":57}}]},"18":{"line":184,"type":"if","locations":[{"start":{"line":184,"column":8},"end":{"line":184,"column":8}},{"start":{"line":184,"column":8},"end":{"line":184,"column":8}}]},"19":{"line":191,"type":"if","locations":[{"start":{"line":191,"column":8},"end":{"line":191,"column":8}},{"start":{"line":191,"column":8},"end":{"line":191,"column":8}}]},"20":{"line":192,"type":"if","locations":[{"start":{"line":192,"column":8},"end":{"line":192,"column":8}},{"start":{"line":192,"column":8},"end":{"line":192,"column":8}}]},"21":{"line":196,"type":"if","locations":[{"start":{"line":196,"column":87},"end":{"line":196,"column":87}},{"start":{"line":196,"column":87},"end":{"line":196,"column":87}}]},"22":{"line":197,"type":"if","locations":[{"start":{"line":197,"column":8},"end":{"line":197,"column":8}},{"start":{"line":197,"column":8},"end":{"line":197,"column":8}}]},"23":{"line":198,"type":"if","locations":[{"start":{"line":198,"column":8},"end":{"line":198,"column":8}},{"start":{"line":198,"column":8},"end":{"line":198,"column":8}}]},"24":{"line":199,"type":"if","locations":[{"start":{"line":199,"column":8},"end":{"line":199,"column":8}},{"start":{"line":199,"column":8},"end":{"line":199,"column":8}}]},"25":{"line":199,"type":"cond-expr","locations":[{"start":{"line":199,"column":12},"end":{"line":199,"column":42}},{"start":{"line":199,"column":47},"end":{"line":199,"column":77}}]},"26":{"line":209,"type":"if","locations":[{"start":{"line":209,"column":122},"end":{"line":209,"column":122}},{"start":{"line":209,"column":122},"end":{"line":209,"column":122}}]},"27":{"line":210,"type":"if","locations":[{"start":{"line":210,"column":8},"end":{"line":210,"column":8}},{"start":{"line":210,"column":8},"end":{"line":210,"column":8}}]},"28":{"line":211,"type":"if","locations":[{"start":{"line":211,"column":8},"end":{"line":211,"column":8}},{"start":{"line":211,"column":8},"end":{"line":211,"column":8}}]},"29":{"line":212,"type":"if","locations":[{"start":{"line":212,"column":8},"end":{"line":212,"column":8}},{"start":{"line":212,"column":8},"end":{"line":212,"column":8}}]},"30":{"line":212,"type":"cond-expr","locations":[{"start":{"line":212,"column":12},"end":{"line":212,"column":29}},{"start":{"line":212,"column":34},"end":{"line":212,"column":51}}]},"31":{"line":212,"type":"cond-expr","locations":[{"start":{"line":212,"column":12},"end":{"line":212,"column":51}},{"start":{"line":212,"column":56},"end":{"line":212,"column":72}}]},"32":{"line":224,"type":"if","locations":[{"start":{"line":224,"column":125},"end":{"line":224,"column":125}},{"start":{"line":224,"column":125},"end":{"line":224,"column":125}}]},"33":{"line":225,"type":"if","locations":[{"start":{"line":225,"column":8},"end":{"line":225,"column":8}},{"start":{"line":225,"column":8},"end":{"line":225,"column":8}}]},"34":{"line":226,"type":"if","locations":[{"start":{"line":226,"column":8},"end":{"line":226,"column":8}},{"start":{"line":226,"column":8},"end":{"line":226,"column":8}}]},"35":{"line":226,"type":"cond-expr","locations":[{"start":{"line":226,"column":12},"end":{"line":226,"column":29}},{"start":{"line":226,"column":34},"end":{"line":226,"column":51}}]},"36":{"line":226,"type":"cond-expr","locations":[{"start":{"line":226,"column":12},"end":{"line":226,"column":51}},{"start":{"line":226,"column":56},"end":{"line":226,"column":72}}]},"37":{"line":235,"type":"if","locations":[{"start":{"line":235,"column":70},"end":{"line":235,"column":70}},{"start":{"line":235,"column":70},"end":{"line":235,"column":70}}]},"38":{"line":236,"type":"if","locations":[{"start":{"line":236,"column":8},"end":{"line":236,"column":8}},{"start":{"line":236,"column":8},"end":{"line":236,"column":8}}]},"39":{"line":242,"type":"if","locations":[{"start":{"line":242,"column":8},"end":{"line":242,"column":8}},{"start":{"line":242,"column":8},"end":{"line":242,"column":8}}]},"40":{"line":250,"type":"if","locations":[{"start":{"line":250,"column":8},"end":{"line":250,"column":8}},{"start":{"line":250,"column":8},"end":{"line":250,"column":8}}]},"41":{"line":252,"type":"if","locations":[{"start":{"line":252,"column":8},"end":{"line":252,"column":8}},{"start":{"line":252,"column":8},"end":{"line":252,"column":8}}]},"42":{"line":263,"type":"if","locations":[{"start":{"line":263,"column":12},"end":{"line":263,"column":12}},{"start":{"line":263,"column":12},"end":{"line":263,"column":12}}]},"43":{"line":272,"type":"if","locations":[{"start":{"line":272,"column":8},"end":{"line":272,"column":8}},{"start":{"line":272,"column":8},"end":{"line":272,"column":8}}]},"44":{"line":276,"type":"if","locations":[{"start":{"line":276,"column":15},"end":{"line":276,"column":15}},{"start":{"line":276,"column":15},"end":{"line":276,"column":15}}]},"45":{"line":280,"type":"if","locations":[{"start":{"line":280,"column":15},"end":{"line":280,"column":15}},{"start":{"line":280,"column":15},"end":{"line":280,"column":15}}]},"46":{"line":313,"type":"if","locations":[{"start":{"line":313,"column":85},"end":{"line":313,"column":85}},{"start":{"line":313,"column":85},"end":{"line":313,"column":85}}]},"47":{"line":314,"type":"if","locations":[{"start":{"line":314,"column":8},"end":{"line":314,"column":8}},{"start":{"line":314,"column":8},"end":{"line":314,"column":8}}]},"48":{"line":329,"type":"if","locations":[{"start":{"line":329,"column":94},"end":{"line":329,"column":94}},{"start":{"line":329,"column":94},"end":{"line":329,"column":94}}]},"49":{"line":330,"type":"if","locations":[{"start":{"line":330,"column":8},"end":{"line":330,"column":8}},{"start":{"line":330,"column":8},"end":{"line":330,"column":8}}]},"50":{"line":331,"type":"if","locations":[{"start":{"line":331,"column":8},"end":{"line":331,"column":8}},{"start":{"line":331,"column":8},"end":{"line":331,"column":8}}]},"51":{"line":346,"type":"if","locations":[{"start":{"line":346,"column":84},"end":{"line":346,"column":84}},{"start":{"line":346,"column":84},"end":{"line":346,"column":84}}]},"52":{"line":347,"type":"if","locations":[{"start":{"line":347,"column":8},"end":{"line":347,"column":8}},{"start":{"line":347,"column":8},"end":{"line":347,"column":8}}]},"53":{"line":347,"type":"cond-expr","locations":[{"start":{"line":347,"column":12},"end":{"line":347,"column":26}},{"start":{"line":347,"column":31},"end":{"line":347,"column":45}}]},"54":{"line":353,"type":"if","locations":[{"start":{"line":353,"column":80},"end":{"line":353,"column":80}},{"start":{"line":353,"column":80},"end":{"line":353,"column":80}}]},"55":{"line":364,"type":"if","locations":[{"start":{"line":364,"column":101},"end":{"line":364,"column":101}},{"start":{"line":364,"column":101},"end":{"line":364,"column":101}}]},"56":{"line":365,"type":"if","locations":[{"start":{"line":365,"column":8},"end":{"line":365,"column":8}},{"start":{"line":365,"column":8},"end":{"line":365,"column":8}}]},"57":{"line":366,"type":"if","locations":[{"start":{"line":366,"column":8},"end":{"line":366,"column":8}},{"start":{"line":366,"column":8},"end":{"line":366,"column":8}}]},"58":{"line":390,"type":"if","locations":[{"start":{"line":390,"column":8},"end":{"line":390,"column":8}},{"start":{"line":390,"column":8},"end":{"line":390,"column":8}}]},"59":{"line":416,"type":"if","locations":[{"start":{"line":416,"column":8},"end":{"line":416,"column":8}},{"start":{"line":416,"column":8},"end":{"line":416,"column":8}}]},"60":{"line":427,"type":"if","locations":[{"start":{"line":427,"column":85},"end":{"line":427,"column":85}},{"start":{"line":427,"column":85},"end":{"line":427,"column":85}}]},"61":{"line":428,"type":"if","locations":[{"start":{"line":428,"column":8},"end":{"line":428,"column":8}},{"start":{"line":428,"column":8},"end":{"line":428,"column":8}}]},"62":{"line":435,"type":"if","locations":[{"start":{"line":435,"column":108},"end":{"line":435,"column":108}},{"start":{"line":435,"column":108},"end":{"line":435,"column":108}}]},"63":{"line":436,"type":"if","locations":[{"start":{"line":436,"column":8},"end":{"line":436,"column":8}},{"start":{"line":436,"column":8},"end":{"line":436,"column":8}}]},"64":{"line":436,"type":"cond-expr","locations":[{"start":{"line":436,"column":12},"end":{"line":436,"column":32}},{"start":{"line":436,"column":37},"end":{"line":436,"column":56}}]},"65":{"line":436,"type":"cond-expr","locations":[{"start":{"line":436,"column":12},"end":{"line":436,"column":56}},{"start":{"line":436,"column":61},"end":{"line":436,"column":81}}]},"66":{"line":437,"type":"if","locations":[{"start":{"line":437,"column":8},"end":{"line":437,"column":8}},{"start":{"line":437,"column":8},"end":{"line":437,"column":8}}]},"67":{"line":446,"type":"if","locations":[{"start":{"line":446,"column":87},"end":{"line":446,"column":87}},{"start":{"line":446,"column":87},"end":{"line":446,"column":87}}]},"68":{"line":447,"type":"if","locations":[{"start":{"line":447,"column":8},"end":{"line":447,"column":8}},{"start":{"line":447,"column":8},"end":{"line":447,"column":8}}]},"69":{"line":448,"type":"if","locations":[{"start":{"line":448,"column":8},"end":{"line":448,"column":8}},{"start":{"line":448,"column":8},"end":{"line":448,"column":8}}]}}},"contracts/InstantLane.sol":{"l":{"79":120,"80":120,"81":120,"82":120,"83":120,"84":120,"85":120,"88":120,"89":120,"90":120,"94":68,"98":79,"100":77,"101":72,"103":5,"108":35,"109":34,"110":32,"112":2,"117":51,"119":1,"120":1,"121":1,"123":0,"124":0,"127":0,"128":0,"132":50,"133":50,"134":50,"137":0,"138":0,"139":0,"141":0,"142":0,"144":0,"145":0,"154":44,"157":44,"161":44,"162":44,"163":44,"164":44,"165":44,"166":44,"167":44,"172":36,"177":5,"182":41,"184":38,"185":38,"188":35,"189":35,"190":35,"193":33,"196":33,"199":33,"200":33,"203":33,"205":5,"206":5,"209":4,"210":4,"212":4,"215":28,"216":28,"219":20,"220":20,"222":20,"226":24,"227":24,"228":24,"229":23,"230":23,"232":24,"233":24,"235":24,"245":18,"246":18,"247":18,"252":11,"256":4},"path":"/Users/ygorfrancisco/brics-protocol/contracts/InstantLane.sol","s":{"1":120,"2":120,"3":120,"4":68,"5":79,"6":2,"7":77,"8":35,"9":1,"10":34,"11":51,"12":1,"13":0,"14":50,"15":0,"16":0,"17":44,"18":44,"19":0,"20":44,"21":44,"22":36,"23":5,"24":41,"25":38,"26":38,"27":35,"28":35,"29":35,"30":33,"31":33,"32":33,"33":33,"34":33,"35":5,"36":4,"37":4,"38":28,"39":20,"40":20,"41":24,"42":24,"43":24,"44":24,"45":18,"46":18,"47":18,"48":11,"49":4},"b":{"1":[2,77],"2":[55,17],"3":[1,34],"4":[1,50],"5":[1,0],"6":[0,0],"7":[0,0],"8":[0,0],"9":[0,44],"10":[8,36],"11":[36,1],"12":[5,1],"13":[3,38],"14":[3,35],"15":[2,33],"16":[0,33],"17":[5,28],"18":[1,4],"19":[1,0],"20":[4,0],"21":[8,20],"22":[5,3],"23":[20,0],"24":[23,1],"25":[11,1],"26":[4,1]},"f":{"1":120,"2":68,"3":79,"4":35,"5":51,"6":44,"7":44,"8":36,"9":5,"10":41,"11":18,"12":11,"13":4},"fnMap":{"1":{"name":"constructor","line":69,"loc":{"start":{"line":69,"column":4},"end":{"line":91,"column":4}}},"2":{"name":"_utcDay","line":93,"loc":{"start":{"line":93,"column":4},"end":{"line":95,"column":4}}},"3":{"name":"_getOrDefault","line":97,"loc":{"start":{"line":97,"column":4},"end":{"line":105,"column":4}}},"4":{"name":"_emergencyLevel","line":107,"loc":{"start":{"line":107,"column":4},"end":{"line":114,"column":4}}},"5":{"name":"_boundsForLevel","line":116,"loc":{"start":{"line":116,"column":4},"end":{"line":149,"column":4}}},"6":{"name":"quoteUSDCForTokens","line":151,"loc":{"start":{"line":151,"column":4},"end":{"line":158,"column":4}}},"7":{"name":"canInstantRedeem","line":160,"loc":{"start":{"line":160,"column":4},"end":{"line":168,"column":4}}},"8":{"name":"instantRedeem","line":171,"loc":{"start":{"line":171,"column":4},"end":{"line":173,"column":4}}},"9":{"name":"instantRedeemFor","line":176,"loc":{"start":{"line":176,"column":4},"end":{"line":178,"column":4}}},"10":{"name":"_instantRedeem","line":181,"loc":{"start":{"line":181,"column":4},"end":{"line":236,"column":4}}},"11":{"name":"preTradeCheck","line":244,"loc":{"start":{"line":244,"column":4},"end":{"line":248,"column":4}}},"12":{"name":"pause","line":251,"loc":{"start":{"line":251,"column":4},"end":{"line":253,"column":4}}},"13":{"name":"unpause","line":255,"loc":{"start":{"line":255,"column":4},"end":{"line":257,"column":4}}}},"statementMap":{"1":{"start":{"line":88,"column":8},"end":{"line":88,"column":42}},"2":{"start":{"line":89,"column":8},"end":{"line":89,"column":32}},"3":{"start":{"line":90,"column":8},"end":{"line":90,"column":35}},"4":{"start":{"line":94,"column":8},"end":{"line":94,"column":47}},"5":{"start":{"line":98,"column":8},"end":{"line":98,"column":53}},"6":{"start":{"line":98,"column":40},"end":{"line":98,"column":53}},"7":{"start":{"line":100,"column":8},"end":{"line":100,"column":4059}},"8":{"start":{"line":108,"column":8},"end":{"line":108,"column":48}},"9":{"start":{"line":108,"column":40},"end":{"line":108,"column":48}},"10":{"start":{"line":109,"column":8},"end":{"line":109,"column":4329}},"11":{"start":{"line":117,"column":8},"end":{"line":117,"column":4576}},"12":{"start":{"line":119,"column":12},"end":{"line":119,"column":4692}},"13":{"start":{"line":122,"column":19},"end":{"line":122,"column":4792}},"14":{"start":{"line":132,"column":12},"end":{"line":132,"column":5139}},"15":{"start":{"line":137,"column":16},"end":{"line":137,"column":5387}},"16":{"start":{"line":140,"column":23},"end":{"line":140,"column":5499}},"17":{"start":{"line":154,"column":8},"end":{"line":154,"column":46}},"18":{"start":{"line":161,"column":8},"end":{"line":161,"column":62}},"19":{"start":{"line":161,"column":39},"end":{"line":161,"column":62}},"20":{"start":{"line":163,"column":8},"end":{"line":163,"column":42}},"21":{"start":{"line":164,"column":8},"end":{"line":164,"column":32}},"22":{"start":{"line":172,"column":8},"end":{"line":172,"column":51}},"23":{"start":{"line":177,"column":8},"end":{"line":177,"column":47}},"24":{"start":{"line":182,"column":8},"end":{"line":182,"column":61}},"25":{"start":{"line":184,"column":8},"end":{"line":184,"column":99}},"26":{"start":{"line":185,"column":8},"end":{"line":185,"column":41}},"27":{"start":{"line":188,"column":8},"end":{"line":188,"column":39}},"28":{"start":{"line":189,"column":8},"end":{"line":189,"column":61}},"29":{"start":{"line":190,"column":8},"end":{"line":190,"column":47}},"30":{"start":{"line":193,"column":8},"end":{"line":193,"column":63}},"31":{"start":{"line":196,"column":8},"end":{"line":196,"column":86}},"32":{"start":{"line":199,"column":8},"end":{"line":199,"column":29}},"33":{"start":{"line":200,"column":8},"end":{"line":200,"column":17}},"34":{"start":{"line":203,"column":8},"end":{"line":203,"column":8271}},"35":{"start":{"line":206,"column":12},"end":{"line":206,"column":60}},"36":{"start":{"line":209,"column":12},"end":{"line":209,"column":65}},"37":{"start":{"line":210,"column":12},"end":{"line":210,"column":52}},"38":{"start":{"line":216,"column":12},"end":{"line":216,"column":60}},"39":{"start":{"line":219,"column":12},"end":{"line":219,"column":65}},"40":{"start":{"line":220,"column":12},"end":{"line":220,"column":48}},"41":{"start":{"line":226,"column":8},"end":{"line":226,"column":32}},"42":{"start":{"line":227,"column":8},"end":{"line":227,"column":42}},"43":{"start":{"line":228,"column":8},"end":{"line":228,"column":9126}},"44":{"start":{"line":235,"column":8},"end":{"line":235,"column":64}},"45":{"start":{"line":245,"column":8},"end":{"line":245,"column":68}},"46":{"start":{"line":246,"column":8},"end":{"line":246,"column":56}},"47":{"start":{"line":247,"column":8},"end":{"line":247,"column":33}},"48":{"start":{"line":252,"column":8},"end":{"line":252,"column":15}},"49":{"start":{"line":256,"column":8},"end":{"line":256,"column":17}}},"branchMap":{"1":{"line":98,"type":"if","locations":[{"start":{"line":98,"column":8},"end":{"line":98,"column":8}},{"start":{"line":98,"column":8},"end":{"line":98,"column":8}}]},"2":{"line":101,"type":"if","locations":[{"start":{"line":101,"column":27},"end":{"line":101,"column":32}},{"start":{"line":101,"column":36},"end":{"line":101,"column":38}}]},"3":{"line":108,"type":"if","locations":[{"start":{"line":108,"column":8},"end":{"line":108,"column":8}},{"start":{"line":108,"column":8},"end":{"line":108,"column":8}}]},"4":{"line":117,"type":"if","locations":[{"start":{"line":117,"column":8},"end":{"line":117,"column":8}},{"start":{"line":117,"column":8},"end":{"line":117,"column":8}}]},"5":{"line":119,"type":"if","locations":[{"start":{"line":119,"column":12},"end":{"line":119,"column":12}},{"start":{"line":119,"column":12},"end":{"line":119,"column":12}}]},"6":{"line":122,"type":"if","locations":[{"start":{"line":122,"column":19},"end":{"line":122,"column":19}},{"start":{"line":122,"column":19},"end":{"line":122,"column":19}}]},"7":{"line":137,"type":"if","locations":[{"start":{"line":137,"column":16},"end":{"line":137,"column":16}},{"start":{"line":137,"column":16},"end":{"line":137,"column":16}}]},"8":{"line":140,"type":"if","locations":[{"start":{"line":140,"column":23},"end":{"line":140,"column":23}},{"start":{"line":140,"column":23},"end":{"line":140,"column":23}}]},"9":{"line":161,"type":"if","locations":[{"start":{"line":161,"column":8},"end":{"line":161,"column":8}},{"start":{"line":161,"column":8},"end":{"line":161,"column":8}}]},"10":{"line":165,"type":"if","locations":[{"start":{"line":165,"column":38},"end":{"line":165,"column":47}},{"start":{"line":165,"column":51},"end":{"line":165,"column":51}}]},"11":{"line":171,"type":"if","locations":[{"start":{"line":171,"column":54},"end":{"line":171,"column":54}},{"start":{"line":171,"column":54},"end":{"line":171,"column":54}}]},"12":{"line":176,"type":"if","locations":[{"start":{"line":176,"column":73},"end":{"line":176,"column":73}},{"start":{"line":176,"column":73},"end":{"line":176,"column":73}}]},"13":{"line":182,"type":"if","locations":[{"start":{"line":182,"column":8},"end":{"line":182,"column":8}},{"start":{"line":182,"column":8},"end":{"line":182,"column":8}}]},"14":{"line":185,"type":"if","locations":[{"start":{"line":185,"column":8},"end":{"line":185,"column":8}},{"start":{"line":185,"column":8},"end":{"line":185,"column":8}}]},"15":{"line":190,"type":"if","locations":[{"start":{"line":190,"column":8},"end":{"line":190,"column":8}},{"start":{"line":190,"column":8},"end":{"line":190,"column":8}}]},"16":{"line":196,"type":"if","locations":[{"start":{"line":196,"column":8},"end":{"line":196,"column":8}},{"start":{"line":196,"column":8},"end":{"line":196,"column":8}}]},"17":{"line":203,"type":"if","locations":[{"start":{"line":203,"column":8},"end":{"line":203,"column":8}},{"start":{"line":203,"column":8},"end":{"line":203,"column":8}}]},"18":{"line":206,"type":"if","locations":[{"start":{"line":206,"column":12},"end":{"line":206,"column":12}},{"start":{"line":206,"column":12},"end":{"line":206,"column":12}}]},"19":{"line":206,"type":"cond-expr","locations":[{"start":{"line":206,"column":16},"end":{"line":206,"column":25}},{"start":{"line":206,"column":30},"end":{"line":206,"column":39}}]},"20":{"line":210,"type":"if","locations":[{"start":{"line":210,"column":12},"end":{"line":210,"column":12}},{"start":{"line":210,"column":12},"end":{"line":210,"column":12}}]},"21":{"line":216,"type":"if","locations":[{"start":{"line":216,"column":12},"end":{"line":216,"column":12}},{"start":{"line":216,"column":12},"end":{"line":216,"column":12}}]},"22":{"line":216,"type":"cond-expr","locations":[{"start":{"line":216,"column":16},"end":{"line":216,"column":25}},{"start":{"line":216,"column":30},"end":{"line":216,"column":39}}]},"23":{"line":220,"type":"if","locations":[{"start":{"line":220,"column":12},"end":{"line":220,"column":12}},{"start":{"line":220,"column":12},"end":{"line":220,"column":12}}]},"24":{"line":228,"type":"if","locations":[{"start":{"line":228,"column":8},"end":{"line":228,"column":8}},{"start":{"line":228,"column":8},"end":{"line":228,"column":8}}]},"25":{"line":251,"type":"if","locations":[{"start":{"line":251,"column":30},"end":{"line":251,"column":30}},{"start":{"line":251,"column":30},"end":{"line":251,"column":30}}]},"26":{"line":255,"type":"if","locations":[{"start":{"line":255,"column":32},"end":{"line":255,"column":32}},{"start":{"line":255,"column":32},"end":{"line":255,"column":32}}]}}},"contracts/interfaces/IAdaptiveTranching.sol":{"l":{},"path":"/Users/ygorfrancisco/brics-protocol/contracts/interfaces/IAdaptiveTranching.sol","s":{},"b":{},"f":{},"fnMap":{},"statementMap":{},"branchMap":{}},"contracts/interfaces/IAMM.sol":{"l":{},"path":"/Users/ygorfrancisco/brics-protocol/contracts/interfaces/IAMM.sol","s":{},"b":{},"f":{},"fnMap":{},"statementMap":{},"branchMap":{}},"contracts/interfaces/IBRICSToken.sol":{"l":{},"path":"/Users/ygorfrancisco/brics-protocol/contracts/interfaces/IBRICSToken.sol","s":{},"b":{},"f":{},"fnMap":{},"statementMap":{},"branchMap":{}},"contracts/interfaces/IConfigRegistry.sol":{"l":{},"path":"/Users/ygorfrancisco/brics-protocol/contracts/interfaces/IConfigRegistry.sol","s":{},"b":{},"f":{},"fnMap":{},"statementMap":{},"branchMap":{}},"contracts/interfaces/IConfigRegistryLike.sol":{"l":{},"path":"/Users/ygorfrancisco/brics-protocol/contracts/interfaces/IConfigRegistryLike.sol","s":{},"b":{},"f":{},"fnMap":{},"statementMap":{},"branchMap":{}},"contracts/interfaces/IInstantLaneLike.sol":{"l":{},"path":"/Users/ygorfrancisco/brics-protocol/contracts/interfaces/IInstantLaneLike.sol","s":{},"b":{},"f":{},"fnMap":{},"statementMap":{},"branchMap":{}},"contracts/interfaces/IIssuanceControllerV3.sol":{"l":{},"path":"/Users/ygorfrancisco/brics-protocol/contracts/interfaces/IIssuanceControllerV3.sol","s":{},"b":{},"f":{},"fnMap":{},"statementMap":{},"branchMap":{}},"contracts/interfaces/IIssuanceControllerV4.sol":{"l":{},"path":"/Users/ygorfrancisco/brics-protocol/contracts/interfaces/IIssuanceControllerV4.sol","s":{},"b":{},"f":{},"fnMap":{},"statementMap":{},"branchMap":{}},"contracts/interfaces/IMemberRegistry.sol":{"l":{},"path":"/Users/ygorfrancisco/brics-protocol/contracts/interfaces/IMemberRegistry.sol","s":{},"b":{},"f":{},"fnMap":{},"statementMap":{},"branchMap":{}},"contracts/interfaces/IMezzVault4626.sol":{"l":{},"path":"/Users/ygorfrancisco/brics-protocol/contracts/interfaces/IMezzVault4626.sol","s":{},"b":{},"f":{},"fnMap":{},"statementMap":{},"branchMap":{}},"contracts/interfaces/INAVOracleV3.sol":{"l":{},"path":"/Users/ygorfrancisco/brics-protocol/contracts/interfaces/INAVOracleV3.sol","s":{},"b":{},"f":{},"fnMap":{},"statementMap":{},"branchMap":{}},"contracts/interfaces/IPMM.sol":{"l":{},"path":"/Users/ygorfrancisco/brics-protocol/contracts/interfaces/IPMM.sol","s":{},"b":{},"f":{},"fnMap":{},"statementMap":{},"branchMap":{}},"contracts/interfaces/IPreTrancheBuffer.sol":{"l":{},"path":"/Users/ygorfrancisco/brics-protocol/contracts/interfaces/IPreTrancheBuffer.sol","s":{},"b":{},"f":{},"fnMap":{},"statementMap":{},"branchMap":{}},"contracts/interfaces/IRedemptionClaim.sol":{"l":{},"path":"/Users/ygorfrancisco/brics-protocol/contracts/interfaces/IRedemptionClaim.sol","s":{},"b":{},"f":{},"fnMap":{},"statementMap":{},"branchMap":{}},"contracts/interfaces/ISovereignClaimSBT.sol":{"l":{},"path":"/Users/ygorfrancisco/brics-protocol/contracts/interfaces/ISovereignClaimSBT.sol","s":{},"b":{},"f":{},"fnMap":{},"statementMap":{},"branchMap":{}},"contracts/interfaces/ITrancheManagerV2.sol":{"l":{},"path":"/Users/ygorfrancisco/brics-protocol/contracts/interfaces/ITrancheManagerV2.sol","s":{},"b":{},"f":{},"fnMap":{},"statementMap":{},"branchMap":{}},"contracts/interfaces/ITreasury.sol":{"l":{},"path":"/Users/ygorfrancisco/brics-protocol/contracts/interfaces/ITreasury.sol","s":{},"b":{},"f":{},"fnMap":{},"statementMap":{},"branchMap":{}},"contracts/IssuanceControllerV4.sol":{"l":{"47":0,"48":0,"50":0,"51":0,"52":0,"53":0,"55":0,"56":0,"57":0,"61":0,"62":0,"66":0,"67":0,"72":0,"73":0,"77":0,"79":0,"80":0,"81":0,"83":0,"87":0,"89":0,"90":0,"91":0,"93":0,"94":0,"98":0,"99":0,"101":0,"102":0,"106":0,"107":0,"111":0,"112":0,"120":0,"121":0,"122":0,"123":0,"124":0,"127":0,"128":0,"129":0,"130":0,"134":0,"135":0,"136":0,"137":0,"141":0,"142":0,"143":0,"144":0,"147":0,"148":0,"149":0,"151":0,"152":0,"153":0,"155":0,"162":0,"163":0,"167":0,"168":0,"169":0,"173":0,"174":0,"178":0,"179":0,"180":0,"183":0,"194":0,"204":0,"205":0,"207":0,"213":0,"214":0,"216":0},"path":"/Users/ygorfrancisco/brics-protocol/contracts/IssuanceControllerV4.sol","s":{"1":0,"2":0,"3":0,"4":0,"5":0,"6":0,"7":0,"8":0,"9":0,"10":0,"11":0,"12":0,"13":0,"14":0,"15":0,"16":0,"17":0,"18":0,"19":0,"20":0,"21":0,"22":0,"23":0,"24":0,"25":0,"26":0,"27":0,"28":0,"29":0,"30":0,"31":0,"32":0,"33":0,"34":0,"35":0,"36":0,"37":0,"38":0,"39":0,"40":0,"41":0,"42":0,"43":0,"44":0,"45":0,"46":0,"47":0,"48":0},"b":{"1":[0,0],"2":[0,0],"3":[0,0],"4":[0,0],"5":[0,0],"6":[0,0],"7":[0,0],"8":[0,0],"9":[0,0],"10":[0,0],"11":[0,0],"12":[0,0],"13":[0,0],"14":[0,0],"15":[0,0],"16":[0,0],"17":[0,0],"18":[0,0],"19":[0,0],"20":[0,0],"21":[0,0],"22":[0,0],"23":[0,0],"24":[0,0],"25":[0,0],"26":[0,0]},"f":{"1":0,"2":0,"3":0,"4":0,"5":0,"6":0,"7":0,"8":0,"9":0,"10":0,"11":0,"12":0,"13":0,"14":0},"fnMap":{"1":{"name":"constructor","line":41,"loc":{"start":{"line":41,"column":4},"end":{"line":58,"column":4}}},"2":{"name":"onlyGov","line":60,"loc":{"start":{"line":60,"column":4},"end":{"line":63,"column":4}}},"3":{"name":"onlyEcc","line":65,"loc":{"start":{"line":65,"column":4},"end":{"line":68,"column":4}}},"4":{"name":"setSuperSeniorCap","line":71,"loc":{"start":{"line":71,"column":4},"end":{"line":74,"column":4}}},"5":{"name":"raiseDetachment","line":76,"loc":{"start":{"line":76,"column":4},"end":{"line":84,"column":4}}},"6":{"name":"lowerDetachment","line":86,"loc":{"start":{"line":86,"column":4},"end":{"line":95,"column":4}}},"7":{"name":"ratifyDetachment","line":97,"loc":{"start":{"line":97,"column":4},"end":{"line":103,"column":4}}},"8":{"name":"lockIssuance","line":105,"loc":{"start":{"line":105,"column":4},"end":{"line":108,"column":4}}},"9":{"name":"unlockIssuance","line":110,"loc":{"start":{"line":110,"column":4},"end":{"line":113,"column":4}}},"10":{"name":"adjustByTriggers","line":119,"loc":{"start":{"line":115,"column":4},"end":{"line":157,"column":4}}},"11":{"name":"checkMintAllowed","line":160,"loc":{"start":{"line":160,"column":4},"end":{"line":184,"column":4}}},"12":{"name":"getCurrentState","line":187,"loc":{"start":{"line":187,"column":4},"end":{"line":201,"column":4}}},"13":{"name":"canMint","line":203,"loc":{"start":{"line":203,"column":4},"end":{"line":209,"column":4}}},"14":{"name":"_getOrDefault","line":212,"loc":{"start":{"line":212,"column":4},"end":{"line":218,"column":4}}}},"statementMap":{"1":{"start":{"line":55,"column":8},"end":{"line":55,"column":49}},"2":{"start":{"line":56,"column":8},"end":{"line":56,"column":39}},"3":{"start":{"line":57,"column":8},"end":{"line":57,"column":39}},"4":{"start":{"line":61,"column":8},"end":{"line":61,"column":60}},"5":{"start":{"line":66,"column":8},"end":{"line":66,"column":60}},"6":{"start":{"line":73,"column":8},"end":{"line":73,"column":32}},"7":{"start":{"line":77,"column":8},"end":{"line":77,"column":52}},"8":{"start":{"line":83,"column":8},"end":{"line":83,"column":57}},"9":{"start":{"line":87,"column":8},"end":{"line":87,"column":54}},"10":{"start":{"line":89,"column":8},"end":{"line":89,"column":71}},"11":{"start":{"line":90,"column":8},"end":{"line":90,"column":82}},"12":{"start":{"line":91,"column":8},"end":{"line":91,"column":60}},"13":{"start":{"line":94,"column":8},"end":{"line":94,"column":38}},"14":{"start":{"line":98,"column":8},"end":{"line":98,"column":55}},"15":{"start":{"line":99,"column":8},"end":{"line":99,"column":74}},"16":{"start":{"line":102,"column":8},"end":{"line":102,"column":33}},"17":{"start":{"line":107,"column":8},"end":{"line":107,"column":29}},"18":{"start":{"line":112,"column":8},"end":{"line":112,"column":31}},"19":{"start":{"line":120,"column":8},"end":{"line":120,"column":33}},"20":{"start":{"line":121,"column":8},"end":{"line":121,"column":39}},"21":{"start":{"line":122,"column":8},"end":{"line":122,"column":44}},"22":{"start":{"line":123,"column":8},"end":{"line":123,"column":35}},"23":{"start":{"line":124,"column":8},"end":{"line":124,"column":39}},"24":{"start":{"line":127,"column":8},"end":{"line":127,"column":4412}},"25":{"start":{"line":134,"column":8},"end":{"line":134,"column":4652}},"26":{"start":{"line":136,"column":12},"end":{"line":136,"column":58}},"27":{"start":{"line":141,"column":8},"end":{"line":141,"column":4945}},"28":{"start":{"line":143,"column":12},"end":{"line":143,"column":58}},"29":{"start":{"line":147,"column":8},"end":{"line":147,"column":5175}},"30":{"start":{"line":155,"column":12},"end":{"line":155,"column":107}},"31":{"start":{"line":162,"column":8},"end":{"line":162,"column":5772}},"32":{"start":{"line":163,"column":12},"end":{"line":163,"column":30}},"33":{"start":{"line":167,"column":8},"end":{"line":167,"column":68}},"34":{"start":{"line":168,"column":8},"end":{"line":168,"column":5959}},"35":{"start":{"line":169,"column":12},"end":{"line":169,"column":32}},"36":{"start":{"line":173,"column":8},"end":{"line":173,"column":6077}},"37":{"start":{"line":174,"column":12},"end":{"line":174,"column":38}},"38":{"start":{"line":178,"column":8},"end":{"line":178,"column":56}},"39":{"start":{"line":179,"column":8},"end":{"line":179,"column":6286}},"40":{"start":{"line":180,"column":12},"end":{"line":180,"column":27}},"41":{"start":{"line":183,"column":8},"end":{"line":183,"column":19}},"42":{"start":{"line":194,"column":8},"end":{"line":194,"column":6626}},"43":{"start":{"line":204,"column":8},"end":{"line":204,"column":6891}},"44":{"start":{"line":205,"column":12},"end":{"line":205,"column":23}},"45":{"start":{"line":207,"column":12},"end":{"line":207,"column":24}},"46":{"start":{"line":213,"column":8},"end":{"line":213,"column":7143}},"47":{"start":{"line":214,"column":12},"end":{"line":214,"column":52}},"48":{"start":{"line":216,"column":12},"end":{"line":216,"column":31}}},"branchMap":{"1":{"line":61,"type":"if","locations":[{"start":{"line":61,"column":8},"end":{"line":61,"column":8}},{"start":{"line":61,"column":8},"end":{"line":61,"column":8}}]},"2":{"line":66,"type":"if","locations":[{"start":{"line":66,"column":8},"end":{"line":66,"column":8}},{"start":{"line":66,"column":8},"end":{"line":66,"column":8}}]},"3":{"line":71,"type":"if","locations":[{"start":{"line":71,"column":56},"end":{"line":71,"column":56}},{"start":{"line":71,"column":56},"end":{"line":71,"column":56}}]},"4":{"line":76,"type":"if","locations":[{"start":{"line":76,"column":54},"end":{"line":76,"column":54}},{"start":{"line":76,"column":54},"end":{"line":76,"column":54}}]},"5":{"line":77,"type":"if","locations":[{"start":{"line":77,"column":8},"end":{"line":77,"column":8}},{"start":{"line":77,"column":8},"end":{"line":77,"column":8}}]},"6":{"line":86,"type":"if","locations":[{"start":{"line":86,"column":54},"end":{"line":86,"column":54}},{"start":{"line":86,"column":54},"end":{"line":86,"column":54}}]},"7":{"line":87,"type":"if","locations":[{"start":{"line":87,"column":8},"end":{"line":87,"column":8}},{"start":{"line":87,"column":8},"end":{"line":87,"column":8}}]},"8":{"line":90,"type":"if","locations":[{"start":{"line":90,"column":8},"end":{"line":90,"column":8}},{"start":{"line":90,"column":8},"end":{"line":90,"column":8}}]},"9":{"line":91,"type":"if","locations":[{"start":{"line":91,"column":8},"end":{"line":91,"column":8}},{"start":{"line":91,"column":8},"end":{"line":91,"column":8}}]},"10":{"line":97,"type":"if","locations":[{"start":{"line":97,"column":41},"end":{"line":97,"column":41}},{"start":{"line":97,"column":41},"end":{"line":97,"column":41}}]},"11":{"line":98,"type":"if","locations":[{"start":{"line":98,"column":8},"end":{"line":98,"column":8}},{"start":{"line":98,"column":8},"end":{"line":98,"column":8}}]},"12":{"line":99,"type":"if","locations":[{"start":{"line":99,"column":8},"end":{"line":99,"column":8}},{"start":{"line":99,"column":8},"end":{"line":99,"column":8}}]},"13":{"line":105,"type":"if","locations":[{"start":{"line":105,"column":37},"end":{"line":105,"column":37}},{"start":{"line":105,"column":37},"end":{"line":105,"column":37}}]},"14":{"line":110,"type":"if","locations":[{"start":{"line":110,"column":39},"end":{"line":110,"column":39}},{"start":{"line":110,"column":39},"end":{"line":110,"column":39}}]},"15":{"line":119,"type":"if","locations":[{"start":{"line":119,"column":15},"end":{"line":119,"column":15}},{"start":{"line":119,"column":15},"end":{"line":119,"column":15}}]},"16":{"line":127,"type":"if","locations":[{"start":{"line":127,"column":8},"end":{"line":127,"column":8}},{"start":{"line":127,"column":8},"end":{"line":127,"column":8}}]},"17":{"line":134,"type":"if","locations":[{"start":{"line":134,"column":8},"end":{"line":134,"column":8}},{"start":{"line":134,"column":8},"end":{"line":134,"column":8}}]},"18":{"line":136,"type":"if","locations":[{"start":{"line":136,"column":12},"end":{"line":136,"column":12}},{"start":{"line":136,"column":12},"end":{"line":136,"column":12}}]},"19":{"line":141,"type":"if","locations":[{"start":{"line":141,"column":8},"end":{"line":141,"column":8}},{"start":{"line":141,"column":8},"end":{"line":141,"column":8}}]},"20":{"line":143,"type":"if","locations":[{"start":{"line":143,"column":12},"end":{"line":143,"column":12}},{"start":{"line":143,"column":12},"end":{"line":143,"column":12}}]},"21":{"line":147,"type":"if","locations":[{"start":{"line":147,"column":8},"end":{"line":147,"column":8}},{"start":{"line":147,"column":8},"end":{"line":147,"column":8}}]},"22":{"line":162,"type":"if","locations":[{"start":{"line":162,"column":8},"end":{"line":162,"column":8}},{"start":{"line":162,"column":8},"end":{"line":162,"column":8}}]},"23":{"line":168,"type":"if","locations":[{"start":{"line":168,"column":8},"end":{"line":168,"column":8}},{"start":{"line":168,"column":8},"end":{"line":168,"column":8}}]},"24":{"line":173,"type":"if","locations":[{"start":{"line":173,"column":8},"end":{"line":173,"column":8}},{"start":{"line":173,"column":8},"end":{"line":173,"column":8}}]},"25":{"line":179,"type":"if","locations":[{"start":{"line":179,"column":8},"end":{"line":179,"column":8}},{"start":{"line":179,"column":8},"end":{"line":179,"column":8}}]},"26":{"line":214,"type":"if","locations":[{"start":{"line":214,"column":32},"end":{"line":214,"column":43}},{"start":{"line":214,"column":47},"end":{"line":214,"column":51}}]}}},"contracts/libraries/IssuanceGuard.sol":{"l":{"29":0,"32":0,"33":0,"37":0,"40":0,"41":0,"52":0,"63":0,"64":0,"67":0},"path":"/Users/ygorfrancisco/brics-protocol/contracts/libraries/IssuanceGuard.sol","s":{"1":0,"2":0,"3":0,"4":0,"5":0,"6":0},"b":{"1":[0,0],"2":[0,0]},"f":{"1":0,"2":0,"3":0},"fnMap":{"1":{"name":"checkIssuanceCap","line":22,"loc":{"start":{"line":22,"column":4},"end":{"line":43,"column":4}}},"2":{"name":"getMaxIssuable","line":51,"loc":{"start":{"line":51,"column":4},"end":{"line":53,"column":4}}},"3":{"name":"_getMaxIssuable","line":61,"loc":{"start":{"line":61,"column":4},"end":{"line":69,"column":4}}}},"statementMap":{"1":{"start":{"line":29,"column":8},"end":{"line":29,"column":65}},"2":{"start":{"line":32,"column":8},"end":{"line":32,"column":1169}},"3":{"start":{"line":37,"column":8},"end":{"line":37,"column":63}},"4":{"start":{"line":40,"column":8},"end":{"line":40,"column":1469}},"5":{"start":{"line":52,"column":8},"end":{"line":52,"column":48}},"6":{"start":{"line":63,"column":8},"end":{"line":63,"column":2411}}},"branchMap":{"1":{"line":32,"type":"if","locations":[{"start":{"line":32,"column":8},"end":{"line":32,"column":8}},{"start":{"line":32,"column":8},"end":{"line":32,"column":8}}]},"2":{"line":40,"type":"if","locations":[{"start":{"line":40,"column":8},"end":{"line":40,"column":8}},{"start":{"line":40,"column":8},"end":{"line":40,"column":8}}]}}},"contracts/libraries/RiskSignalLib.sol":{"l":{"19":0,"31":0,"32":0,"33":0},"path":"/Users/ygorfrancisco/brics-protocol/contracts/libraries/RiskSignalLib.sol","s":{"1":0,"2":0,"3":0,"4":0},"b":{},"f":{"1":0,"2":0},"fnMap":{"1":{"name":"digest","line":18,"loc":{"start":{"line":18,"column":4},"end":{"line":28,"column":4}}},"2":{"name":"recoverSigner","line":30,"loc":{"start":{"line":30,"column":4},"end":{"line":34,"column":4}}}},"statementMap":{"1":{"start":{"line":19,"column":8},"end":{"line":19,"column":635}},"2":{"start":{"line":31,"column":8},"end":{"line":31,"column":29}},"3":{"start":{"line":32,"column":8},"end":{"line":32,"column":68}},"4":{"start":{"line":33,"column":8},"end":{"line":33,"column":42}}},"branchMap":{}},"contracts/libraries/TrancheMath.sol":{"l":{"22":0,"23":0,"25":0,"29":0,"30":0},"path":"/Users/ygorfrancisco/brics-protocol/contracts/libraries/TrancheMath.sol","s":{"1":0,"2":0},"b":{"1":[0,0],"2":[0,0]},"f":{"1":0},"fnMap":{"1":{"name":"effectiveApyBps","line":16,"loc":{"start":{"line":16,"column":4},"end":{"line":32,"column":4}}}},"statementMap":{"1":{"start":{"line":22,"column":8},"end":{"line":22,"column":737}},"2":{"start":{"line":29,"column":8},"end":{"line":29,"column":928}}},"branchMap":{"1":{"line":22,"type":"if","locations":[{"start":{"line":22,"column":8},"end":{"line":22,"column":8}},{"start":{"line":22,"column":8},"end":{"line":22,"column":8}}]},"2":{"line":29,"type":"if","locations":[{"start":{"line":29,"column":8},"end":{"line":29,"column":8}},{"start":{"line":29,"column":8},"end":{"line":29,"column":8}}]}}},"contracts/MemberRegistry.sol":{"l":{"27":32},"path":"/Users/ygorfrancisco/brics-protocol/contracts/MemberRegistry.sol","s":{"1":32,"2":32,"3":32,"4":59,"5":59,"6":0,"7":4,"8":1},"b":{"1":[32,0],"2":[32,0],"3":[59,0],"4":[59,0],"5":[0,0],"6":[4,0],"7":[1,0]},"f":{"1":32,"2":32,"3":59,"4":59,"5":0,"6":4,"7":1},"fnMap":{"1":{"name":"constructor","line":24,"loc":{"start":{"line":24,"column":4},"end":{"line":24,"column":68}}},"2":{"name":"setRegistrar","line":26,"loc":{"start":{"line":26,"column":4},"end":{"line":29,"column":4}}},"3":{"name":"onlyRegistrar","line":31,"loc":{"start":{"line":31,"column":4},"end":{"line":31,"column":86}}},"4":{"name":"setMember","line":33,"loc":{"start":{"line":33,"column":4},"end":{"line":33,"column":118}}},"5":{"name":"setPool","line":34,"loc":{"start":{"line":34,"column":4},"end":{"line":34,"column":125}}},"6":{"name":"canReceive","line":36,"loc":{"start":{"line":36,"column":4},"end":{"line":36,"column":113}}},"7":{"name":"canSend","line":37,"loc":{"start":{"line":37,"column":4},"end":{"line":37,"column":117}}}},"statementMap":{"1":{"start":{"line":24,"column":31},"end":{"line":24,"column":65}},"2":{"start":{"line":27,"column":8},"end":{"line":27,"column":67}},"3":{"start":{"line":28,"column":23},"end":{"line":28,"column":43}},"4":{"start":{"line":31,"column":31},"end":{"line":31,"column":80}},"5":{"start":{"line":33,"column":92},"end":{"line":33,"column":116}},"6":{"start":{"line":34,"column":101},"end":{"line":34,"column":123}},"7":{"start":{"line":36,"column":67},"end":{"line":36,"column":111}},"8":{"start":{"line":37,"column":67},"end":{"line":37,"column":115}}},"branchMap":{"1":{"line":26,"type":"if","locations":[{"start":{"line":26,"column":46},"end":{"line":26,"column":46}},{"start":{"line":26,"column":46},"end":{"line":26,"column":46}}]},"2":{"line":27,"type":"if","locations":[{"start":{"line":27,"column":8},"end":{"line":27,"column":8}},{"start":{"line":27,"column":8},"end":{"line":27,"column":8}}]},"3":{"line":31,"type":"if","locations":[{"start":{"line":31,"column":31},"end":{"line":31,"column":31}},{"start":{"line":31,"column":31},"end":{"line":31,"column":31}}]},"4":{"line":33,"type":"if","locations":[{"start":{"line":33,"column":55},"end":{"line":33,"column":55}},{"start":{"line":33,"column":55},"end":{"line":33,"column":55}}]},"5":{"line":34,"type":"if","locations":[{"start":{"line":34,"column":55},"end":{"line":34,"column":55}},{"start":{"line":34,"column":55},"end":{"line":34,"column":55}}]},"6":{"line":36,"type":"cond-expr","locations":[{"start":{"line":36,"column":74},"end":{"line":36,"column":85}},{"start":{"line":36,"column":90},"end":{"line":36,"column":110}}]},"7":{"line":37,"type":"cond-expr","locations":[{"start":{"line":37,"column":74},"end":{"line":37,"column":87}},{"start":{"line":37,"column":92},"end":{"line":37,"column":114}}]}}},"contracts/MezzVault4626.sol":{"l":{"47":0,"49":0,"51":0,"52":0,"53":0,"57":0,"58":0,"62":0,"63":0,"74":0,"75":0,"85":0,"86":0,"97":0,"98":0,"99":0,"109":0,"110":0,"111":0,"116":0,"120":0,"124":0,"129":0,"130":0,"131":0,"135":0,"136":0,"140":0,"144":0,"148":0,"149":0,"150":0,"156":0,"157":0,"160":0,"161":0,"162":0,"168":0,"169":0,"171":0,"175":0,"178":0,"180":0,"185":0,"186":0,"188":0},"path":"/Users/ygorfrancisco/brics-protocol/contracts/MezzVault4626.sol","s":{"1":0,"2":0,"3":0,"4":0,"5":0,"6":0,"7":0,"8":0,"9":0,"10":0,"11":0,"12":0,"13":0,"14":0,"15":0,"16":0,"17":0,"18":0,"19":0,"20":0,"21":0,"22":0,"23":0,"24":0,"25":0,"26":0,"27":0,"28":0,"29":0,"30":0,"31":0,"32":0,"33":0},"b":{"1":[0,0],"2":[0,0],"3":[0,0],"4":[0,0],"5":[0,0],"6":[0,0],"7":[0,0],"8":[0,0],"9":[0,0],"10":[0,0],"11":[0,0],"12":[0,0],"13":[0,0],"14":[0,0],"15":[0,0],"16":[0,0],"17":[0,0],"18":[0,0],"19":[0,0]},"f":{"1":0,"2":0,"3":0,"4":0,"5":0,"6":0,"7":0,"8":0,"9":0,"10":0,"11":0,"12":0,"13":0,"14":0,"15":0,"16":0,"17":0,"18":0,"19":0},"fnMap":{"1":{"name":"constructor","line":46,"loc":{"start":{"line":41,"column":4},"end":{"line":54,"column":4}}},"2":{"name":"onlyGov","line":56,"loc":{"start":{"line":56,"column":4},"end":{"line":59,"column":4}}},"3":{"name":"onlyEmergency","line":61,"loc":{"start":{"line":61,"column":4},"end":{"line":64,"column":4}}},"4":{"name":"deposit","line":71,"loc":{"start":{"line":67,"column":4},"end":{"line":76,"column":4}}},"5":{"name":"mint","line":82,"loc":{"start":{"line":78,"column":4},"end":{"line":87,"column":4}}},"6":{"name":"withdraw","line":94,"loc":{"start":{"line":90,"column":4},"end":{"line":100,"column":4}}},"7":{"name":"redeem","line":106,"loc":{"start":{"line":102,"column":4},"end":{"line":112,"column":4}}},"8":{"name":"minUnlockOf","line":115,"loc":{"start":{"line":115,"column":4},"end":{"line":117,"column":4}}},"9":{"name":"isLocked","line":119,"loc":{"start":{"line":119,"column":4},"end":{"line":121,"column":4}}},"10":{"name":"canWithdraw","line":123,"loc":{"start":{"line":123,"column":4},"end":{"line":125,"column":4}}},"11":{"name":"setConfigRegistry","line":128,"loc":{"start":{"line":128,"column":4},"end":{"line":132,"column":4}}},"12":{"name":"setWhitelist","line":134,"loc":{"start":{"line":134,"column":4},"end":{"line":137,"column":4}}},"13":{"name":"pause","line":139,"loc":{"start":{"line":139,"column":4},"end":{"line":141,"column":4}}},"14":{"name":"unpause","line":143,"loc":{"start":{"line":143,"column":4},"end":{"line":145,"column":4}}},"15":{"name":"forceUnlock","line":147,"loc":{"start":{"line":147,"column":4},"end":{"line":152,"column":4}}},"16":{"name":"_updateLock","line":155,"loc":{"start":{"line":155,"column":4},"end":{"line":164,"column":4}}},"17":{"name":"_checkUnlock","line":166,"loc":{"start":{"line":166,"column":4},"end":{"line":172,"column":4}}},"18":{"name":"_handleGraceWindow","line":174,"loc":{"start":{"line":174,"column":4},"end":{"line":182,"column":4}}},"19":{"na
[...]
if","locations":[{"start":{"line":158,"column":8},"end":{"line":158,"column":8}},{"start":{"line":158,"column":8},"end":{"line":158,"column":8}}]},"22":{"line":160,"type":"if","locations":[{"start":{"line":160,"column":12},"end":{"line":160,"column":12}},{"start":{"line":160,"column":12},"end":{"line":160,"column":12}}]},"23":{"line":162,"type":"if","locations":[{"start":{"line":162,"column":8},"end":{"line":162,"column":8}},{"start":{"line":162,"column":8},"end":{"line":162,"column":8}}]},"24":{"line":170,"type":"if","locations":[{"start":{"line":170,"column":49},"end":{"line":170,"column":49}},{"start":{"line":170,"column":49},"end":{"line":170,"column":49}}]},"25":{"line":172,"type":"if","locations":[{"start":{"line":172,"column":8},"end":{"line":172,"column":8}},{"start":{"line":172,"column":8},"end":{"line":172,"column":8}}]},"26":{"line":173,"type":"if","locations":[{"start":{"line":173,"column":8},"end":{"line":173,"column":8}},{"start":{"line":173,"column":8},"end":{"line":173,"column":8}}]},"27":{"line":174,"type":"if","locations":[{"start":{"line":174,"column":8},"end":{"line":174,"column":8}},{"start":{"line":174,"column":8},"end":{"line":174,"column":8}}]},"28":{"line":175,"type":"if","locations":[{"start":{"line":175,"column":8},"end":{"line":175,"column":8}},{"start":{"line":175,"column":8},"end":{"line":175,"column":8}}]},"29":{"line":185,"type":"if","locations":[{"start":{"line":185,"column":60},"end":{"line":185,"column":60}},{"start":{"line":185,"column":60},"end":{"line":185,"column":60}}]},"30":{"line":186,"type":"if","locations":[{"start":{"line":186,"column":8},"end":{"line":186,"column":8}},{"start":{"line":186,"column":8},"end":{"line":186,"column":8}}]},"31":{"line":187,"type":"if","locations":[{"start":{"line":187,"column":8},"end":{"line":187,"column":8}},{"start":{"line":187,"column":8},"end":{"line":187,"column":8}}]},"32":{"line":205,"type":"if","locations":[{"start":{"line":205,"column":15},"end":{"line":205,"column":15}},{"start":{"line":205,"column":15},"end":{"line":205,"column":15}}]},"33":{"line":207,"type":"if","locations":[{"start":{"line":207,"column":8},"end":{"line":207,"column":8}},{"start":{"line":207,"column":8},"end":{"line":207,"column":8}}]},"34":{"line":208,"type":"if","locations":[{"start":{"line":208,"column":8},"end":{"line":208,"column":8}},{"start":{"line":208,"column":8},"end":{"line":208,"column":8}}]},"35":{"line":211,"type":"if","locations":[{"start":{"line":211,"column":8},"end":{"line":211,"column":8}},{"start":{"line":211,"column":8},"end":{"line":211,"column":8}}]},"36":{"line":227,"type":"if","locations":[{"start":{"line":227,"column":58},"end":{"line":227,"column":58}},{"start":{"line":227,"column":58},"end":{"line":227,"column":58}}]},"37":{"line":228,"type":"if","locations":[{"start":{"line":228,"column":8},"end":{"line":228,"column":8}},{"start":{"line":228,"column":8},"end":{"line":228,"column":8}}]},"38":{"line":229,"type":"if","locations":[{"start":{"line":229,"column":8},"end":{"line":229,"column":8}},{"start":{"line":229,"column":8},"end":{"line":229,"column":8}}]},"39":{"line":269,"type":"if","locations":[{"start":{"line":269,"column":8},"end":{"line":269,"column":8}},{"start":{"line":269,"column":8},"end":{"line":269,"column":8}}]},"40":{"line":270,"type":"if","locations":[{"start":{"line":270,"column":8},"end":{"line":270,"column":8}},{"start":{"line":270,"column":8},"end":{"line":270,"column":8}}]},"41":{"line":270,"type":"cond-expr","locations":[{"start":{"line":270,"column":16},"end":{"line":270,"column":44}},{"start":{"line":270,"column":49},"end":{"line":270,"column":77}}]},"42":{"line":284,"type":"if","locations":[{"start":{"line":284,"column":51},"end":{"line":284,"column":51}},{"start":{"line":284,"column":51},"end":{"line":284,"column":51}}]},"43":{"line":285,"type":"if","locations":[{"start":{"line":285,"column":8},"end":{"line":285,"column":8}},{"start":{"line":285,"column":8},"end":{"line":285,"column":8}}]},"44":{"line":302,"type":"if","locations":[{"start":{"line":302,"column":15},"end":{"line":302,"column":15}},{"start":{"line":302,"column":15},"end":{"line":302,"column":15}}]},"45":{"line":303,"type":"if","locations":[{"start":{"line":303,"column":8},"end":{"line":303,"column":8}},{"start":{"line":303,"column":8},"end":{"line":303,"column":8}}]},"46":{"line":304,"type":"if","locations":[{"start":{"line":304,"column":8},"end":{"line":304,"column":8}},{"start":{"line":304,"column":8},"end":{"line":304,"column":8}}]},"47":{"line":305,"type":"if","locations":[{"start":{"line":305,"column":8},"end":{"line":305,"column":8}},{"start":{"line":305,"column":8},"end":{"line":305,"column":8}}]}}},"contracts/TrancheReadFacade.sol":{"l":{"24":0,"25":0,"26":0,"27":0,"37":0,"40":0,"41":0,"42":0,"46":0,"47":0,"48":0,"51":0,"52":0,"53":0,"54":0,"59":0,"60":0,"61":0,"62":0,"63":0,"67":0,"68":0,"69":0,"70":0,"71":0,"73":0,"78":0,"81":0,"82":0,"101":0,"104":0,"105":0,"106":0,"110":0,"111":0,"112":0,"115":0,"116":0,"117":0,"118":0,"123":0,"124":0,"125":0,"126":0,"127":0,"131":0,"132":0,"133":0,"134":0,"135":0,"137":0,"141":0,"142":0,"182":0,"185":0,"186":0,"189":0,"190":0,"191":0,"192":0,"194":0,"198":0,"199":0,"200":0,"201":0,"204":0,"205":0,"206":0,"207":0,"208":0,"209":0,"211":0,"212":0,"217":0,"218":0,"219":0,"221":0,"222":0,"223":0,"224":0,"225":0,"226":0,"229":0,"232":0,"235":0,"239":0,"240":0,"241":0,"242":0,"243":0,"244":0,"245":0,"247":0,"248":0,"252":0,"253":0,"263":0,"264":0,"267":0,"278":0,"280":0,"293":0,"294":0,"297":0,"298":0,"299":0,"303":0,"304":0,"305":0,"309":0,"311":0,"312":0,"313":0,"316":0,"317":0,"318":0,"319":0,"321":0,"323":0,"325":0,"326":0,"327":0,"328":0,"329":0,"333":0,"334":0,"337":0,"338":0,"339":0},"path":"/Users/ygorfrancisco/brics-protocol/contracts/TrancheReadFacade.sol","s":{"1":0,"2":0,"3":0,"4":0,"5":0,"6":0,"7":0,"8":0,"9":0,"10":0,"11":0,"12":0,"13":0,"14":0,"15":0,"16":0,"17":0,"18":0,"19":0,"20":0,"21":0,"22":0,"23":0,"24":0,"25":0,"26":0,"27":0,"28":0,"29":0,"30":0,"31":0,"32":0,"33":0,"34":0,"35":0,"36":0,"37":0,"38":0,"39":0,"40":0,"41":0,"42":0,"43":0,"44":0,"45":0,"46":0,"47":0,"48":0,"49":0,"50":0,"51":0,"52":0,"53":0,"54":0,"55":0,"56":0,"57":0,"58":0,"59":0,"60":0,"61":0,"62":0,"63":0,"64":0,"65":0,"66":0,"67":0},"b":{"1":[0,0],"2":[0,0],"3":[0,0],"4":[0,0],"5":[0,0],"6":[0,0],"7":[0,0],"8":[0,0],"9":[0,0],"10":[0,0],"11":[0,0],"12":[0,0],"13":[0,0],"14":[0,0],"15":[0,0],"16":[0,0],"17":[0,0],"18":[0,0],"19":[0,0],"20":[0,0],"21":[0,0],"22":[0,0],"23":[0,0],"24":[0,0],"25":[0,0],"26":[0,0],"27":[0,0],"28":[0,0],"29":[0,0],"30":[0,0]},"f":{"1":0,"2":0,"3":0,"4":0,"5":0,"6":0,"7":0},"fnMap":{"1":{"name":"constructor","line":18,"loc":{"start":{"line":18,"column":4},"end":{"line":28,"column":4}}},"2":{"name":"viewEffectiveApy","line":36,"loc":{"start":{"line":36,"column":4},"end":{"line":83,"column":4}}},"3":{"name":"viewTrancheRiskData","line":94,"loc":{"start":{"line":94,"column":4},"end":{"line":143,"column":4}}},"4":{"name":"viewTrancheTelemetry","line":164,"loc":{"start":{"line":164,"column":4},"end":{"line":254,"column":4}}},"5":{"name":"_getMaxApyBps","line":260,"loc":{"start":{"line":260,"column":4},"end":{"line":269,"column":4}}},"6":{"name":"_linearWeight","line":277,"loc":{"start":{"line":277,"column":4},"end":{"line":281,"column":4}}},"7":{"name":"_rollingAverage","line":291,"loc":{"start":{"line":291,"column":4},"end":{"line":340,"column":4}}}},"statementMap":{"1":{"start":{"line":37,"column":8},"end":{"line":37,"column":103}},"2":{"start":{"line":40,"column":8},"end":{"line":40,"column":100}},"3":{"start":{"line":41,"column":8},"end":{"line":41,"column":1540}},"4":{"start":{"line":46,"column":8},"end":{"line":46,"column":93}},"5":{"start":{"line":47,"column":8},"end":{"line":47,"column":1834}},"6":{"start":{"line":51,"column":12},"end":{"line":51,"column":2002}},"7":{"start":{"line":52,"column":16},"end":{"line":52,"column":93}},"8":{"start":{"line":59,"column":8},"end":{"line":59,"column":28}},"9":{"start":{"line":60,"column":8},"end":{"line":60,"column":24}},"10":{"start":{"line":62,"column":8},"end":{"line":62,"column":2525}},"11":{"start":{"line":67,"column":8},"end":{"line":67,"column":84}},"12":{"start":{"line":68,"column":8},"end":{"line":68,"column":82}},"13":{"start":{"line":69,"column":8},"end":{"line":69,"column":2856}},"14":{"start":{"line":70,"column":12},"end":{"line":70,"column":2908}},"15":{"start":{"line":72,"column":19},"end":{"line":72,"column":2995}},"16":{"start":{"line":78,"column":8},"end":{"line":78,"column":42}},"17":{"start":{"line":104,"column":8},"end":{"line":104,"column":100}},"18":{"start":{"line":105,"column":8},"end":{"line":105,"column":4262}},"19":{"start":{"line":110,"column":8},"end":{"line":110,"column":93}},"20":{"start":{"line":111,"column":8},"end":{"line":111,"column":4556}},"21":{"start":{"line":115,"column":12},"end":{"line":115,"column":4724}},"22":{"start":{"line":116,"column":16},"end":{"line":116,"column":93}},"23":{"start":{"line":123,"column":8},"end":{"line":123,"column":28}},"24":{"start":{"line":124,"column":8},"end":{"line":124,"column":24}},"25":{"start":{"line":126,"column":8},"end":{"line":126,"column":5241}},"26":{"start":{"line":131,"column":8},"end":{"line":131,"column":84}},"27":{"start":{"line":132,"column":8},"end":{"line":132,"column":82}},"28":{"start":{"line":133,"column":8},"end":{"line":133,"column":5572}},"29":{"start":{"line":134,"column":12},"end":{"line":134,"column":5624}},"30":{"start":{"line":136,"column":19},"end":{"line":136,"column":5711}},"31":{"start":{"line":190,"column":8},"end":{"line":190,"column":8113}},"32":{"start":{"line":199,"column":8},"end":{"line":199,"column":8495}},"33":{"start":{"line":204,"column":12},"end":{"line":204,"column":8729}},"34":{"start":{"line":205,"column":16},"end":{"line":205,"column":32}},"35":{"start":{"line":218,"column":8},"end":{"line":218,"column":9406}},"36":{"start":{"line":221,"column":12},"end":{"line":221,"column":9643}},"37":{"start":{"line":222,"column":16},"end":{"line":222,"column":32}},"38":{"start":{"line":224,"column":16},"end":{"line":224,"column":9849}},"39":{"start":{"line":241,"column":8},"end":{"line":241,"column":10579}},"40":{"start":{"line":243,"column":12},"end":{"line":243,"column":10689}},"41":{"start":{"line":246,"column":19},"end":{"line":246,"column":10848}},"42":{"start":{"line":263,"column":8},"end":{"line":263,"column":11493}},"43":{"start":{"line":278,"column":8},"end":{"line":278,"column":35}},"44":{"start":{"line":278,"column":27},"end":{"line":278,"column":35}},"45":{"start":{"line":280,"column":8},"end":{"line":280,"column":46}},"46":{"start":{"line":293,"column":8},"end":{"line":293,"column":12758}},"47":{"start":{"line":294,"column":12},"end":{"line":294,"column":41}},"48":{"start":{"line":297,"column":8},"end":{"line":297,"column":91}},"49":{"start":{"line":298,"column":8},"end":{"line":298,"column":12982}},"50":{"start":{"line":299,"column":12},"end":{"line":299,"column":41}},"51":{"start":{"line":303,"column":8},"end":{"line":303,"column":87}},"52":{"start":{"line":304,"column":8},"end":{"line":304,"column":13191}},"53":{"start":{"line":305,"column":12},"end":{"line":305,"column":41}},"54":{"start":{"line":309,"column":8},"end":{"line":309,"column":71}},"55":{"start":{"line":311,"column":8},"end":{"line":311,"column":31}},"56":{"start":{"line":312,"column":8},"end":{"line":312,"column":31}},"57":{"start":{"line":313,"column":8},"end":{"line":313,"column":51}},"58":{"start":{"line":316,"column":8},"end":{"line":316,"column":13574}},"59":{"start":{"line":317,"column":12},"end":{"line":317,"column":26}},"60":{"start":{"line":318,"column":12},"end":{"line":318,"column":13654}},"61":{"start":{"line":323,"column":12},"end":{"line":323,"column":120}},"62":{"start":{"line":325,"column":12},"end":{"line":325,"column":13944}},"63":{"start":{"line":326,"column":16},"end":{"line":326,"column":52}},"64":{"start":{"line":327,"column":16},"end":{"line":327,"column":58}},"65":{"start":{"line":333,"column":8},"end":{"line":333,"column":14218}},"66":{"start":{"line":334,"column":12},"end":{"line":334,"column":41}},"67":{"start":{"line":339,"column":8},"end":{"line":339,"column":29}}},"branchMap":{"1":{"line":41,"type":"if","locations":[{"start":{"line":41,"column":8},"end":{"line":41,"column":8}},{"start":{"line":41,"column":8},"end":{"line":41,"column":8}}]},"2":{"line":47,"type":"if","locations":[{"start":{"line":47,"column":8},"end":{"line":47,"column":8}},{"start":{"line":47,"column":8},"end":{"line":47,"column":8}}]},"3":{"line":51,"type":"if","locations":[{"start":{"line":51,"column":12},"end":{"line":51,"column":12}},{"start":{"line":51,"column":12},"end":{"line":51,"column":12}}]},"4":{"line":62,"type":"if","locations":[{"start":{"line":62,"column":8},"end":{"line":62,"column":8}},{"start":{"line":62,"column":8},"end":{"line":62,"column":8}}]},"5":{"line":69,"type":"if","locations":[{"start":{"line":69,"column":8},"end":{"line":69,"column":8}},{"start":{"line":69,"column":8},"end":{"line":69,"column":8}}]},"6":{"line":70,"type":"if","locations":[{"start":{"line":70,"column":12},"end":{"line":70,"column":12}},{"start":{"line":70,"column":12},"end":{"line":70,"column":12}}]},"7":{"line":72,"type":"if","locations":[{"start":{"line":72,"column":19},"end":{"line":72,"column":19}},{"start":{"line":72,"column":19},"end":{"line":72,"column":19}}]},"8":{"line":105,"type":"if","locations":[{"start":{"line":105,"column":8},"end":{"line":105,"column":8}},{"start":{"line":105,"column":8},"end":{"line":105,"column":8}}]},"9":{"line":111,"type":"if","locations":[{"start":{"line":111,"column":8},"end":{"line":111,"column":8}},{"start":{"line":111,"column":8},"end":{"line":111,"column":8}}]},"10":{"line":115,"type":"if","locations":[{"start":{"line":115,"column":12},"end":{"line":115,"column":12}},{"start":{"line":115,"column":12},"end":{"line":115,"column":12}}]},"11":{"line":126,"type":"if","locations":[{"start":{"line":126,"column":8},"end":{"line":126,"column":8}},{"start":{"line":126,"column":8},"end":{"line":126,"column":8}}]},"12":{"line":133,"type":"if","locations":[{"start":{"line":133,"column":8},"end":{"line":133,"column":8}},{"start":{"line":133,"column":8},"end":{"line":133,"column":8}}]},"13":{"line":134,"type":"if","locations":[{"start":{"line":134,"column":12},"end":{"line":134,"column":12}},{"start":{"line":134,"column":12},"end":{"line":134,"column":12}}]},"14":{"line":136,"type":"if","locations":[{"start":{"line":136,"column":19},"end":{"line":136,"column":19}},{"start":{"line":136,"column":19},"end":{"line":136,"column":19}}]},"15":{"line":190,"type":"if","locations":[{"start":{"line":190,"column":8},"end":{"line":190,"column":8}},{"start":{"line":190,"column":8},"end":{"line":190,"column":8}}]},"16":{"line":199,"type":"if","locations":[{"start":{"line":199,"column":8},"end":{"line":199,"column":8}},{"start":{"line":199,"column":8},"end":{"line":199,"column":8}}]},"17":{"line":204,"type":"if","locations":[{"start":{"line":204,"column":12},"end":{"line":204,"column":12}},{"start":{"line":204,"column":12},"end":{"line":204,"column":12}}]},"18":{"line":218,"type":"if","locations":[{"start":{"line":218,"column":8},"end":{"line":218,"column":8}},{"start":{"line":218,"column":8},"end":{"line":218,"column":8}}]},"19":{"line":221,"type":"if","locations":[{"start":{"line":221,"column":12},"end":{"line":221,"column":12}},{"start":{"line":221,"column":12},"end":{"line":221,"column":12}}]},"20":{"line":224,"type":"if","locations":[{"start":{"line":224,"column":16},"end":{"line":224,"column":16}},{"start":{"line":224,"column":16},"end":{"line":224,"column":16}}]},"21":{"line":241,"type":"if","locations":[{"start":{"line":241,"column":8},"end":{"line":241,"column":8}},{"start":{"line":241,"column":8},"end":{"line":241,"column":8}}]},"22":{"line":243,"type":"if","locations":[{"start":{"line":243,"column":12},"end":{"line":243,"column":12}},{"start":{"line":243,"column":12},"end":{"line":243,"column":12}}]},"23":{"line":246,"type":"if","locations":[{"start":{"line":246,"column":19},"end":{"line":246,"column":19}},{"start":{"line":246,"column":19},"end":{"line":246,"column":19}}]},"24":{"line":278,"type":"if","locations":[{"start":{"line":278,"column":8},"end":{"line":278,"column":8}},{"start":{"line":278,"column":8},"end":{"line":278,"column":8}}]},"25":{"line":293,"type":"if","locations":[{"start":{"line":293,"column":8},"end":{"line":293,"column":8}},{"start":{"line":293,"column":8},"end":{"line":293,"column":8}}]},"26":{"line":298,"type":"if","locations":[{"start":{"line":298,"column":8},"end":{"line":298,"column":8}},{"start":{"line":298,"column":8},"end":{"line":298,"column":8}}]},"27":{"line":304,"type":"if","locations":[{"start":{"line":304,"column":8},"end":{"line":304,"column":8}},{"start":{"line":304,"column":8},"end":{"line":304,"column":8}}]},"28":{"line":318,"type":"if","locations":[{"start":{"line":318,"column":12},"end":{"line":318,"column":12}},{"start":{"line":318,"column":12},"end":{"line":318,"column":12}}]},"29":{"line":325,"type":"if","locations":[{"start":{"line":325,"column":12},"end":{"line":325,"column":12}},{"start":{"line":325,"column":12},"end":{"line":325,"column":12}}]},"30":{"line":333,"type":"if","locations":[{"start":{"line":333,"column":8},"end":{"line":333,"column":8}},{"start":{"line":333,"column":8},"end":{"line":333,"column":8}}]}}},"contracts/Treasury.sol":{"l":{"26":33,"27":33,"28":33,"29":33,"30":33,"38":4,"39":4,"43":4,"44":3,"45":3,"58":1,"59":1,"62":1,"63":0,"64":0,"66":1,"67":1,"71":1,"73":1},"path":"/Users/ygorfrancisco/brics-protocol/contracts/Treasury.sol","s":{"1":33,"2":33,"3":33,"4":3,"5":4,"6":4,"7":4,"8":1,"9":3,"10":3,"11":1,"12":1,"13":1},"b":{"1":[3,1],"2":[4,1],"3":[1,3],"4":[0,1]},"f":{"1":33,"2":3,"3":4,"4":4,"5":1,"6":1},"fnMap":{"1":{"name":"constructor","line":25,"loc":{"start":{"line":25,"column":4},"end":{"line":31,"column":4}}},"2":{"name":"setBufferTargetBps","line":33,"loc":{"start":{"line":33,"column":4},"end":{"line":35,"column":4}}},"3":{"name":"fund","line":37,"loc":{"start":{"line":37,"column":4},"end":{"line":40,"column":4}}},"4":{"name":"pay","line":42,"loc":{"start":{"line":42,"column":4},"end":{"line":46,"column":4}}},"5":{"name":"balance","line":48,"loc":{"start":{"line":48,"column":4},"end":{"line":48,"column":96}}},"6":{"name":"getLiquidityStatus","line":51,"loc":{"start":{"line":51,"column":4},"end":{"line":74,"column":4}}}},"statementMap":{"1":{"start":{"line":26,"column":8},"end":{"line":26,"column":42}},"2":{"start":{"line":27,"column":8},"end":{"line":27,"column":32}},"3":{"start":{"line":28,"column":8},"end":{"line":28,"column":32}},"4":{"start":{"line":34,"column":31},"end":{"line":34,"column":56}},"5":{"start":{"line":38,"column":8},"end":{"line":38,"column":64}},"6":{"start":{"line":39,"column":8},"end":{"line":39,"column":43}},"7":{"start":{"line":43,"column":8},"end":{"line":43,"column":62}},"8":{"start":{"line":43,"column":30},"end":{"line":43,"column":61}},"9":{"start":{"line":44,"column":8},"end":{"line":44,"column":37}},"10":{"start":{"line":45,"column":8},"end":{"line":45,"column":45}},"11":{"start":{"line":48,"column":57},"end":{"line":48,"column":94}},"12":{"start":{"line":62,"column":8},"end":{"line":62,"column":2323}},"13":{"start":{"line":73,"column":8},"end":{"line":73,"column":73}}},"branchMap":{"1":{"line":33,"type":"if","locations":[{"start":{"line":33,"column":54},"end":{"line":33,"column":54}},{"start":{"line":33,"column":54},"end":{"line":33,"column":54}}]},"2":{"line":42,"type":"if","locations":[{"start":{"line":42,"column":54},"end":{"line":42,"column":54}},{"start":{"line":42,"column":54},"end":{"line":42,"column":54}}]},"3":{"line":43,"type":"if","locations":[{"start":{"line":43,"column":8},"end":{"line":43,"column":8}},{"start":{"line":43,"column":8},"end":{"line":43,"column":8}}]},"4":{"line":62,"type":"if","locations":[{"start":{"line":62,"column":8},"end":{"line":62,"column":8}},{"start":{"line":62,"column":8},"end":{"line":62,"column":8}}]}}}}