{"contracts/AdaptiveTranchingOracleAdapter.sol":{"l":{"36":14,"37":14,"38":14,"40":14,"41":14,"42":14,"44":14,"45":14,"54":9,"57":8,"58":7,"59":6,"60":5,"63":4,"66":4,"69":4,"82":2,"83":1,"85":1,"100":2,"105":1,"108":1,"118":4,"119":3,"128":1,"137":2,"146":43,"147":41,"158":13,"159":13,"162":11,"163":9,"164":7,"167":5,"175":5,"178":5,"181":5},"path":"/Users/ygorfrancisco/brics-protocol/contracts/AdaptiveTranchingOracleAdapter.sol","s":{"1":14,"2":14,"3":14,"4":14,"5":14,"6":14,"7":9,"8":8,"9":7,"10":6,"11":5,"12":4,"13":4,"14":2,"15":1,"16":1,"17":2,"18":1,"19":1,"20":4,"21":3,"22":1,"23":2,"24":43,"25":13,"26":13,"27":11,"28":9,"29":7,"30":5,"31":5,"32":5},"b":{"1":[14,0],"2":[14,0],"3":[14,0],"4":[8,1],"5":[8,0],"6":[7,1],"7":[6,1],"8":[5,1],"9":[4,1],"10":[4,1],"11":[3,1],"12":[1,0],"13":[43,2],"14":[41,2],"15":[11,2],"16":[9,2],"17":[7,2],"18":[5,2]},"f":{"1":14,"2":9,"3":2,"4":2,"5":4,"6":1,"7":2,"8":43,"9":13},"fnMap":{"1":{"name":"constructor","line":35,"loc":{"start":{"line":35,"column":4},"end":{"line":46,"column":4}}},"2":{"name":"submitSignal","line":53,"loc":{"start":{"line":53,"column":4},"end":{"line":75,"column":4}}},"3":{"name":"getTranchingMode","line":81,"loc":{"start":{"line":81,"column":4},"end":{"line":87,"column":4}}},"4":{"name":"getTranchingThresholds","line":95,"loc":{"start":{"line":95,"column":4},"end":{"line":110,"column":4}}},"5":{"name":"grantOracleRole","line":117,"loc":{"start":{"line":117,"column":4},"end":{"line":120,"column":4}}},"6":{"name":"revokeOracleRole","line":127,"loc":{"start":{"line":127,"column":4},"end":{"line":129,"column":4}}},"7":{"name":"hasOracleRole","line":136,"loc":{"start":{"line":136,"column":4},"end":{"line":138,"column":4}}},"8":{"name":"setRiskOracle","line":145,"loc":{"start":{"line":145,"column":4},"end":{"line":148,"column":4}}},"9":{"name":"submitSignedRiskSignal","line":156,"loc":{"start":{"line":156,"column":4},"end":{"line":187,"column":4}}}},"statementMap":{"1":{"start":{"line":36,"column":8},"end":{"line":36,"column":63}},"2":{"start":{"line":37,"column":8},"end":{"line":37,"column":69}},"3":{"start":{"line":38,"column":8},"end":{"line":38,"column":69}},"4":{"start":{"line":40,"column":8},"end":{"line":40,"column":42}},"5":{"start":{"line":41,"column":8},"end":{"line":41,"column":32}},"6":{"start":{"line":42,"column":8},"end":{"line":42,"column":35}},"7":{"start":{"line":54,"column":8},"end":{"line":54,"column":97}},"8":{"start":{"line":57,"column":8},"end":{"line":57,"column":75}},"9":{"start":{"line":58,"column":8},"end":{"line":58,"column":71}},"10":{"start":{"line":59,"column":8},"end":{"line":59,"column":63}},"11":{"start":{"line":60,"column":8},"end":{"line":60,"column":66}},"12":{"start":{"line":66,"column":8},"end":{"line":66,"column":62}},"13":{"start":{"line":69,"column":8},"end":{"line":69,"column":2645}},"14":{"start":{"line":82,"column":8},"end":{"line":82,"column":3151}},"15":{"start":{"line":83,"column":12},"end":{"line":83,"column":23}},"16":{"start":{"line":85,"column":12},"end":{"line":85,"column":20}},"17":{"start":{"line":100,"column":8},"end":{"line":100,"column":3753}},"18":{"start":{"line":105,"column":12},"end":{"line":105,"column":63}},"19":{"start":{"line":108,"column":12},"end":{"line":108,"column":39}},"20":{"start":{"line":118,"column":8},"end":{"line":118,"column":69}},"21":{"start":{"line":119,"column":8},"end":{"line":119,"column":38}},"22":{"start":{"line":128,"column":8},"end":{"line":128,"column":39}},"23":{"start":{"line":137,"column":8},"end":{"line":137,"column":43}},"24":{"start":{"line":146,"column":8},"end":{"line":146,"column":69}},"25":{"start":{"line":158,"column":8},"end":{"line":158,"column":72}},"26":{"start":{"line":159,"column":8},"end":{"line":159,"column":50}},"27":{"start":{"line":162,"column":8},"end":{"line":162,"column":69}},"28":{"start":{"line":163,"column":8},"end":{"line":163,"column":59}},"29":{"start":{"line":164,"column":8},"end":{"line":164,"column":67}},"30":{"start":{"line":167,"column":8},"end":{"line":167,"column":6193}},"31":{"start":{"line":178,"column":8},"end":{"line":178,"column":62}},"32":{"start":{"line":181,"column":8},"end":{"line":181,"column":6741}}},"branchMap":{"1":{"line":36,"type":"if","locations":[{"start":{"line":36,"column":8},"end":{"line":36,"column":8}},{"start":{"line":36,"column":8},"end":{"line":36,"column":8}}]},"2":{"line":37,"type":"if","locations":[{"start":{"line":37,"column":8},"end":{"line":37,"column":8}},{"start":{"line":37,"column":8},"end":{"line":37,"column":8}}]},"3":{"line":38,"type":"if","locations":[{"start":{"line":38,"column":8},"end":{"line":38,"column":8}},{"start":{"line":38,"column":8},"end":{"line":38,"column":8}}]},"4":{"line":54,"type":"if","locations":[{"start":{"line":54,"column":8},"end":{"line":54,"column":8}},{"start":{"line":54,"column":8},"end":{"line":54,"column":8}}]},"5":{"line":54,"type":"cond-expr","locations":[{"start":{"line":54,"column":16},"end":{"line":54,"column":47}},{"start":{"line":54,"column":52},"end":{"line":54,"column":80}}]},"6":{"line":57,"type":"if","locations":[{"start":{"line":57,"column":8},"end":{"line":57,"column":8}},{"start":{"line":57,"column":8},"end":{"line":57,"column":8}}]},"7":{"line":58,"type":"if","locations":[{"start":{"line":58,"column":8},"end":{"line":58,"column":8}},{"start":{"line":58,"column":8},"end":{"line":58,"column":8}}]},"8":{"line":59,"type":"if","locations":[{"start":{"line":59,"column":8},"end":{"line":59,"column":8}},{"start":{"line":59,"column":8},"end":{"line":59,"column":8}}]},"9":{"line":60,"type":"if","locations":[{"start":{"line":60,"column":8},"end":{"line":60,"column":8}},{"start":{"line":60,"column":8},"end":{"line":60,"column":8}}]},"10":{"line":117,"type":"if","locations":[{"start":{"line":117,"column":54},"end":{"line":117,"column":54}},{"start":{"line":117,"column":54},"end":{"line":117,"column":54}}]},"11":{"line":118,"type":"if","locations":[{"start":{"line":118,"column":8},"end":{"line":118,"column":8}},{"start":{"line":118,"column":8},"end":{"line":118,"column":8}}]},"12":{"line":127,"type":"if","locations":[{"start":{"line":127,"column":55},"end":{"line":127,"column":55}},{"start":{"line":127,"column":55},"end":{"line":127,"column":55}}]},"13":{"line":145,"type":"if","locations":[{"start":{"line":145,"column":52},"end":{"line":145,"column":52}},{"start":{"line":145,"column":52},"end":{"line":145,"column":52}}]},"14":{"line":146,"type":"if","locations":[{"start":{"line":146,"column":8},"end":{"line":146,"column":8}},{"start":{"line":146,"column":8},"end":{"line":146,"column":8}}]},"15":{"line":159,"type":"if","locations":[{"start":{"line":159,"column":8},"end":{"line":159,"column":8}},{"start":{"line":159,"column":8},"end":{"line":159,"column":8}}]},"16":{"line":162,"type":"if","locations":[{"start":{"line":162,"column":8},"end":{"line":162,"column":8}},{"start":{"line":162,"column":8},"end":{"line":162,"column":8}}]},"17":{"line":163,"type":"if","locations":[{"start":{"line":163,"column":8},"end":{"line":163,"column":8}},{"start":{"line":163,"column":8},"end":{"line":163,"column":8}}]},"18":{"line":164,"type":"if","locations":[{"start":{"line":164,"column":8},"end":{"line":164,"column":8}},{"start":{"line":164,"column":8},"end":{"line":164,"column":8}}]}}},"contracts/BRICSToken.sol":{"l":{"25":29,"26":29,"27":29,"28":29,"35":22,"36":22,"37":20},"path":"/Users/ygorfrancisco/brics-protocol/contracts/BRICSToken.sol","s":{"1":29,"2":29,"3":29,"4":20,"5":2,"6":22,"7":2,"8":22,"9":20,"10":20},"b":{"1":[20,2],"2":[2,2],"3":[2,20],"4":[2,0],"5":[20,2],"6":[18,2]},"f":{"1":29,"2":20,"3":2,"4":22},"fnMap":{"1":{"name":"constructor","line":23,"loc":{"start":{"line":22,"column":4},"end":{"line":29,"column":4}}},"2":{"name":"mint","line":31,"loc":{"start":{"line":31,"column":4},"end":{"line":31,"column":92}}},"3":{"name":"burn","line":32,"loc":{"start":{"line":32,"column":4},"end":{"line":32,"column":96}}},"4":{"name":"_update","line":34,"loc":{"start":{"line":34,"column":4},"end":{"line":38,"column":4}}}},"statementMap":{"1":{"start":{"line":25,"column":8},"end":{"line":25,"column":42}},"2":{"start":{"line":26,"column":8},"end":{"line":26,"column":35}},"3":{"start":{"line":27,"column":8},"end":{"line":27,"column":35}},"4":{"start":{"line":31,"column":76},"end":{"line":31,"column":89}},"5":{"start":{"line":32,"column":78},"end":{"line":32,"column":93}},"6":{"start":{"line":35,"column":8},"end":{"line":35,"column":89}},"7":{"start":{"line":35,"column":32},"end":{"line":35,"column":88}},"8":{"start":{"line":36,"column":8},"end":{"line":36,"column":93}},"9":{"start":{"line":36,"column":32},"end":{"line":36,"column":92}},"10":{"start":{"line":37,"column":8},"end":{"line":37,"column":37}}},"branchMap":{"1":{"line":31,"type":"if","locations":[{"start":{"line":31,"column":52},"end":{"line":31,"column":52}},{"start":{"line":31,"column":52},"end":{"line":31,"column":52}}]},"2":{"line":32,"type":"if","locations":[{"start":{"line":32,"column":54},"end":{"line":32,"column":54}},{"start":{"line":32,"column":54},"end":{"line":32,"column":54}}]},"3":{"line":35,"type":"if","locations":[{"start":{"line":35,"column":8},"end":{"line":35,"column":8}},{"start":{"line":35,"column":8},"end":{"line":35,"column":8}}]},"4":{"line":35,"type":"if","locations":[{"start":{"line":35,"column":32},"end":{"line":35,"column":32}},{"start":{"line":35,"column":32},"end":{"line":35,"column":32}}]},"5":{"line":36,"type":"if","locations":[{"start":{"line":36,"column":8},"end":{"line":36,"column":8}},{"start":{"line":36,"column":8},"end":{"line":36,"column":8}}]},"6":{"line":36,"type":"if","locations":[{"start":{"line":36,"column":32},"end":{"line":36,"column":32}},{"start":{"line":36,"column":32},"end":{"line":36,"column":32}}]}}},"contracts/ClaimRegistry.sol":{"l":{"68":23,"69":23,"70":23,"71":23,"89":6,"91":6,"107":6,"108":6,"109":6,"111":6,"120":3,"121":3,"122":3,"124":3,"125":3,"127":3,"136":2,"137":2,"138":2,"140":2,"141":2,"143":2,"152":1,"153":1,"154":1,"156":1,"157":1,"159":1,"168":1,"169":1,"171":1,"172":1,"173":1,"175":1,"184":1,"185":1,"199":0,"200":0,"201":0,"202":0,"205":0,"206":0,"208":0,"216":0,"217":0,"224":0,"231":0},"path":"/Users/ygorfrancisco/brics-protocol/contracts/ClaimRegistry.sol","s":{"1":23,"2":23,"3":23,"4":23,"5":6,"6":3,"7":3,"8":3,"9":3,"10":2,"11":2,"12":2,"13":2,"14":1,"15":1,"16":1,"17":1,"18":1,"19":1,"20":1,"21":1,"22":0,"23":0,"24":0,"25":0,"26":0,"27":0,"28":0,"29":0,"30":0,"31":0,"32":0,"33":0,"34":0,"35":0,"36":0,"37":0},"b":{"1":[6,1],"2":[3,0],"3":[0,3],"4":[0,0],"5":[0,3],"6":[2,0],"7":[0,2],"8":[0,0],"9":[0,2],"10":[1,0],"11":[0,1],"12":[0,0],"13":[0,1],"14":[1,0],"15":[0,1],"16":[0,0],"17":[1,0],"18":[0,0],"19":[0,0],"20":[0,0],"21":[0,0],"22":[0,0],"23":[0,0],"24":[0,0]},"f":{"1":23,"2":6,"3":3,"4":2,"5":1,"6":1,"7":1,"8":0,"9":0,"10":0,"11":0},"fnMap":{"1":{"name":"constructor","line":67,"loc":{"start":{"line":67,"column":4},"end":{"line":72,"column":4}}},"2":{"name":"triggerClaim","line":88,"loc":{"start":{"line":82,"column":4},"end":{"line":112,"column":4}}},"3":{"name":"serveNotice","line":119,"loc":{"start":{"line":119,"column":4},"end":{"line":128,"column":4}}},"4":{"name":"recordAcknowledgment","line":135,"loc":{"start":{"line":135,"column":4},"end":{"line":144,"column":4}}},"5":{"name":"schedulePayment","line":151,"loc":{"start":{"line":151,"column":4},"end":{"line":160,"column":4}}},"6":{"name":"recordSettlement","line":167,"loc":{"start":{"line":167,"column":4},"end":{"line":176,"column":4}}},"7":{"name":"confirmSovereignGuarantee","line":183,"loc":{"start":{"line":183,"column":4},"end":{"line":186,"column":4}}},"8":{"name":"canExpandTier2","line":194,"loc":{"start":{"line":194,"column":4},"end":{"line":209,"column":4}}},"9":{"name":"getClaim","line":215,"loc":{"start":{"line":215,"column":4},"end":{"line":218,"column":4}}},"10":{"name":"getActiveClaimCount","line":223,"loc":{"start":{"line":223,"column":4},"end":{"line":225,"column":4}}},"11":{"name":"isSovereignGuaranteeAvailable","line":230,"loc":{"start":{"line":230,"column":4},"end":{"line":232,"column":4}}}},"statementMap":{"1":{"start":{"line":68,"column":8},"end":{"line":68,"column":42}},"2":{"start":{"line":69,"column":8},"end":{"line":69,"column":32}},"3":{"start":{"line":70,"column":8},"end":{"line":70,"column":32}},"4":{"start":{"line":71,"column":8},"end":{"line":71,"column":32}},"5":{"start":{"line":111,"column":8},"end":{"line":111,"column":67}},"6":{"start":{"line":120,"column":8},"end":{"line":120,"column":52}},"7":{"start":{"line":121,"column":8},"end":{"line":121,"column":77}},"8":{"start":{"line":122,"column":8},"end":{"line":122,"column":58}},"9":{"start":{"line":127,"column":8},"end":{"line":127,"column":84}},"10":{"start":{"line":136,"column":8},"end":{"line":136,"column":52}},"11":{"start":{"line":137,"column":8},"end":{"line":137,"column":77}},"12":{"start":{"line":138,"column":8},"end":{"line":138,"column":58}},"13":{"start":{"line":143,"column":8},"end":{"line":143,"column":58}},"14":{"start":{"line":152,"column":8},"end":{"line":152,"column":52}},"15":{"start":{"line":153,"column":8},"end":{"line":153,"column":77}},"16":{"start":{"line":154,"column":8},"end":{"line":154,"column":66}},"17":{"start":{"line":159,"column":8},"end":{"line":159,"column":63}},"18":{"start":{"line":168,"column":8},"end":{"line":168,"column":52}},"19":{"start":{"line":169,"column":8},"end":{"line":169,"column":77}},"20":{"start":{"line":175,"column":8},"end":{"line":175,"column":70}},"21":{"start":{"line":185,"column":8},"end":{"line":185,"column":59}},"22":{"start":{"line":199,"column":8},"end":{"line":199,"column":52}},"23":{"start":{"line":200,"column":8},"end":{"line":200,"column":60}},"24":{"start":{"line":200,"column":48},"end":{"line":200,"column":60}},"25":{"start":{"line":201,"column":8},"end":{"line":201,"column":45}},"26":{"start":{"line":201,"column":33},"end":{"line":201,"column":45}},"27":{"start":{"line":202,"column":8},"end":{"line":202,"column":93}},"28":{"start":{"line":202,"column":81},"end":{"line":202,"column":93}},"29":{"start":{"line":205,"column":8},"end":{"line":205,"column":80}},"30":{"start":{"line":205,"column":68},"end":{"line":205,"column":80}},"31":{"start":{"line":206,"column":8},"end":{"line":206,"column":63}},"32":{"start":{"line":206,"column":51},"end":{"line":206,"column":63}},"33":{"start":{"line":208,"column":8},"end":{"line":208,"column":19}},"34":{"start":{"line":216,"column":8},"end":{"line":216,"column":98}},"35":{"start":{"line":217,"column":8},"end":{"line":217,"column":30}},"36":{"start":{"line":224,"column":8},"end":{"line":224,"column":31}},"37":{"start":{"line":231,"column":8},"end":{"line":231,"column":66}}},"branchMap":{"1":{"line":88,"type":"if","locations":[{"start":{"line":88,"column":15},"end":{"line":88,"column":15}},{"start":{"line":88,"column":15},"end":{"line":88,"column":15}}]},"2":{"line":119,"type":"if","locations":[{"start":{"line":119,"column":72},"end":{"line":119,"column":72}},{"start":{"line":119,"column":72},"end":{"line":119,"column":72}}]},"3":{"line":121,"type":"if","locations":[{"start":{"line":121,"column":8},"end":{"line":121,"column":8}},{"start":{"line":121,"column":8},"end":{"line":121,"column":8}}]},"4":{"line":121,"type":"cond-expr","locations":[{"start":{"line":121,"column":12},"end":{"line":121,"column":26}},{"start":{"line":121,"column":31},"end":{"line":121,"column":45}}]},"5":{"line":122,"type":"if","locations":[{"start":{"line":122,"column":8},"end":{"line":122,"column":8}},{"start":{"line":122,"column":8},"end":{"line":122,"column":8}}]},"6":{"line":135,"type":"if","locations":[{"start":{"line":135,"column":83},"end":{"line":135,"column":83}},{"start":{"line":135,"column":83},"end":{"line":135,"column":83}}]},"7":{"line":137,"type":"if","locations":[{"start":{"line":137,"column":8},"end":{"line":137,"column":8}},{"start":{"line":137,"column":8},"end":{"line":137,"column":8}}]},"8":{"line":137,"type":"cond-expr","locations":[{"start":{"line":137,"column":12},"end":{"line":137,"column":26}},{"start":{"line":137,"column":31},"end":{"line":137,"column":45}}]},"9":{"line":138,"type":"if","locations":[{"start":{"line":138,"column":8},"end":{"line":138,"column":8}},{"start":{"line":138,"column":8},"end":{"line":138,"column":8}}]},"10":{"line":151,"type":"if","locations":[{"start":{"line":151,"column":71},"end":{"line":151,"column":71}},{"start":{"line":151,"column":71},"end":{"line":151,"column":71}}]},"11":{"line":153,"type":"if","locations":[{"start":{"line":153,"column":8},"end":{"line":153,"column":8}},{"start":{"line":153,"column":8},"end":{"line":153,"column":8}}]},"12":{"line":153,"type":"cond-expr","locations":[{"start":{"line":153,"column":12},"end":{"line":153,"column":26}},{"start":{"line":153,"column":31},"end":{"line":153,"column":45}}]},"13":{"line":154,"type":"if","locations":[{"start":{"line":154,"column":8},"end":{"line":154,"column":8}},{"start":{"line":154,"column":8},"end":{"line":154,"column":8}}]},"14":{"line":167,"type":"if","locations":[{"start":{"line":167,"column":72},"end":{"line":167,"column":72}},{"start":{"line":167,"column":72},"end":{"line":167,"column":72}}]},"15":{"line":169,"type":"if","locations":[{"start":{"line":169,"column":8},"end":{"line":169,"column":8}},{"start":{"line":169,"column":8},"end":{"line":169,"column":8}}]},"16":{"line":169,"type":"cond-expr","locations":[{"start":{"line":169,"column":12},"end":{"line":169,"column":26}},{"start":{"line":169,"column":31},"end":{"line":169,"column":45}}]},"17":{"line":183,"type":"if","locations":[{"start":{"line":183,"column":88},"end":{"line":183,"column":88}},{"start":{"line":183,"column":88},"end":{"line":183,"column":88}}]},"18":{"line":200,"type":"if","locations":[{"start":{"line":200,"column":8},"end":{"line":200,"column":8}},{"start":{"line":200,"column":8},"end":{"line":200,"column":8}}]},"19":{"line":200,"type":"cond-expr","locations":[{"start":{"line":200,"column":12},"end":{"line":200,"column":26}},{"start":{"line":200,"column":31},"end":{"line":200,"column":45}}]},"20":{"line":201,"type":"if","locations":[{"start":{"line":201,"column":8},"end":{"line":201,"column":8}},{"start":{"line":201,"column":8},"end":{"line":201,"column":8}}]},"21":{"line":202,"type":"if","locations":[{"start":{"line":202,"column":8},"end":{"line":202,"column":8}},{"start":{"line":202,"column":8},"end":{"line":202,"column":8}}]},"22":{"line":205,"type":"if","locations":[{"start":{"line":205,"column":8},"end":{"line":205,"column":8}},{"start":{"line":205,"column":8},"end":{"line":205,"column":8}}]},"23":{"line":206,"type":"if","locations":[{"start":{"line":206,"column":8},"end":{"line":206,"column":8}},{"start":{"line":206,"column":8},"end":{"line":206,"column":8}}]},"24":{"line":216,"type":"if","locations":[{"start":{"line":216,"column":8},"end":{"line":216,"column":8}},{"start":{"line":216,"column":8},"end":{"line":216,"column":8}}]}}},"contracts/ConfigRegistry.sol":{"l":{"119":262,"120":262,"122":262,"128":262,"134":262,"140":262,"150":4,"151":4,"152":4,"155":4,"156":4,"157":4,"160":2,"161":2,"162":2,"165":2,"166":2,"167":2,"172":5,"173":4,"174":4,"177":5,"178":4,"179":4,"182":5,"183":4,"184":4,"187":5,"188":4,"189":4,"192":2,"193":1,"194":1,"199":1,"200":1,"201":1,"202":1,"206":1,"207":1,"208":1,"209":1,"213":1,"214":1,"215":1,"216":1,"220":1,"221":1,"222":1,"223":1,"227":1,"228":1,"229":1,"230":1,"235":0,"236":0,"237":0,"241":0,"242":0,"243":0,"244":0,"249":5,"250":4,"251":4,"252":4,"255":6,"256":6,"257":6,"258":6,"259":6,"268":44,"269":43,"270":42,"271":39,"278":39,"279":39,"283":2,"284":2,"285":2,"286":2,"287":2,"288":2,"289":2,"290":2,"294":2,"295":2,"296":2,"300":4,"301":3,"308":29,"309":29,"310":29,"313":28,"314":28,"318":1,"319":3,"320":3,"321":3,"322":2,"323":2,"330":19,"332":13,"333":13,"336":3,"337":3,"340":3,"341":3,"344":0,"345":0,"357":6,"363":14,"368":102,"372":21,"373":20,"374":20,"375":20,"380":99,"384":99,"388":26,"389":25,"390":24,"391":24,"392":24,"397":116,"401":53,"405":25,"406":23,"407":23,"408":23,"412":22,"413":22,"423":86,"424":86,"426":86,"436":86,"439":86,"445":86,"448":86,"449":80,"452":86,"462":20,"463":20,"474":50,"475":50,"476":50,"477":50,"482":110,"486":20,"487":19,"488":19,"489":19,"494":23,"498":23,"502":23,"506":23,"510":23,"515":4,"519":0},"path":"/Users/ygorfrancisco/brics-protocol/contracts/ConfigRegistry.sol","s":{"1":262,"2":262,"3":4,"4":4,"5":4,"6":4,"7":2,"8":2,"9":2,"10":2,"11":5,"12":4,"13":5,"14":4,"15":5,"16":4,"17":5,"18":4,"19":2,"20":1,"21":1,"22":1,"23":1,"24":1,"25":1,"26":1,"27":1,"28":1,"29":1,"30":1,"31":1,"32":1,"33":1,"34":1,"35":1,"36":0,"37":0,"38":0,"39":0,"40":0,"41":5,"42":4,"43":4,"44":6,"45":6,"46":6,"47":6,"48":31,"49":0,"50":0,"51":0,"52":44,"53":43,"54":42,"55":39,"56":39,"57":2,"58":2,"59":2,"60":2,"61":2,"62":2,"63":4,"64":3,"65":1,"66":29,"67":29,"68":29,"69":1,"70":1,"71":3,"72":3,"73":3,"74":2,"75":19,"76":6,"77":3,"78":6,"79":102,"80":21,"81":20,"82":20,"83":99,"84":99,"85":26,"86":25,"87":24,"88":116,"89":53,"90":25,"91":23,"92":23,"93":22,"94":86,"95":86,"96":86,"97":86,"98":86,"99":86,"100":20,"101":20,"102":50,"103":50,"104":50,"105":50,"106":110,"107":20,"108":19,"109":19,"110":23,"111":23,"112":23,"113":23,"114":23,"115":4,"116":0},"b":{"1":[4,1],"2":[0,4],"3":[4,1],"4":[0,4],"5":[2,1],"6":[0,2],"7":[2,1],"8":[0,2],"9":[5,1],"10":[1,4],"11":[5,1],"12":[1,4],"13":[5,1],"14":[1,4],"15":[5,1],"16":[1,4],"17":[2,0],"18":[1,1],"19":[1,0],"20":[0,1],"21":[1,0],"22":[0,1],"23":[1,0],"24":[0,1],"25":[1,0],"26":[0,1],"27":[1,0],"28":[0,1],"29":[0,0],"30":[0,0],"31":[0,0],"32":[1,4],"33":[0,4],"34":[6,1],"35":[0,6],"36":[0,6],"37":[0,6],"38":[0,0],"39":[44,1],"40":[1,43],"41":[1,42],"42":[3,39],"43":[1,1],"44":[1,1],"45":[2,0],"46":[0,2],"47":[0,2],"48":[0,0],"49":[0,0],"50":[2,0],"51":[0,2],"52":[1,3],"53":[0,29],"54":[1,28],"55":[2,1],"56":[13,6],"57":[3,3],"58":[3,0],"59":[21,1],"60":[1,20],"61":[26,1],"62":[1,25],"63":[1,24],"64":[25,0],"65":[2,23],"66":[1,1],"67":[22,0],"68":[86,0],"69":[0,86],"70":[0,86],"71":[80,6],"72":[50,0],"73":[20,1],"74":[1,19]},"f":{"1":262,"2":4,"3":4,"4":2,"5":2,"6":5,"7":5,"8":5,"9":5,"10":2,"11":1,"12":1,"13":1,"14":1,"15":1,"16":0,"17":0,"18":5,"19":6,"20":31,"21":0,"22":0,"23":0,"24":44,"25":2,"26":2,"27":4,"28":1,"29":29,"30":1,"31":19,"32":6,"33":14,"34":102,"35":21,"36":99,"37":99,"38":26,"39":116,"40":53,"41":25,"42":22,"43":86,"44":86,"45":20,"46":50,"47":110,"48":20,"49":23,"50":23,"51":23,"52":23,"53":23,"54":4,"55":0},"fnMap":{"1":{"name":"constructor","line":118,"loc":{"start":{"line":118,"column":4},"end":{"line":146,"column":4}}},"2":{"name":"setMaxTailCorrPpm","line":149,"loc":{"start":{"line":149,"column":4},"end":{"line":153,"column":4}}},"3":{"name":"setMaxSovUtilBps","line":154,"loc":{"start":{"line":154,"column":4},"end":{"line":158,"column":4}}},"4":{"name":"setRedeemCapBps","line":159,"loc":{"start":{"line":159,"column":4},"end":{"line":163,"column":4}}},"5":{"name":"setInstantBufferBps","line":164,"loc":{"start":{"line":164,"column":4},"end":{"line":168,"column":4}}},"6":{"name":"setTradeFeeBps","line":171,"loc":{"start":{"line":171,"column":4},"end":{"line":175,"column":4}}},"7":{"name":"setPmmCurveK_bps","line":176,"loc":{"start":{"line":176,"column":4},"end":{"line":180,"column":4}}},"8":{"name":"setPmmTheta_bps","line":181,"loc":{"start":{"line":181,"column":4},"end":{"line":185,"column":4}}},"9":{"name":"setMaxBoundBps","line":186,"loc":{"start":{"line":186,"column":4},"end":{"line":190,"column":4}}},"10":{"name":"setIssuanceCapBufferBps","line":191,"loc":{"start":{"line":191,"column":4},"end":{"line":195,"column":4}}},"11":{"name":"setRedemptionWeightRiskBps","line":198,"loc":{"start":{"line":198,"column":4},"end":{"line":203,"column":4}}},"12":{"name":"setRedemptionWeightAgeBps","line":205,"loc":{"start":{"line":205,"column":4},"end":{"line":210,"column":4}}},"13":{"name":"setRedemptionWeightSizeBps","line":212,"loc":{"start":{"line":212,"column":4},"end":{"line":217,"column":4}}},"14":{"name":"setRedemptionMinAgeDays","line":219,"loc":{"start":{"line":219,"column":4},"end":{"line":224,"column":4}}},"15":{"name":"setRedemptionSizeBoostThreshold","line":226,"loc":{"start":{"line":226,"column":4},"end":{"line":231,"column":4}}},"16":{"name":"setRedemptionPriorityEnabled","line":234,"loc":{"start":{"line":234,"column":4},"end":{"line":238,"column":4}}},"17":{"name":"setRedemptionMaxPerBatchBps","line":240,"loc":{"start":{"line":240,"column":4},"end":{"line":245,"column":4}}},"18":{"name":"setEmergencyLevel","line":248,"loc":{"start":{"line":248,"column":4},"end":{"line":253,"column":4}}},"19":{"name":"setEmergencyParams","line":254,"loc":{"start":{"line":254,"column":4},"end":{"line":260,"column":4}}},"20":{"name":"getCurrentParams","line":261,"loc":{"start":{"line":261,"column":4},"end":{"line":261,"column":121}}},"21":{"name":"currentMaxIssuanceRateBps","line":262,"loc":{"start":{"line":262,"column":4},"end":{"line":262,"column":134}}},"22":{"name":"currentAmmMaxSlippageBps","line":263,"loc":{"start":{"line":263,"column":4},"end":{"line":263,"column":132}}},"23":{"name":"currentMaxDetachmentBps","line":264,"loc":{"start":{"line":264,"column":4},"end":{"line":264,"column":129}}},"24":{"name":"addSovereign","line":267,"loc":{"start":{"line":267,"column":4},"end":{"line":280,"column":4}}},"25":{"name":"updateSovereign","line":282,"loc":{"start":{"line":282,"column":4},"end":{"line":291,"column":4}}},"26":{"name":"setSovereignEnabled","line":293,"loc":{"start":{"line":293,"column":4},"end":{"line":297,"column":4}}},"27":{"name":"getSovereign","line":299,"loc":{"start":{"line":299,"column":4},"end":{"line":302,"column":4}}},"28":{"name":"sovereigns","line":304,"loc":{"start":{"line":304,"column":4},"end":{"line":304,"column":91}}},"29":{"name":"getEffectiveCapacity","line":307,"loc":{"start":{"line":307,"column":4},"end":{"line":315,"column":4}}},"30":{"name":"getTotalEffectiveCapacity","line":317,"loc":{"start":{"line":317,"column":4},"end":{"line":326,"column":4}}},"31":{"name":"getBoundsForLevel","line":329,"loc":{"start":{"line":329,"column":4},"end":{"line":347,"column":4}}},"32":{"name":"getEconomics","line":351,"loc":{"start":{"line":351,"column":4},"end":{"line":358,"column":4}}},"33":{"name":"getMaxIssuable","line":361,"loc":{"start":{"line":361,"column":4},"end":{"line":364,"column":4}}},"34":{"name":"trancheRiskAdjOverrideBps","line":367,"loc":{"start":{"line":367,"column":4},"end":{"line":369,"column":4}}},"35":{"name":"setTrancheRiskAdjOverrideBps","line":371,"loc":{"start":{"line":371,"column":4},"end":{"line":376,"column":4}}},"36":{"name":"trancheRiskFloorBps","line":379,"loc":{"start":{"line":379,"column":4},"end":{"line":381,"column":4}}},"37":{"name":"trancheRiskCeilBps","line":383,"loc":{"start":{"line":383,"column":4},"end":{"line":385,"column":4}}},"38":{"name":"setTrancheRiskBands","line":387,"loc":{"start":{"line":387,"column":4},"end":{"line":393,"column":4}}},"39":{"name":"trancheRollingEnabled","line":396,"loc":{"start":{"line":396,"column":4},"end":{"line":398,"column":4}}},"40":{"name":"trancheRollingWindowDays","line":400,"loc":{"start":{"line":400,"column":4},"end":{"line":402,"column":4}}},"41":{"name":"setTrancheRollingWindow","line":404,"loc":{"start":{"line":404,"column":4},"end":{"line":409,"column":4}}},"42":{"name":"setTrancheRollingEnabled","line":411,"loc":{"start":{"line":411,"column":4},"end":{"line":414,"column":4}}},"43":{"name":"recordTrancheRiskPoint","line":422,"loc":{"start":{"line":422,"column":4},"end":{"line":427,"column":4}}},"44":{"name":"_appendRollingPoint","line":435,"loc":{"start":{"line":435,"column":4},"end":{"line":453,"column":4}}},"45":{"name":"rollingHead","line":461,"loc":{"start":{"line":461,"column":4},"end":{"line":464,"column":4}}},"46":{"name":"getRollingDataPoint","line":473,"loc":{"start":{"line":473,"column":4},"end":{"line":478,"column":4}}},"47":{"name":"trancheBaseApyOverrideBps","line":481,"loc":{"start":{"line":481,"column":4},"end":{"line":483,"column":4}}},"48":{"name":"setTrancheBaseApyOverrideBps","line":485,"loc":{"start":{"line":485,"column":4},"end":{"line":490,"column":4}}},"49":{"name":"redemptionWeightRiskBps","line":493,"loc":{"start":{"line":493,"column":4},"end":{"line":495,"column":4}}},"50":{"name":"redemptionWeightAgeBps","line":497,"loc":{"start":{"line":497,"column":4},"end":{"line":499,"column":4}}},"51":{"name":"redemptionWeightSizeBps","line":501,"loc":{"start":{"line":501,"column":4},"end":{"line":503,"column":4}}},"52":{"name":"redemptionMinAgeDays","line":505,"loc":{"start":{"line":505,"column":4},"end":{"line":507,"column":4}}},"53":{"name":"redemptionSizeBoostThreshold","line":509,"loc":{"start":{"line":509,"column":4},"end":{"line":511,"column":4}}},"54":{"name":"redemptionPriorityEnabled","line":514,"loc":{"start":{"line":514,"column":4},"end":{"line":516,"column":4}}},"55":{"name":"redemptionMaxPerBatchBps","line":518,"loc":{"start":{"line":518,"column":4},"end":{"line":520,"column":4}}}},"statementMap":{"1":{"start":{"line":119,"column":8},"end":{"line":119,"column":42}},"2":{"start":{"line":120,"column":8},"end":{"line":120,"column":32}},"3":{"start":{"line":150,"column":8},"end":{"line":150,"column":48}},"4":{"start":{"line":152,"column":8},"end":{"line":152,"column":32}},"5":{"start":{"line":155,"column":8},"end":{"line":155,"column":38}},"6":{"start":{"line":157,"column":8},"end":{"line":157,"column":31}},"7":{"start":{"line":160,"column":8},"end":{"line":160,"column":38}},"8":{"start":{"line":162,"column":8},"end":{"line":162,"column":31}},"9":{"start":{"line":165,"column":8},"end":{"line":165,"column":38}},"10":{"start":{"line":167,"column":8},"end":{"line":167,"column":31}},"11":{"start":{"line":172,"column":8},"end":{"line":172,"column":38}},"12":{"start":{"line":174,"column":8},"end":{"line":174,"column":33}},"13":{"start":{"line":177,"column":8},"end":{"line":177,"column":38}},"14":{"start":{"line":179,"column":8},"end":{"line":179,"column":33}},"15":{"start":{"line":182,"column":8},"end":{"line":182,"column":38}},"16":{"start":{"line":184,"column":8},"end":{"line":184,"column":37}},"17":{"start":{"line":187,"column":8},"end":{"line":187,"column":38}},"18":{"start":{"line":189,"column":8},"end":{"line":189,"column":37}},"19":{"start":{"line":192,"column":8},"end":{"line":192,"column":38}},"20":{"start":{"line":194,"column":8},"end":{"line":194,"column":43}},"21":{"start":{"line":199,"column":8},"end":{"line":199,"column":40}},"22":{"start":{"line":200,"column":8},"end":{"line":200,"column":48}},"23":{"start":{"line":202,"column":8},"end":{"line":202,"column":84}},"24":{"start":{"line":206,"column":8},"end":{"line":206,"column":40}},"25":{"start":{"line":207,"column":8},"end":{"line":207,"column":47}},"26":{"start":{"line":209,"column":8},"end":{"line":209,"column":83}},"27":{"start":{"line":213,"column":8},"end":{"line":213,"column":40}},"28":{"start":{"line":214,"column":8},"end":{"line":214,"column":48}},"29":{"start":{"line":216,"column":8},"end":{"line":216,"column":84}},"30":{"start":{"line":220,"column":8},"end":{"line":220,"column":38}},"31":{"start":{"line":221,"column":8},"end":{"line":221,"column":46}},"32":{"start":{"line":223,"column":8},"end":{"line":223,"column":82}},"33":{"start":{"line":227,"column":8},"end":{"line":227,"column":49}},"34":{"start":{"line":228,"column":8},"end":{"line":228,"column":54}},"35":{"start":{"line":230,"column":8},"end":{"line":230,"column":90}},"36":{"start":{"line":235,"column":8},"end":{"line":235,"column":48}},"37":{"start":{"line":237,"column":8},"end":{"line":237,"column":58}},"38":{"start":{"line":241,"column":8},"end":{"line":241,"column":40}},"39":{"start":{"line":242,"column":8},"end":{"line":242,"column":49}},"40":{"start":{"line":244,"column":8},"end":{"line":244,"column":51}},"41":{"start":{"line":249,"column":8},"end":{"line":249,"column":100}},"42":{"start":{"line":250,"column":8},"end":{"line":250,"column":68}},"43":{"start":{"line":252,"column":8},"end":{"line":252,"column":45}},"44":{"start":{"line":255,"column":8},"end":{"line":255,"column":68}},"45":{"start":{"line":256,"column":8},"end":{"line":256,"column":64}},"46":{"start":{"line":257,"column":8},"end":{"line":257,"column":97}},"47":{"start":{"line":259,"column":8},"end":{"line":259,"column":46}},"48":{"start":{"line":261,"column":81},"end":{"line":261,"column":119}},"49":{"start":{"line":262,"column":75},"end":{"line":262,"column":132}},"50":{"start":{"line":263,"column":74},"end":{"line":263,"column":130}},"51":{"start":{"line":264,"column":72},"end":{"line":264,"column":127}},"52":{"start":{"line":268,"column":8},"end":{"line":268,"column":49}},"53":{"start":{"line":269,"column":8},"end":{"line":269,"column":64}},"54":{"start":{"line":270,"column":8},"end":{"line":270,"column":92}},"55":{"start":{"line":278,"column":8},"end":{"line":278,"column":31}},"56":{"start":{"line":279,"column":8},"end":{"line":279,"column":77}},"57":{"start":{"line":283,"column":8},"end":{"line":283,"column":66}},"58":{"start":{"line":284,"column":8},"end":{"line":284,"column":92}},"59":{"start":{"line":285,"column":8},"end":{"line":285,"column":48}},"60":{"start":{"line":290,"column":8},"end":{"line":290,"column":79}},"61":{"start":{"line":294,"column":8},"end":{"line":294,"column":66}},"62":{"start":{"line":296,"column":8},"end":{"line":296,"column":44}},"63":{"start":{"line":300,"column":8},"end":{"line":300,"column":66}},"64":{"start":{"line":301,"column":8},"end":{"line":301,"column":30}},"65":{"start":{"line":304,"column":69},"end":{"line":304,"column":89}},"66":{"start":{"line":308,"column":8},"end":{"line":308,"column":84}},"67":{"start":{"line":309,"column":8},"end":{"line":309,"column":58}},"68":{"start":{"line":310,"column":8},"end":{"line":310,"column":43}},"69":{"start":{"line":310,"column":26},"end":{"line":310,"column":43}},"70":{"start":{"line":318,"column":8},"end":{"line":318,"column":14233}},"71":{"start":{"line":319,"column":12},"end":{"line":319,"column":43}},"72":{"start":{"line":320,"column":12},"end":{"line":320,"column":53}},"73":{"start":{"line":321,"column":12},"end":{"line":321,"column":14402}},"74":{"start":{"line":322,"column":16},"end":{"line":322,"column":88}},"75":{"start":{"line":330,"column":8},"end":{"line":330,"column":14759}},"76":{"start":{"line":334,"column":15},"end":{"line":334,"column":14884}},"77":{"start":{"line":338,"column":15},"end":{"line":338,"column":15008}},"78":{"start":{"line":357,"column":8},"end":{"line":357,"column":70}},"79":{"start":{"line":368,"column":8},"end":{"line":368,"column":52}},"80":{"start":{"line":372,"column":8},"end":{"line":372,"column":51}},"81":{"start":{"line":373,"column":8},"end":{"line":373,"column":61}},"82":{"start":{"line":375,"column":8},"end":{"line":375,"column":62}},"83":{"start":{"line":380,"column":8},"end":{"line":380,"column":46}},"84":{"start":{"line":384,"column":8},"end":{"line":384,"column":45}},"85":{"start":{"line":388,"column":8},"end":{"line":388,"column":49}},"86":{"start":{"line":389,"column":8},"end":{"line":389,"column":52}},"87":{"start":{"line":392,"column":8},"end":{"line":392,"column":62}},"88":{"start":{"line":397,"column":8},"end":{"line":397,"column":48}},"89":{"start":{"line":401,"column":8},"end":{"line":401,"column":51}},"90":{"start":{"line":405,"column":8},"end":{"line":405,"column":65}},"91":{"start":{"line":406,"column":8},"end":{"line":406,"column":63}},"92":{"start":{"line":408,"column":8},"end":{"line":408,"column":70}},"93":{"start":{"line":413,"column":8},"end":{"line":413,"column":57}},"94":{"start":{"line":423,"column":8},"end":{"line":423,"column":65}},"95":{"start":{"line":424,"column":8},"end":{"line":424,"column":55}},"96":{"start":{"line":426,"column":8},"end":{"line":426,"column":60}},"97":{"start":{"line":436,"column":8},"end":{"line":436,"column":63}},"98":{"start":{"line":448,"column":8},"end":{"line":448,"column":19620}},"99":{"start":{"line":452,"column":8},"end":{"line":452,"column":74}},"100":{"start":{"line":462,"column":8},"end":{"line":462,"column":63}},"101":{"start":{"line":463,"column":8},"end":{"line":463,"column":37}},"102":{"start":{"line":474,"column":8},"end":{"line":474,"column":53}},"103":{"start":{"line":475,"column":8},"end":{"line":475,"column":63}},"104":{"start":{"line":476,"column":8},"end":{"line":476,"column":50}},"105":{"start":{"line":477,"column":8},"end":{"line":477,"column":50}},"106":{"start":{"line":482,"column":8},"end":{"line":482,"column":52}},"107":{"start":{"line":486,"column":8},"end":{"line":486,"column":45}},"108":{"start":{"line":487,"column":8},"end":{"line":487,"column":61}},"109":{"start":{"line":489,"column":8},"end":{"line":489,"column":65}},"110":{"start":{"line":494,"column":8},"end":{"line":494,"column":39}},"111":{"start":{"line":498,"column":8},"end":{"line":498,"column":38}},"112":{"start":{"line":502,"column":8},"end":{"line":502,"column":39}},"113":{"start":{"line":506,"column":8},"end":{"line":506,"column":36}},"114":{"start":{"line":510,"column":8},"end":{"line":510,"column":44}},"115":{"start":{"line":515,"column":8},"end":{"line":515,"column":41}},"116":{"start":{"line":519,"column":8},"end":{"line":519,"column":40}}},"branchMap":{"1":{"line":149,"type":"if","locations":[{"start":{"line":149,"column":51},"end":{"line":149,"column":51}},{"start":{"line":149,"column":51},"end":{"line":149,"column":51}}]},"2":{"line":150,"type":"if","locations":[{"start":{"line":150,"column":8},"end":{"line":150,"column":8}},{"start":{"line":150,"column":8},"end":{"line":150,"column":8}}]},"3":{"line":154,"type":"if","locations":[{"start":{"line":154,"column":51},"end":{"line":154,"column":51}},{"start":{"line":154,"column":51},"end":{"line":154,"column":51}}]},"4":{"line":155,"type":"if","locations":[{"start":{"line":155,"column":8},"end":{"line":155,"column":8}},{"start":{"line":155,"column":8},"end":{"line":155,"column":8}}]},"5":{"line":159,"type":"if","locations":[{"start":{"line":159,"column":51},"end":{"line":159,"column":51}},{"start":{"line":159,"column":51},"end":{"line":159,"column":51}}]},"6":{"line":160,"type":"if","locations":[{"start":{"line":160,"column":8},"end":{"line":160,"column":8}},{"start":{"line":160,"column":8},"end":{"line":160,"column":8}}]},"7":{"line":164,"type":"if","locations":[{"start":{"line":164,"column":53},"end":{"line":164,"column":53}},{"start":{"line":164,"column":53},"end":{"line":164,"column":53}}]},"8":{"line":165,"type":"if","locations":[{"start":{"line":165,"column":8},"end":{"line":165,"column":8}},{"start":{"line":165,"column":8},"end":{"line":165,"column":8}}]},"9":{"line":171,"type":"if","locations":[{"start":{"line":171,"column":48},"end":{"line":171,"column":48}},{"start":{"line":171,"column":48},"end":{"line":171,"column":48}}]},"10":{"line":172,"type":"if","locations":[{"start":{"line":172,"column":8},"end":{"line":172,"column":8}},{"start":{"line":172,"column":8},"end":{"line":172,"column":8}}]},"11":{"line":176,"type":"if","locations":[{"start":{"line":176,"column":50},"end":{"line":176,"column":50}},{"start":{"line":176,"column":50},"end":{"line":176,"column":50}}]},"12":{"line":177,"type":"if","locations":[{"start":{"line":177,"column":8},"end":{"line":177,"column":8}},{"start":{"line":177,"column":8},"end":{"line":177,"column":8}}]},"13":{"line":181,"type":"if","locations":[{"start":{"line":181,"column":49},"end":{"line":181,"column":49}},{"start":{"line":181,"column":49},"end":{"line":181,"column":49}}]},"14":{"line":182,"type":"if","locations":[{"start":{"line":182,"column":8},"end":{"line":182,"column":8}},{"start":{"line":182,"column":8},"end":{"line":182,"column":8}}]},"15":{"line":186,"type":"if","locations":[{"start":{"line":186,"column":48},"end":{"line":186,"column":48}},{"start":{"line":186,"column":48},"end":{"line":186,"column":48}}]},"16":{"line":187,"type":"if","locations":[{"start":{"line":187,"column":8},"end":{"line":187,"column":8}},{"start":{"line":187,"column":8},"end":{"line":187,"column":8}}]},"17":{"line":191,"type":"if","locations":[{"start":{"line":191,"column":57},"end":{"line":191,"column":57}},{"start":{"line":191,"column":57},"end":{"line":191,"column":57}}]},"18":{"line":192,"type":"if","locations":[{"start":{"line":192,"column":8},"end":{"line":192,"column":8}},{"start":{"line":192,"column":8},"end":{"line":192,"column":8}}]},"19":{"line":198,"type":"if","locations":[{"start":{"line":198,"column":59},"end":{"line":198,"column":59}},{"start":{"line":198,"column":59},"end":{"line":198,"column":59}}]},"20":{"line":199,"type":"if","locations":[{"start":{"line":199,"column":8},"end":{"line":199,"column":8}},{"start":{"line":199,"column":8},"end":{"line":199,"column":8}}]},"21":{"line":205,"type":"if","locations":[{"start":{"line":205,"column":58},"end":{"line":205,"column":58}},{"start":{"line":205,"column":58},"end":{"line":205,"column":58}}]},"22":{"line":206,"type":"if","locations":[{"start":{"line":206,"column":8},"end":{"line":206,"column":8}},{"start":{"line":206,"column":8},"end":{"line":206,"column":8}}]},"23":{"line":212,"type":"if","locations":[{"start":{"line":212,"column":59},"end":{"line":212,"column":59}},{"start":{"line":212,"column":59},"end":{"line":212,"column":59}}]},"24":{"line":213,"type":"if","locations":[{"start":{"line":213,"column":8},"end":{"line":213,"column":8}},{"start":{"line":213,"column":8},"end":{"line":213,"column":8}}]},"25":{"line":219,"type":"if","locations":[{"start":{"line":219,"column":57},"end":{"line":219,"column":57}},{"start":{"line":219,"column":57},"end":{"line":219,"column":57}}]},"26":{"line":220,"type":"if","locations":[{"start":{"line":220,"column":8},"end":{"line":220,"column":8}},{"start":{"line":220,"column":8},"end":{"line":220,"column":8}}]},"27":{"line":226,"type":"if","locations":[{"start":{"line":226,"column":65},"end":{"line":226,"column":65}},{"start":{"line":226,"column":65},"end":{"line":226,"column":65}}]},"28":{"line":227,"type":"if","locations":[{"start":{"line":227,"column":8},"end":{"line":227,"column":8}},{"start":{"line":227,"column":8},"end":{"line":227,"column":8}}]},"29":{"line":234,"type":"if","locations":[{"start":{"line":234,"column":65},"end":{"line":234,"column":65}},{"start":{"line":234,"column":65},"end":{"line":234,"column":65}}]},"30":{"line":240,"type":"if","locations":[{"start":{"line":240,"column":60},"end":{"line":240,"column":60}},{"start":{"line":240,"column":60},"end":{"line":240,"column":60}}]},"31":{"line":241,"type":"if","locations":[{"start":{"line":241,"column":8},"end":{"line":241,"column":8}},{"start":{"line":241,"column":8},"end":{"line":241,"column":8}}]},"32":{"line":249,"type":"if","locations":[{"start":{"line":249,"column":8},"end":{"line":249,"column":8}},{"start":{"line":249,"column":8},"end":{"line":249,"column":8}}]},"33":{"line":250,"type":"if","locations":[{"start":{"line":250,"column":8},"end":{"line":250,"column":8}},{"start":{"line":250,"column":8},"end":{"line":250,"column":8}}]},"34":{"line":254,"type":"if","locations":[{"start":{"line":254,"column":87},"end":{"line":254,"column":87}},{"start":{"line":254,"column":87},"end":{"line":254,"column":87}}]},"35":{"line":255,"type":"if","locations":[{"start":{"line":255,"column":8},"end":{"line":255,"column":8}},{"start":{"line":255,"column":8},"end":{"line":255,"column":8}}]},"36":{"line":256,"type":"if","locations":[{"start":{"line":256,"column":8},"end":{"line":256,"column":8}},{"start":{"line":256,"column":8},"end":{"line":256,"column":8}}]},"37":{"line":257,"type":"if","locations":[{"start":{"line":257,"column":8},"end":{"line":257,"column":8}},{"start":{"line":257,"column":8},"end":{"line":257,"column":8}}]},"38":{"line":257,"type":"cond-expr","locations":[{"start":{"line":257,"column":12},"end":{"line":257,"column":42}},{"start":{"line":257,"column":47},"end":{"line":257,"column":77}}]},"39":{"line":267,"type":"if","locations":[{"start":{"line":267,"column":122},"end":{"line":267,"column":122}},{"start":{"line":267,"column":122},"end":{"line":267,"column":122}}]},"40":{"line":268,"type":"if","locations":[{"start":{"line":268,"column":8},"end":{"line":268,"column":8}},{"start":{"line":268,"column":8},"end":{"line":268,"column":8}}]},"41":{"line":269,"type":"if","locations":[{"start":{"line":269,"column":8},"end":{"line":269,"column":8}},{"start":{"line":269,"column":8},"end":{"line":269,"column":8}}]},"42":{"line":270,"type":"if","locations":[{"start":{"line":270,"column":8},"end":{"line":270,"column":8}},{"start":{"line":270,"column":8},"end":{"line":270,"column":8}}]},"43":{"line":270,"type":"cond-expr","locations":[{"start":{"line":270,"column":12},"end":{"line":270,"column":29}},{"start":{"line":270,"column":34},"end":{"line":270,"column":51}}]},"44":{"line":270,"type":"cond-expr","locations":[{"start":{"line":270,"column":12},"end":{"line":270,"column":51}},{"start":{"line":270,"column":56},"end":{"line":270,"column":72}}]},"45":{"line":282,"type":"if","locations":[{"start":{"line":282,"column":125},"end":{"line":282,"column":125}},{"start":{"line":282,"column":125},"end":{"line":282,"column":125}}]},"46":{"line":283,"type":"if","locations":[{"start":{"line":283,"column":8},"end":{"line":283,"column":8}},{"start":{"line":283,"column":8},"end":{"line":283,"column":8}}]},"47":{"line":284,"type":"if","locations":[{"start":{"line":284,"column":8},"end":{"line":284,"column":8}},{"start":{"line":284,"column":8},"end":{"line":284,"column":8}}]},"48":{"line":284,"type":"cond-expr","locations":[{"start":{"line":284,"column":12},"end":{"line":284,"column":29}},{"start":{"line":284,"column":34},"end":{"line":284,"column":51}}]},"49":{"line":284,"type":"cond-expr","locations":[{"start":{"line":284,"column":12},"end":{"line":284,"column":51}},{"start":{"line":284,"column":56},"end":{"line":284,"column":72}}]},"50":{"line":293,"type":"if","locations":[{"start":{"line":293,"column":70},"end":{"line":293,"column":70}},{"start":{"line":293,"column":70},"end":{"line":293,"column":70}}]},"51":{"line":294,"type":"if","locations":[{"start":{"line":294,"column":8},"end":{"line":294,"column":8}},{"start":{"line":294,"column":8},"end":{"line":294,"column":8}}]},"52":{"line":300,"type":"if","locations":[{"start":{"line":300,"column":8},"end":{"line":300,"column":8}},{"start":{"line":300,"column":8},"end":{"line":300,"column":8}}]},"53":{"line":308,"type":"if","locations":[{"start":{"line":308,"column":8},"end":{"line":308,"column":8}},{"start":{"line":308,"column":8},"end":{"line":308,"column":8}}]},"54":{"line":310,"type":"if","locations":[{"start":{"line":310,"column":8},"end":{"line":310,"column":8}},{"start":{"line":310,"column":8},"end":{"line":310,"column":8}}]},"55":{"line":321,"type":"if","locations":[{"start":{"line":321,"column":12},"end":{"line":321,"column":12}},{"start":{"line":321,"column":12},"end":{"line":321,"column":12}}]},"56":{"line":330,"type":"if","locations":[{"start":{"line":330,"column":8},"end":{"line":330,"column":8}},{"start":{"line":330,"column":8},"end":{"line":330,"column":8}}]},"57":{"line":334,"type":"if","locations":[{"start":{"line":334,"column":15},"end":{"line":334,"column":15}},{"start":{"line":334,"column":15},"end":{"line":334,"column":15}}]},"58":{"line":338,"type":"if","locations":[{"start":{"line":338,"column":15},"end":{"line":338,"column":15}},{"start":{"line":338,"column":15},"end":{"line":338,"column":15}}]},"59":{"line":371,"type":"if","locations":[{"start":{"line":371,"column":85},"end":{"line":371,"column":85}},{"start":{"line":371,"column":85},"end":{"line":371,"column":85}}]},"60":{"line":372,"type":"if","locations":[{"start":{"line":372,"column":8},"end":{"line":372,"column":8}},{"start":{"line":372,"column":8},"end":{"line":372,"column":8}}]},"61":{"line":387,"type":"if","locations":[{"start":{"line":387,"column":94},"end":{"line":387,"column":94}},{"start":{"line":387,"column":94},"end":{"line":387,"column":94}}]},"62":{"line":388,"type":"if","locations":[{"start":{"line":388,"column":8},"end":{"line":388,"column":8}},{"start":{"line":388,"column":8},"end":{"line":388,"column":8}}]},"63":{"line":389,"type":"if","locations":[{"start":{"line":389,"column":8},"end":{"line":389,"column":8}},{"start":{"line":389,"column":8},"end":{"line":389,"column":8}}]},"64":{"line":404,"type":"if","locations":[{"start":{"line":404,"column":84},"end":{"line":404,"column":84}},{"start":{"line":404,"column":84},"end":{"line":404,"column":84}}]},"65":{"line":405,"type":"if","locations":[{"start":{"line":405,"column":8},"end":{"line":405,"column":8}},{"start":{"line":405,"column":8},"end":{"line":405,"column":8}}]},"66":{"line":405,"type":"cond-expr","locations":[{"start":{"line":405,"column":12},"end":{"line":405,"column":26}},{"start":{"line":405,"column":31},"end":{"line":405,"column":45}}]},"67":{"line":411,"type":"if","locations":[{"start":{"line":411,"column":80},"end":{"line":411,"column":80}},{"start":{"line":411,"column":80},"end":{"line":411,"column":80}}]},"68":{"line":422,"type":"if","locations":[{"start":{"line":422,"column":101},"end":{"line":422,"column":101}},{"start":{"line":422,"column":101},"end":{"line":422,"column":101}}]},"69":{"line":423,"type":"if","locations":[{"start":{"line":423,"column":8},"end":{"line":423,"column":8}},{"start":{"line":423,"column":8},"end":{"line":423,"column":8}}]},"70":{"line":424,"type":"if","locations":[{"start":{"line":424,"column":8},"end":{"line":424,"column":8}},{"start":{"line":424,"column":8},"end":{"line":424,"column":8}}]},"71":{"line":448,"type":"if","locations":[{"start":{"line":448,"column":8},"end":{"line":448,"column":8}},{"start":{"line":448,"column":8},"end":{"line":448,"column":8}}]},"72":{"line":474,"type":"if","locations":[{"start":{"line":474,"column":8},"end":{"line":474,"column":8}},{"start":{"line":474,"column":8},"end":{"line":474,"column":8}}]},"73":{"line":485,"type":"if","locations":[{"start":{"line":485,"column":85},"end":{"line":485,"column":85}},{"start":{"line":485,"column":85},"end":{"line":485,"column":85}}]},"74":{"line":486,"type":"if","locations":[{"start":{"line":486,"column":8},"end":{"line":486,"column":8}},{"start":{"line":486,"column":8},"end":{"line":486,"column":8}}]}}},"contracts/InstantLane.sol":{"l":{"79":122,"80":122,"81":122,"82":122,"83":122,"84":122,"85":122,"88":122,"89":122,"90":122,"94":107,"98":125,"100":123,"101":118,"103":5,"108":55,"109":54,"110":52,"112":2,"117":76,"119":1,"120":1,"121":1,"123":0,"124":0,"127":0,"128":0,"132":75,"133":75,"134":75,"137":0,"138":0,"139":0,"141":0,"142":0,"144":0,"145":0,"154":71,"157":71,"161":71,"162":70,"163":70,"164":70,"165":70,"166":70,"167":70,"172":58,"177":6,"182":64,"184":59,"185":59,"188":55,"189":55,"190":55,"193":52,"196":52,"199":51,"200":51,"203":51,"205":23,"206":23,"209":18,"210":18,"212":18,"215":28,"216":28,"219":20,"220":20,"222":20,"226":37,"227":37,"228":37,"229":34,"230":34,"232":37,"233":37,"235":37,"245":24,"246":24,"247":24,"252":13,"256":6},"path":"/Users/ygorfrancisco/brics-protocol/contracts/InstantLane.sol","s":{"1":122,"2":122,"3":122,"4":107,"5":125,"6":2,"7":123,"8":55,"9":1,"10":54,"11":76,"12":1,"13":0,"14":75,"15":0,"16":0,"17":71,"18":71,"19":1,"20":70,"21":70,"22":58,"23":6,"24":64,"25":59,"26":59,"27":55,"28":55,"29":55,"30":52,"31":52,"32":51,"33":51,"34":51,"35":23,"36":18,"37":18,"38":28,"39":20,"40":20,"41":37,"42":37,"43":37,"44":37,"45":24,"46":24,"47":24,"48":13,"49":6},"b":{"1":[2,123],"2":[96,22],"3":[1,54],"4":[1,75],"5":[1,0],"6":[0,0],"7":[0,0],"8":[0,0],"9":[1,70],"10":[18,52],"11":[58,2],"12":[6,1],"13":[5,59],"14":[4,55],"15":[3,52],"16":[0,51],"17":[23,28],"18":[5,18],"19":[3,2],"20":[18,0],"21":[8,20],"22":[5,3],"23":[20,0],"24":[34,3],"25":[13,2],"26":[6,2]},"f":{"1":122,"2":107,"3":125,"4":55,"5":76,"6":71,"7":71,"8":58,"9":6,"10":64,"11":24,"12":13,"13":6},"fnMap":{"1":{"name":"constructor","line":69,"loc":{"start":{"line":69,"column":4},"end":{"line":91,"column":4}}},"2":{"name":"_utcDay","line":93,"loc":{"start":{"line":93,"column":4},"end":{"line":95,"column":4}}},"3":{"name":"_getOrDefault","line":97,"loc":{"start":{"line":97,"column":4},"end":{"line":105,"column":4}}},"4":{"name":"_emergencyLevel","line":107,"loc":{"start":{"line":107,"column":4},"end":{"line":114,"column":4}}},"5":{"name":"_boundsForLevel","line":116,"loc":{"start":{"line":116,"column":4},"end":{"line":149,"column":4}}},"6":{"name":"quoteUSDCForTokens","line":151,"loc":{"start":{"line":151,"column":4},"end":{"line":158,"column":4}}},"7":{"name":"canInstantRedeem","line":160,"loc":{"start":{"line":160,"column":4},"end":{"line":168,"column":4}}},"8":{"name":"instantRedeem","line":171,"loc":{"start":{"line":171,"column":4},"end":{"line":173,"column":4}}},"9":{"name":"instantRedeemFor","line":176,"loc":{"start":{"line":176,"column":4},"end":{"line":178,"column":4}}},"10":{"name":"_instantRedeem","line":181,"loc":{"start":{"line":181,"column":4},"end":{"line":236,"column":4}}},"11":{"name":"preTradeCheck","line":244,"loc":{"start":{"line":244,"column":4},"end":{"line":248,"column":4}}},"12":{"name":"pause","line":251,"loc":{"start":{"line":251,"column":4},"end":{"line":253,"column":4}}},"13":{"name":"unpause","line":255,"loc":{"start":{"line":255,"column":4},"end":{"line":257,"column":4}}}},"statementMap":{"1":{"start":{"line":88,"column":8},"end":{"line":88,"column":42}},"2":{"start":{"line":89,"column":8},"end":{"line":89,"column":32}},"3":{"start":{"line":90,"column":8},"end":{"line":90,"column":35}},"4":{"start":{"line":94,"column":8},"end":{"line":94,"column":47}},"5":{"start":{"line":98,"column":8},"end":{"line":98,"column":53}},"6":{"start":{"line":98,"column":40},"end":{"line":98,"column":53}},"7":{"start":{"line":100,"column":8},"end":{"line":100,"column":4059}},"8":{"start":{"line":108,"column":8},"end":{"line":108,"column":48}},"9":{"start":{"line":108,"column":40},"end":{"line":108,"column":48}},"10":{"start":{"line":109,"column":8},"end":{"line":109,"column":4329}},"11":{"start":{"line":117,"column":8},"end":{"line":117,"column":4576}},"12":{"start":{"line":119,"column":12},"end":{"line":119,"column":4692}},"13":{"start":{"line":122,"column":19},"end":{"line":122,"column":4792}},"14":{"start":{"line":132,"column":12},"end":{"line":132,"column":5139}},"15":{"start":{"line":137,"column":16},"end":{"line":137,"column":5387}},"16":{"start":{"line":140,"column":23},"end":{"line":140,"column":5499}},"17":{"start":{"line":154,"column":8},"end":{"line":154,"column":46}},"18":{"start":{"line":161,"column":8},"end":{"line":161,"column":62}},"19":{"start":{"line":161,"column":39},"end":{"line":161,"column":62}},"20":{"start":{"line":163,"column":8},"end":{"line":163,"column":42}},"21":{"start":{"line":164,"column":8},"end":{"line":164,"column":32}},"22":{"start":{"line":172,"column":8},"end":{"line":172,"column":51}},"23":{"start":{"line":177,"column":8},"end":{"line":177,"column":47}},"24":{"start":{"line":182,"column":8},"end":{"line":182,"column":61}},"25":{"start":{"line":184,"column":8},"end":{"line":184,"column":99}},"26":{"start":{"line":185,"column":8},"end":{"line":185,"column":41}},"27":{"start":{"line":188,"column":8},"end":{"line":188,"column":39}},"28":{"start":{"line":189,"column":8},"end":{"line":189,"column":61}},"29":{"start":{"line":190,"column":8},"end":{"line":190,"column":47}},"30":{"start":{"line":193,"column":8},"end":{"line":193,"column":63}},"31":{"start":{"line":196,"column":8},"end":{"line":196,"column":86}},"32":{"start":{"line":199,"column":8},"end":{"line":199,"column":29}},"33":{"start":{"line":200,"column":8},"end":{"line":200,"column":17}},"34":{"start":{"line":203,"column":8},"end":{"line":203,"column":8271}},"35":{"start":{"line":206,"column":12},"end":{"line":206,"column":60}},"36":{"start":{"line":209,"column":12},"end":{"line":209,"column":65}},"37":{"start":{"line":210,"column":12},"end":{"line":210,"column":52}},"38":{"start":{"line":216,"column":12},"end":{"line":216,"column":60}},"39":{"start":{"line":219,"column":12},"end":{"line":219,"column":65}},"40":{"start":{"line":220,"column":12},"end":{"line":220,"column":48}},"41":{"start":{"line":226,"column":8},"end":{"line":226,"column":32}},"42":{"start":{"line":227,"column":8},"end":{"line":227,"column":42}},"43":{"start":{"line":228,"column":8},"end":{"line":228,"column":9126}},"44":{"start":{"line":235,"column":8},"end":{"line":235,"column":64}},"45":{"start":{"line":245,"column":8},"end":{"line":245,"column":68}},"46":{"start":{"line":246,"column":8},"end":{"line":246,"column":56}},"47":{"start":{"line":247,"column":8},"end":{"line":247,"column":33}},"48":{"start":{"line":252,"column":8},"end":{"line":252,"column":15}},"49":{"start":{"line":256,"column":8},"end":{"line":256,"column":17}}},"branchMap":{"1":{"line":98,"type":"if","locations":[{"start":{"line":98,"column":8},"end":{"line":98,"column":8}},{"start":{"line":98,"column":8},"end":{"line":98,"column":8}}]},"2":{"line":101,"type":"if","locations":[{"start":{"line":101,"column":27},"end":{"line":101,"column":32}},{"start":{"line":101,"column":36},"end":{"line":101,"column":38}}]},"3":{"line":108,"type":"if","locations":[{"start":{"line":108,"column":8},"end":{"line":108,"column":8}},{"start":{"line":108,"column":8},"end":{"line":108,"column":8}}]},"4":{"line":117,"type":"if","locations":[{"start":{"line":117,"column":8},"end":{"line":117,"column":8}},{"start":{"line":117,"column":8},"end":{"line":117,"column":8}}]},"5":{"line":119,"type":"if","locations":[{"start":{"line":119,"column":12},"end":{"line":119,"column":12}},{"start":{"line":119,"column":12},"end":{"line":119,"column":12}}]},"6":{"line":122,"type":"if","locations":[{"start":{"line":122,"column":19},"end":{"line":122,"column":19}},{"start":{"line":122,"column":19},"end":{"line":122,"column":19}}]},"7":{"line":137,"type":"if","locations":[{"start":{"line":137,"column":16},"end":{"line":137,"column":16}},{"start":{"line":137,"column":16},"end":{"line":137,"column":16}}]},"8":{"line":140,"type":"if","locations":[{"start":{"line":140,"column":23},"end":{"line":140,"column":23}},{"start":{"line":140,"column":23},"end":{"line":140,"column":23}}]},"9":{"line":161,"type":"if","locations":[{"start":{"line":161,"column":8},"end":{"line":161,"column":8}},{"start":{"line":161,"column":8},"end":{"line":161,"column":8}}]},"10":{"line":165,"type":"if","locations":[{"start":{"line":165,"column":38},"end":{"line":165,"column":47}},{"start":{"line":165,"column":51},"end":{"line":165,"column":51}}]},"11":{"line":171,"type":"if","locations":[{"start":{"line":171,"column":54},"end":{"line":171,"column":54}},{"start":{"line":171,"column":54},"end":{"line":171,"column":54}}]},"12":{"line":176,"type":"if","locations":[{"start":{"line":176,"column":73},"end":{"line":176,"column":73}},{"start":{"line":176,"column":73},"end":{"line":176,"column":73}}]},"13":{"line":182,"type":"if","locations":[{"start":{"line":182,"column":8},"end":{"line":182,"column":8}},{"start":{"line":182,"column":8},"end":{"line":182,"column":8}}]},"14":{"line":185,"type":"if","locations":[{"start":{"line":185,"column":8},"end":{"line":185,"column":8}},{"start":{"line":185,"column":8},"end":{"line":185,"column":8}}]},"15":{"line":190,"type":"if","locations":[{"start":{"line":190,"column":8},"end":{"line":190,"column":8}},{"start":{"line":190,"column":8},"end":{"line":190,"column":8}}]},"16":{"line":196,"type":"if","locations":[{"start":{"line":196,"column":8},"end":{"line":196,"column":8}},{"start":{"line":196,"column":8},"end":{"line":196,"column":8}}]},"17":{"line":203,"type":"if","locations":[{"start":{"line":203,"column":8},"end":{"line":203,"column":8}},{"start":{"line":203,"column":8},"end":{"line":203,"column":8}}]},"18":{"line":206,"type":"if","locations":[{"start":{"line":206,"column":12},"end":{"line":206,"column":12}},{"start":{"line":206,"column":12},"end":{"line":206,"column":12}}]},"19":{"line":206,"type":"cond-expr","locations":[{"start":{"line":206,"column":16},"end":{"line":206,"column":25}},{"start":{"line":206,"column":30},"end":{"line":206,"column":39}}]},"20":{"line":210,"type":"if","locations":[{"start":{"line":210,"column":12},"end":{"line":210,"column":12}},{"start":{"line":210,"column":12},"end":{"line":210,"column":12}}]},"21":{"line":216,"type":"if","locations":[{"start":{"line":216,"column":12},"end":{"line":216,"column":12}},{"start":{"line":216,"column":12},"end":{"line":216,"column":12}}]},"22":{"line":216,"type":"cond-expr","locations":[{"start":{"line":216,"column":16},"end":{"line":216,"column":25}},{"start":{"line":216,"column":30},"end":{"line":216,"column":39}}]},"23":{"line":220,"type":"if","locations":[{"start":{"line":220,"column":12},"end":{"line":220,"column":12}},{"start":{"line":220,"column":12},"end":{"line":220,"column":12}}]},"24":{"line":228,"type":"if","locations":[{"start":{"line":228,"column":8},"end":{"line":228,"column":8}},{"start":{"line":228,"column":8},"end":{"line":228,"column":8}}]},"25":{"line":251,"type":"if","locations":[{"start":{"line":251,"column":30},"end":{"line":251,"column":30}},{"start":{"line":251,"column":30},"end":{"line":251,"column":30}}]},"26":{"line":255,"type":"if","locations":[{"start":{"line":255,"column":32},"end":{"line":255,"column":32}},{"start":{"line":255,"column":32},"end":{"line":255,"column":32}}]}}},"contracts/interfaces/IAdaptiveTranching.sol":{"l":{},"path":"/Users/ygorfrancisco/brics-protocol/contracts/interfaces/IAdaptiveTranching.sol","s":{},"b":{},"f":{},"fnMap":{},"statementMap":{},"branchMap":{}},"contracts/interfaces/IAMM.sol":{"l":{},"path":"/Users/ygorfrancisco/brics-protocol/contracts/interfaces/IAMM.sol","s":{},"b":{},"f":{},"fnMap":{},"statementMap":{},"branchMap":{}},"contracts/interfaces/IBRICSToken.sol":{"l":{},"path":"/Users/ygorfrancisco/brics-protocol/contracts/interfaces/IBRICSToken.sol","s":{},"b":{},"f":{},"fnMap":{},"statementMap":{},"branchMap":{}},"contracts/interfaces/IConfigRegistry.sol":{"l":{},"path":"/Users/ygorfrancisco/brics-protocol/contracts/interfaces/IConfigRegistry.sol","s":{},"b":{},"f":{},"fnMap":{},"statementMap":{},"branchMap":{}},"contracts/interfaces/IConfigRegistryLike.sol":{"l":{},"path":"/Users/ygorfrancisco/brics-protocol/contracts/interfaces/IConfigRegistryLike.sol","s":{},"b":{},"f":{},"fnMap":{},"statementMap":{},"branchMap":{}},"contracts/interfaces/IInstantLaneLike.sol":{"l":{},"path":"/Users/ygorfrancisco/brics-protocol/contracts/interfaces/IInstantLaneLike.sol","s":{},"b":{},"f":{},"fnMap":{},"statementMap":{},"branchMap":{}},"contracts/interfaces/IIssuanceControllerV3.sol":{"l":{},"path":"/Users/ygorfrancisco/brics-protocol/contracts/interfaces/IIssuanceControllerV3.sol","s":{},"b":{},"f":{},"fnMap":{},"statementMap":{},"branchMap":{}},"contracts/interfaces/IIssuanceControllerV4.sol":{"l":{},"path":"/Users/ygorfrancisco/brics-protocol/contracts/interfaces/IIssuanceControllerV4.sol","s":{},"b":{},"f":{},"fnMap":{},"statementMap":{},"branchMap":{}},"contracts/interfaces/IMemberRegistry.sol":{"l":{},"path":"/Users/ygorfrancisco/brics-protocol/contracts/interfaces/IMemberRegistry.sol","s":{},"b":{},"f":{},"fnMap":{},"statementMap":{},"branchMap":{}},"contracts/interfaces/IMezzVault4626.sol":{"l":{},"path":"/Users/ygorfrancisco/brics-protocol/contracts/interfaces/IMezzVault4626.sol","s":{},"b":{},"f":{},"fnMap":{},"statementMap":{},"branchMap":{}},"contracts/interfaces/INAVOracleV3.sol":{"l":{},"path":"/Users/ygorfrancisco/brics-protocol/contracts/interfaces/INAVOracleV3.sol","s":{},"b":{},"f":{},"fnMap":{},"statementMap":{},"branchMap":{}},"contracts/interfaces/IPMM.sol":{"l":{},"path":"/Users/ygorfrancisco/brics-protocol/contracts/interfaces/IPMM.sol","s":{},"b":{},"f":{},"fnMap":{},"statementMap":{},"branchMap":{}},"contracts/interfaces/IPreTrancheBuffer.sol":{"l":{},"path":"/Users/ygorfrancisco/brics-protocol/contracts/interfaces/IPreTrancheBuffer.sol","s":{},"b":{},"f":{},"fnMap":{},"statementMap":{},"branchMap":{}},"contracts/interfaces/IRedemptionClaim.sol":{"l":{},"path":"/Users/ygorfrancisco/brics-protocol/contracts/interfaces/IRedemptionClaim.sol","s":{},"b":{},"f":{},"fnMap":{},"statementMap":{},"branchMap":{}},"contracts/interfaces/ISovereignClaimSBT.sol":{"l":{},"path":"/Users/ygorfrancisco/brics-protocol/contracts/interfaces/ISovereignClaimSBT.sol","s":{},"b":{},"f":{},"fnMap":{},"statementMap":{},"branchMap":{}},"contracts/interfaces/ITrancheManagerV2.sol":{"l":{},"path":"/Users/ygorfrancisco/brics-protocol/contracts/interfaces/ITrancheManagerV2.sol","s":{},"b":{},"f":{},"fnMap":{},"statementMap":{},"branchMap":{}},"contracts/interfaces/ITreasury.sol":{"l":{},"path":"/Users/ygorfrancisco/brics-protocol/contracts/interfaces/ITreasury.sol","s":{},"b":{},"f":{},"fnMap":{},"statementMap":{},"branchMap":{}},"contracts/libraries/IssuanceGuard.sol":{"l":{"29":10,"32":10,"33":1,"37":9,"40":9,"41":3,"52":1,"63":10,"64":10,"67":0},"path":"/Users/ygorfrancisco/brics-protocol/contracts/libraries/IssuanceGuard.sol","s":{"1":10,"2":10,"3":9,"4":9,"5":1,"6":10},"b":{"1":[1,9],"2":[3,6]},"f":{"1":10,"2":1,"3":10},"fnMap":{"1":{"name":"checkIssuanceCap","line":22,"loc":{"start":{"line":22,"column":4},"end":{"line":43,"column":4}}},"2":{"name":"getMaxIssuable","line":51,"loc":{"start":{"line":51,"column":4},"end":{"line":53,"column":4}}},"3":{"name":"_getMaxIssuable","line":61,"loc":{"start":{"line":61,"column":4},"end":{"line":69,"column":4}}}},"statementMap":{"1":{"start":{"line":29,"column":8},"end":{"line":29,"column":65}},"2":{"start":{"line":32,"column":8},"end":{"line":32,"column":1169}},"3":{"start":{"line":37,"column":8},"end":{"line":37,"column":63}},"4":{"start":{"line":40,"column":8},"end":{"line":40,"column":1469}},"5":{"start":{"line":52,"column":8},"end":{"line":52,"column":48}},"6":{"start":{"line":63,"column":8},"end":{"line":63,"column":2411}}},"branchMap":{"1":{"line":32,"type":"if","locations":[{"start":{"line":32,"column":8},"end":{"line":32,"column":8}},{"start":{"line":32,"column":8},"end":{"line":32,"column":8}}]},"2":{"line":40,"type":"if","locations":[{"start":{"line":40,"column":8},"end":{"line":40,"column":8}},{"start":{"line":40,"column":8},"end":{"line":40,"column":8}}]}}},"contracts/libraries/RiskSignalLib.sol":{"l":{"19":70,"31":43,"32":43,"33":43},"path":"/Users/ygorfrancisco/brics-protocol/contracts/libraries/RiskSignalLib.sol","s":{"1":70,"2":43,"3":43,"4":43},"b":{},"f":{"1":70,"2":43},"fnMap":{"1":{"name":"digest","line":18,"loc":{"start":{"line":18,"column":4},"end":{"line":28,"column":4}}},"2":{"name":"recoverSigner","line":30,"loc":{"start":{"line":30,"column":4},"end":{"line":34,"column":4}}}},"statementMap":{"1":{"start":{"line":19,"column":8},"end":{"line":19,"column":635}},"2":{"start":{"line":31,"column":8},"end":{"line":31,"column":29}},"3":{"start":{"line":32,"column":8},"end":{"line":32,"column":68}},"4":{"start":{"line":33,"column":8},"end":{"line":33,"column":42}}},"branchMap":{}},"contracts/libraries/TrancheMath.sol":{"l":{"22":99,"23":91,"25":8,"29":99,"30":2},"path":"/Users/ygorfrancisco/brics-protocol/contracts/libraries/TrancheMath.sol","s":{"1":99,"2":99},"b":{"1":[91,8],"2":[2,97]},"f":{"1":99},"fnMap":{"1":{"name":"effectiveApyBps","line":16,"loc":{"start":{"line":16,"column":4},"end":{"line":32,"column":4}}}},"statementMap":{"1":{"start":{"line":22,"column":8},"end":{"line":22,"column":737}},"2":{"start":{"line":29,"column":8},"end":{"line":29,"column":928}}},"branchMap":{"1":{"line":22,"type":"if","locations":[{"start":{"line":22,"column":8},"end":{"line":22,"column":8}},{"start":{"line":22,"column":8},"end":{"line":22,"column":8}}]},"2":{"line":29,"type":"if","locations":[{"start":{"line":29,"column":8},"end":{"line":29,"column":8}},{"start":{"line":29,"column":8},"end":{"line":29,"column":8}}]}}},"contracts/MemberRegistry.sol":{"l":{"27":62},"path":"/Users/ygorfrancisco/brics-protocol/contracts/MemberRegistry.sol","s":{"1":64,"2":62,"3":62,"4":82,"5":77,"6":5,"7":23,"8":1},"b":{"1":[62,0],"2":[62,0],"3":[82,0],"4":[77,0],"5":[5,0],"6":[16,3],"7":[1,0]},"f":{"1":64,"2":62,"3":82,"4":77,"5":5,"6":23,"7":1},"fnMap":{"1":{"name":"constructor","line":24,"loc":{"start":{"line":24,"column":4},"end":{"line":24,"column":68}}},"2":{"name":"setRegistrar","line":26,"loc":{"start":{"line":26,"column":4},"end":{"line":29,"column":4}}},"3":{"name":"onlyRegistrar","line":31,"loc":{"start":{"line":31,"column":4},"end":{"line":31,"column":86}}},"4":{"name":"setMember","line":33,"loc":{"start":{"line":33,"column":4},"end":{"line":33,"column":118}}},"5":{"name":"setPool","line":34,"loc":{"start":{"line":34,"column":4},"end":{"line":34,"column":125}}},"6":{"name":"canReceive","line":36,"loc":{"start":{"line":36,"column":4},"end":{"line":36,"column":113}}},"7":{"name":"canSend","line":37,"loc":{"start":{"line":37,"column":4},"end":{"line":37,"column":117}}}},"statementMap":{"1":{"start":{"line":24,"column":31},"end":{"line":24,"column":65}},"2":{"start":{"line":27,"column":8},"end":{"line":27,"column":67}},"3":{"start":{"line":28,"column":23},"end":{"line":28,"column":43}},"4":{"start":{"line":31,"column":31},"end":{"line":31,"column":80}},"5":{"start":{"line":33,"column":92},"end":{"line":33,"column":116}},"6":{"start":{"line":34,"column":101},"end":{"line":34,"column":123}},"7":{"start":{"line":36,"column":67},"end":{"line":36,"column":111}},"8":{"start":{"line":37,"column":67},"end":{"line":37,"column":115}}},"branchMap":{"1":{"line":26,"type":"if","locations":[{"start":{"line":26,"column":46},"end":{"line":26,"column":46}},{"start":{"line":26,"column":46},"end":{"line":26,"column":46}}]},"2":{"line":27,"type":"if","locations":[{"start":{"line":27,"column":8},"end":{"line":27,"column":8}},{"start":{"line":27,"column":8},"end":{"line":27,"column":8}}]},"3":{"line":31,"type":"if","locations":[{"start":{"line":31,"column":31},"end":{"line":31,"column":31}},{"start":{"line":31,"column":31},"end":{"line":31,"column":31}}]},"4":{"line":33,"type":"if","locations":[{"start":{"line":33,"column":55},"end":{"line":33,"column":55}},{"start":{"line":33,"column":55},"end":{"line":33,"column":55}}]},"5":{"line":34,"type":"if","locations":[{"start":{"line":34,"column":55},"end":{"line":34,"column":55}},{"start":{"line":34,"column":55},"end":{"line":34,"column":55}}]},"6":{"line":36,"type":"cond-expr","locations":[{"start":{"line":36,"column":74},"end":{"line":36,"column":85}},{"start":{"line":36,"column":90},"end":{"line":36,"column":110}}]},"7":{"line":37,"type":"cond-expr","locations":[{"start":{"line":37,"column":74},"end":{"line":37,"column":87}},{"start":{"line":37,"column":92},"end":{"line":37,"column":114}}]}}},"contracts/MezzVault4626.sol":{"l":{"47":31,"49":31,"51":31,"52":31,"53":31,"57":12,"58":9,"62":4,"63":3,"74":31,"75":31,"85":1,"86":1,"97":10,"98":7,"99":7,"109":1,"110":0,"111":0,"116":22,"120":3,"124":3,"129":2,"130":1,"131":1,"135":3,"136":3,"140":3,"144":1,"148":3,"149":4,"150":4,"156":32,"157":32,"160":32,"161":32,"162":32,"168":11,"169":7,"171":4,"175":7,"178":7,"180":3,"185":39,"186":39,"188":0},"path":"/Users/ygorfrancisco/brics-protocol/contracts/MezzVault4626.sol","s":{"1":31,"2":31,"3":31,"4":31,"5":12,"6":4,"7":31,"8":1,"9":10,"10":7,"11":1,"12":0,"13":22,"14":3,"15":3,"16":2,"17":1,"18":3,"19":3,"20":1,"21":3,"22":4,"23":32,"24":32,"25":32,"26":32,"27":11,"28":7,"29":7,"30":7,"31":39,"32":39,"33":0},"b":{"1":[0,31],"2":[9,3],"3":[3,1],"4":[31,1],"5":[1,0],"6":[10,1],"7":[1,0],"8":[1,1],"9":[2,1],"10":[1,1],"11":[3,1],"12":[3,1],"13":[1,0],"14":[3,1],"15":[32,0],"16":[7,4],"17":[1,6],"18":[3,4],"19":[37,2]},"f":{"1":31,"2":12,"3":4,"4":31,"5":1,"6":10,"7":1,"8":22,"9":3,"10":3,"11":2,"12":3,"13":3,"14":1,"15":3,"16":32,"17":11,"18":7,"19":39},"fnMap":{"1":{"name":"constructor","line":46,"loc":{"start":{"line":41,"column":4},"end":{"line":54,"column":4}}},"2":{"name":"onlyGov","line":56,"loc":{"start":{"line":56,"column":4},"end":{"line":59,"column":4}}},"3":{"name":"onlyEmergency","line":61,"loc":{"start":{"line":61,"column":4},"end":{"line":64,"column":4}}},"4":{"name":"deposit","line":71,"loc":{"start":{"line":67,"column":4},"end":{"line":76,"column":4}}},"5":{"name":"mint","line":82,"loc":{"start":{"line":78,"column":4},"end":{"line":87,"column":4}}},"6":{"name":"withdraw","line":94,"loc":{"start":{"line":90,"column":4},"end":{"line":100,"column":4}}},"7":{"name":"redeem","line":106,"loc":{"start":{"line":102,"column":4},"end":{"line":112,"column":4}}},"8":{"name":"minUnlockOf","line":115,"loc":{"start":{"line":115,"column":4},"end":{"line":117,"column":4}}},"9":{"name":"isLocked","line":119,"loc":{"start":{"line":119,"column":4},"end":{"line":121,"column":4}}},"10":{"name":"canWithdraw","line":123,"loc":{"start":{"line":123,"column":4},"end":{"line":125,"column":4}}},"11":{"name":"setConfigRegistry","line":128,"loc":{"start":{"line":128,"column":4},"end":{"line":132,"column":4}}},"12":{"name":"setWhitelist","line":134,"loc":{"start":{"line":134,"column":4},"end":{"line":137,"column":4}}},"13":{"name":"pause","line":139,"loc":{"start":{"line":139,"column":4},"end":{"line":141,"column":4}}},"14":{"name":"unpause","line":143,"loc":{"start":{"line":143,"column":4},"end":{"line":145,"column":4}}},"15":{"name":"forceUnlock","line":147,"loc":{"start":{"line":147,"column":4},"end":{"line":152,"column":4}}},"16":{"name":"_updateLock","line":155,"loc":{"start":{"line":155,"column":4},"end":{"line":164,"column":4}}},"17":{"name":"_checkUnlock","line":166,"loc":{"start":{"line":166,"column":4},"end":{"line":172,"column":4}}},"18":{"name":"_handleGraceWindow","line":174,"loc":{"start":{"line":174,"column":4},"end":{"line":182,"column":4}}},"19":{"name":"_getOrDefault","line":184,"loc":{"start":{"line":184,"column":4},"end":{"line":190,"column":4}}}},"statementMap":{"1":{"start":{"line":47,"column":8},"end":{"line":47,"column":76}},"2":{"start":{"line":51,"column":8},"end":{"line":51,"column":49}},"3":{"start":{"line":52,"column":8},"end":{"line":52,"column":39}},"4":{"start":{"line":53,"column":8},"end":{"line":53,"column":45}},"5":{"start":{"line":57,"column":8},"end":{"line":57,"column":60}},"6":{"start":{"line":62,"column":8},"end":{"line":62,"column":72}},"7":{"start":{"line":75,"column":8},"end":{"line":75,"column":28}},"8":{"start":{"line":86,"column":8},"end":{"line":86,"column":28}},"9":{"start":{"line":97,"column":8},"end":{"line":97,"column":26}},"10":{"start":{"line":99,"column":8},"end":{"line":99,"column":32}},"11":{"start":{"line":109,"column":8},"end":{"line":109,"column":26}},"12":{"start":{"line":111,"column":8},"end":{"line":111,"column":32}},"13":{"start":{"line":116,"column":8},"end":{"line":116,"column":35}},"14":{"start":{"line":120,"column":8},"end":{"line":120,"column":76}},"15":{"start":{"line":124,"column":8},"end":{"line":124,"column":76}},"16":{"start":{"line":129,"column":8},"end":{"line":129,"column":63}},"17":{"start":{"line":131,"column":8},"end":{"line":131,"column":47}},"18":{"start":{"line":136,"column":8},"end":{"line":136,"column":51}},"19":{"start":{"line":140,"column":8},"end":{"line":140,"column":15}},"20":{"start":{"line":144,"column":8},"end":{"line":144,"column":17}},"21":{"start":{"line":148,"column":8},"end":{"line":148,"column":4621}},"22":{"start":{"line":150,"column":12},"end":{"line":150,"column":40}},"23":{"start":{"line":156,"column":8},"end":{"line":156,"column":85}},"24":{"start":{"line":157,"column":8},"end":{"line":157,"column":60}},"25":{"start":{"line":160,"column":8},"end":{"line":160,"column":5079}},"26":{"start":{"line":162,"column":12},"end":{"line":162,"column":45}},"27":{"start":{"line":168,"column":8},"end":{"line":168,"column":5352}},"28":{"start":{"line":169,"column":12},"end":{"line":169,"column":18}},"29":{"start":{"line":175,"column":8},"end":{"line":175,"column":78}},"30":{"start":{"line":178,"column":8},"end":{"line":178,"column":5722}},"31":{"start":{"line":185,"column":8},"end":{"line":185,"column":5982}},"32":{"start":{"line":186,"column":12},"end":{"line":186,"column":52}},"33":{"start":{"line":188,"column":12},"end":{"line":188,"column":31}}},"branchMap":{"1":{"line":47,"type":"if","locations":[{"start":{"line":47,"column":8},"end":{"line":47,"column":8}},{"start":{"line":47,"column":8},"end":{"line":47,"column":8}}]},"2":{"line":57,"type":"if","locations":[{"start":{"line":57,"column":8},"end":{"line":57,"column":8}},{"start":{"line":57,"column":8},"end":{"line":57,"column":8}}]},"3":{"line":62,"type":"if","locations":[{"start":{"line":62,"column":8},"end":{"line":62,"column":8}},{"start":{"line":62,"column":8},"end":{"line":62,"column":8}}]},"4":{"line":71,"type":"if","locations":[{"start":{"line":71,"column":8},"end":{"line":71,"column":8}},{"start":{"line":71,"column":8},"end":{"line":71,"column":8}}]},"5":{"line":82,"type":"if","locations":[{"start":{"line":82,"column":8},"end":{"line":82,"column":8}},{"start":{"line":82,"column":8},"end":{"line":82,"column":8}}]},"6":{"line":94,"type":"if","locations":[{"start":{"line":94,"column":8},"end":{"line":94,"column":8}},{"start":{"line":94,"column":8},"end":{"line":94,"column":8}}]},"7":{"line":106,"type":"if","locations":[{"start":{"line":106,"column":8},"end":{"line":106,"column":8}},{"start":{"line":106,"column":8},"end":{"line":106,"column":8}}]},"8":{"line":124,"type":"cond-expr","locations":[{"start":{"line":124,"column":15},"end":{"line":124,"column":53}},{"start":{"line":124,"column":58},"end":{"line":124,"column":75}}]},"9":{"line":128,"type":"if","locations":[{"start":{"line":128,"column":61},"end":{"line":128,"column":61}},{"start":{"line":128,"column":61},"end":{"line":128,"column":61}}]},"10":{"line":129,"type":"if","locations":[{"start":{"line":129,"column":8},"end":{"line":129,"column":8}},{"start":{"line":129,"column":8},"end":{"line":129,"column":8}}]},"11":{"line":134,"type":"if","locations":[{"start":{"line":134,"column":70},"end":{"line":134,"column":70}},{"start":{"line":134,"column":70},"end":{"line":134,"column":70}}]},"12":{"line":139,"type":"if","locations":[{"start":{"line":139,"column":30},"end":{"line":139,"column":30}},{"start":{"line":139,"column":30},"end":{"line":139,"column":30}}]},"13":{"line":143,"type":"if","locations":[{"start":{"line":143,"column":32},"end":{"line":143,"column":32}},{"start":{"line":143,"column":32},"end":{"line":143,"column":32}}]},"14":{"line":147,"type":"if","locations":[{"start":{"line":147,"column":60},"end":{"line":147,"column":60}},{"start":{"line":147,"column":60},"end":{"line":147,"column":60}}]},"15":{"line":160,"type":"if","locations":[{"start":{"line":160,"column":8},"end":{"line":160,"column":8}},{"start":{"line":160,"column":8},"end":{"line":160,"column":8}}]},"16":{"line":168,"type":"if","locations":[{"start":{"line":168,"column":8},"end":{"line":168,"column":8}},{"start":{"line":168,"column":8},"end":{"line":168,"column":8}}]},"17":{"line":168,"type":"cond-expr","locations":[{"start":{"line":168,"column":12},"end":{"line":168,"column":29}},{"start":{"line":168,"column":34},"end":{"line":168,"column":72}}]},"18":{"line":178,"type":"if","locations":[{"start":{"line":178,"column":8},"end":{"line":178,"column":8}},{"start":{"line":178,"column":8},"end":{"line":178,"column":8}}]},"19":{"line":186,"type":"if","locations":[{"start":{"line":186,"column":32},"end":{"line":186,"column":43}},{"start":{"line":186,"column":47},"end":{"line":186,"column":51}}]}}},"contracts/NASASAGateway.sol":{"l":{"75":15,"76":15,"77":15,"78":15,"79":15,"80":15,"88":6,"89":6,"93":3,"94":2,"98":6,"101":5,"103":5,"110":8,"112":8,"114":8,"123":7,"124":7,"126":7,"127":6,"136":8,"145":8,"146":6,"147":5,"148":5,"151":3,"154":3,"155":3,"156":3,"161":5,"163":5,"164":5,"166":0},"path":"/Users/ygorfrancisco/brics-protocol/contracts/NASASAGateway.sol","s":{"1":6,"2":3,"3":1,"4":2,"5":6,"6":1,"7":5,"8":5,"9":8,"10":8,"11":7,"12":7,"13":7,"14":6,"15":8,"16":8,"17":6,"18":5,"19":5,"20":3,"21":3,"22":3,"23":3,"24":5,"25":0,"26":5,"27":5,"28":0},"b":{"1":[1,2],"2":[1,5],"3":[5,0],"4":[8,0],"5":[7,0],"6":[6,2],"7":[5,1],"8":[3,2],"9":[3,0],"10":[0,5],"11":[4,1]},"f":{"1":15,"2":6,"3":3,"4":6,"5":8,"6":7,"7":8,"8":5},"fnMap":{"1":{"name":"constructor","line":67,"loc":{"start":{"line":67,"column":4},"end":{"line":81,"column":4}}},"2":{"name":"setInstantLane","line":86,"loc":{"start
[...]
":47}},{"start":{"line":389,"column":52},"end":{"line":389,"column":87}}]},"39":{"line":393,"type":"if","locations":[{"start":{"line":393,"column":8},"end":{"line":393,"column":8}},{"start":{"line":393,"column":8},"end":{"line":393,"column":8}}]},"40":{"line":393,"type":"cond-expr","locations":[{"start":{"line":393,"column":12},"end":{"line":393,"column":53}},{"start":{"line":393,"column":58},"end":{"line":393,"column":99}}]},"41":{"line":398,"type":"if","locations":[{"start":{"line":398,"column":8},"end":{"line":398,"column":8}},{"start":{"line":398,"column":8},"end":{"line":398,"column":8}}]}}},"contracts/swap/CdsSwapRegistry.sol":{"l":{"43":1,"52":9,"61":2,"75":45,"77":45,"91":44,"92":44},"path":"/Users/ygorfrancisco/brics-protocol/contracts/swap/CdsSwapRegistry.sol","s":{"1":1,"2":9,"3":2,"4":45,"5":44},"b":{"1":[45,0],"2":[44,0]},"f":{"1":1,"2":9,"3":2,"4":45,"5":44},"fnMap":{"1":{"name":"getSwap","line":42,"loc":{"start":{"line":42,"column":4},"end":{"line":44,"column":4}}},"2":{"name":"getSwapStatus","line":51,"loc":{"start":{"line":51,"column":4},"end":{"line":53,"column":4}}},"3":{"name":"swapExists","line":60,"loc":{"start":{"line":60,"column":4},"end":{"line":62,"column":4}}},"4":{"name":"_createSwap","line":70,"loc":{"start":{"line":70,"column":4},"end":{"line":83,"column":4}}},"5":{"name":"_updateSwapStatus","line":90,"loc":{"start":{"line":90,"column":4},"end":{"line":93,"column":4}}}},"statementMap":{"1":{"start":{"line":43,"column":8},"end":{"line":43,"column":28}},"2":{"start":{"line":52,"column":8},"end":{"line":52,"column":35}},"3":{"start":{"line":61,"column":8},"end":{"line":61,"column":51}},"4":{"start":{"line":75,"column":8},"end":{"line":75,"column":75}},"5":{"start":{"line":91,"column":8},"end":{"line":91,"column":75}}},"branchMap":{"1":{"line":75,"type":"if","locations":[{"start":{"line":75,"column":8},"end":{"line":75,"column":8}},{"start":{"line":75,"column":8},"end":{"line":75,"column":8}}]},"2":{"line":91,"type":"if","locations":[{"start":{"line":91,"column":8},"end":{"line":91,"column":8}},{"start":{"line":91,"column":8},"end":{"line":91,"column":8}}]}}},"contracts/swap/ICdsSwap.sol":{"l":{},"path":"/Users/ygorfrancisco/brics-protocol/contracts/swap/ICdsSwap.sol","s":{},"b":{},"f":{},"fnMap":{},"statementMap":{},"branchMap":{}},"contracts/swap/ICdsSwapEvents.sol":{"l":{},"path":"/Users/ygorfrancisco/brics-protocol/contracts/swap/ICdsSwapEvents.sol","s":{},"b":{},"f":{},"fnMap":{},"statementMap":{},"branchMap":{}},"contracts/swap/IPriceOracleAdapter.sol":{"l":{},"path":"/Users/ygorfrancisco/brics-protocol/contracts/swap/IPriceOracleAdapter.sol","s":{},"b":{},"f":{},"fnMap":{},"statementMap":{},"branchMap":{}},"contracts/test/IssuanceHarness.sol":{"l":{"18":3,"19":3,"23":2,"27":1},"path":"/Users/ygorfrancisco/brics-protocol/contracts/test/IssuanceHarness.sol","s":{"1":2,"2":1},"b":{},"f":{"1":3,"2":2,"3":1},"fnMap":{"1":{"name":"constructor","line":17,"loc":{"start":{"line":17,"column":4},"end":{"line":20,"column":4}}},"2":{"name":"testIssuance","line":22,"loc":{"start":{"line":22,"column":4},"end":{"line":24,"column":4}}},"3":{"name":"getMaxIssuable","line":26,"loc":{"start":{"line":26,"column":4},"end":{"line":28,"column":4}}}},"statementMap":{"1":{"start":{"line":23,"column":8},"end":{"line":23,"column":90}},"2":{"start":{"line":27,"column":8},"end":{"line":27,"column":61}}},"branchMap":{}},"contracts/test/RiskSignalDebug.sol":{"l":{"16":1,"34":0},"path":"/Users/ygorfrancisco/brics-protocol/contracts/test/RiskSignalDebug.sol","s":{"1":1,"2":0},"b":{},"f":{"1":1,"2":0},"fnMap":{"1":{"name":"digest","line":7,"loc":{"start":{"line":7,"column":4},"end":{"line":27,"column":4}}},"2":{"name":"recover","line":29,"loc":{"start":{"line":29,"column":4},"end":{"line":48,"column":4}}}},"statementMap":{"1":{"start":{"line":16,"column":8},"end":{"line":16,"column":421}},"2":{"start":{"line":34,"column":8},"end":{"line":34,"column":979}}},"branchMap":{}},"contracts/test/TestIssuanceContract.sol":{"l":{"18":12,"19":12,"23":8},"path":"/Users/ygorfrancisco/brics-protocol/contracts/test/TestIssuanceContract.sol","s":{"1":8},"b":{},"f":{"1":12,"2":8},"fnMap":{"1":{"name":"constructor","line":17,"loc":{"start":{"line":17,"column":4},"end":{"line":20,"column":4}}},"2":{"name":"testIssuance","line":22,"loc":{"start":{"line":22,"column":4},"end":{"line":24,"column":4}}}},"statementMap":{"1":{"start":{"line":23,"column":8},"end":{"line":23,"column":90}}},"branchMap":{}},"contracts/TrancheReadFacade.sol":{"l":{"24":116,"25":116,"26":116,"27":116,"37":34,"40":34,"41":34,"42":1,"46":34,"47":34,"48":10,"51":24,"52":16,"53":13,"54":13,"59":31,"60":31,"61":31,"62":31,"63":0,"67":31,"68":31,"69":31,"70":7,"71":3,"73":3,"78":31,"81":31,"82":31,"101":32,"104":32,"105":32,"106":4,"110":32,"111":32,"112":1,"115":31,"116":29,"117":29,"118":29,"123":32,"124":32,"125":32,"126":32,"127":1,"131":32,"132":32,"133":32,"134":1,"135":0,"137":0,"141":32,"142":32,"182":36,"185":36,"186":36,"189":36,"190":36,"191":4,"192":4,"194":32,"198":36,"199":36,"200":6,"201":6,"204":30,"205":29,"206":29,"207":29,"208":29,"209":29,"211":1,"212":1,"217":36,"218":36,"219":16,"221":16,"222":14,"223":14,"224":14,"225":11,"226":11,"229":3,"232":2,"235":20,"239":36,"240":36,"241":36,"242":10,"243":10,"244":3,"245":3,"247":4,"248":4,"252":36,"253":36,"263":99,"264":99,"267":0,"278":47,"280":47,"293":77,"294":62,"297":15,"298":15,"299":0,"303":15,"304":15,"305":2,"309":13,"311":13,"312":13,"313":13,"316":13,"317":48,"318":48,"319":23,"321":25,"323":48,"325":48,"326":47,"327":47,"328":47,"329":47,"333":13,"334":0,"337":13,"338":13,"339":13},"path":"/Users/ygorfrancisco/brics-protocol/contracts/TrancheReadFacade.sol","s":{"1":34,"2":34,"3":34,"4":34,"5":34,"6":24,"7":16,"8":31,"9":31,"10":31,"11":31,"12":31,"13":31,"14":7,"15":4,"16":31,"17":32,"18":32,"19":32,"20":32,"21":31,"22":29,"23":32,"24":32,"25":32,"26":32,"27":32,"28":32,"29":1,"30":1,"31":36,"32":36,"33":30,"34":29,"35":36,"36":16,"37":14,"38":14,"39":36,"40":10,"41":7,"42":99,"43":47,"44":0,"45":47,"46":77,"47":62,"48":15,"49":15,"50":0,"51":15,"52":15,"53":2,"54":13,"55":13,"56":13,"57":13,"58":13,"59":48,"60":48,"61":48,"62":48,"63":47,"64":47,"65":13,"66":0,"67":13},"b":{"1":[1,33],"2":[10,24],"3":[16,8],"4":[0,31],"5":[7,24],"6":[3,4],"7":[3,1],"8":[4,28],"9":[1,31],"10":[29,2],"11":[1,31],"12":[1,31],"13":[0,1],"14":[0,1],"15":[4,32],"16":[6,30],"17":[29,1],"18":[16,20],"19":[14,2],"20":[11,3],"21":[10,26],"22":[3,7],"23":[4,3],"24":[0,47],"25":[62,15],"26":[0,15],"27":[2,13],"28":[23,25],"29":[47,1],"30":[0,13]},"f":{"1":116,"2":34,"3":32,"4":36,"5":99,"6":47,"7":77},"fnMap":{"1":{"name":"constructor","line":18,"loc":{"start":{"line":18,"column":4},"end":{"line":28,"column":4}}},"2":{"name":"viewEffectiveApy","line":36,"loc":{"start":{"line":36,"column":4},"end":{"line":83,"column":4}}},"3":{"name":"viewTrancheRiskData","line":94,"loc":{"start":{"line":94,"column":4},"end":{"line":143,"column":4}}},"4":{"name":"viewTrancheTelemetry","line":164,"loc":{"start":{"line":164,"column":4},"end":{"line":254,"column":4}}},"5":{"name":"_getMaxApyBps","line":260,"loc":{"start":{"line":260,"column":4},"end":{"line":269,"column":4}}},"6":{"name":"_linearWeight","line":277,"loc":{"start":{"line":277,"column":4},"end":{"line":281,"column":4}}},"7":{"name":"_rollingAverage","line":291,"loc":{"start":{"line":291,"column":4},"end":{"line":340,"column":4}}}},"statementMap":{"1":{"start":{"line":37,"column":8},"end":{"line":37,"column":103}},"2":{"start":{"line":40,"column":8},"end":{"line":40,"column":100}},"3":{"start":{"line":41,"column":8},"end":{"line":41,"column":1540}},"4":{"start":{"line":46,"column":8},"end":{"line":46,"column":93}},"5":{"start":{"line":47,"column":8},"end":{"line":47,"column":1834}},"6":{"start":{"line":51,"column":12},"end":{"line":51,"column":2002}},"7":{"start":{"line":52,"column":16},"end":{"line":52,"column":93}},"8":{"start":{"line":59,"column":8},"end":{"line":59,"column":28}},"9":{"start":{"line":60,"column":8},"end":{"line":60,"column":24}},"10":{"start":{"line":62,"column":8},"end":{"line":62,"column":2525}},"11":{"start":{"line":67,"column":8},"end":{"line":67,"column":84}},"12":{"start":{"line":68,"column":8},"end":{"line":68,"column":82}},"13":{"start":{"line":69,"column":8},"end":{"line":69,"column":2856}},"14":{"start":{"line":70,"column":12},"end":{"line":70,"column":2908}},"15":{"start":{"line":72,"column":19},"end":{"line":72,"column":2995}},"16":{"start":{"line":78,"column":8},"end":{"line":78,"column":42}},"17":{"start":{"line":104,"column":8},"end":{"line":104,"column":100}},"18":{"start":{"line":105,"column":8},"end":{"line":105,"column":4262}},"19":{"start":{"line":110,"column":8},"end":{"line":110,"column":93}},"20":{"start":{"line":111,"column":8},"end":{"line":111,"column":4556}},"21":{"start":{"line":115,"column":12},"end":{"line":115,"column":4724}},"22":{"start":{"line":116,"column":16},"end":{"line":116,"column":93}},"23":{"start":{"line":123,"column":8},"end":{"line":123,"column":28}},"24":{"start":{"line":124,"column":8},"end":{"line":124,"column":24}},"25":{"start":{"line":126,"column":8},"end":{"line":126,"column":5241}},"26":{"start":{"line":131,"column":8},"end":{"line":131,"column":84}},"27":{"start":{"line":132,"column":8},"end":{"line":132,"column":82}},"28":{"start":{"line":133,"column":8},"end":{"line":133,"column":5572}},"29":{"start":{"line":134,"column":12},"end":{"line":134,"column":5624}},"30":{"start":{"line":136,"column":19},"end":{"line":136,"column":5711}},"31":{"start":{"line":190,"column":8},"end":{"line":190,"column":8113}},"32":{"start":{"line":199,"column":8},"end":{"line":199,"column":8495}},"33":{"start":{"line":204,"column":12},"end":{"line":204,"column":8729}},"34":{"start":{"line":205,"column":16},"end":{"line":205,"column":32}},"35":{"start":{"line":218,"column":8},"end":{"line":218,"column":9406}},"36":{"start":{"line":221,"column":12},"end":{"line":221,"column":9643}},"37":{"start":{"line":222,"column":16},"end":{"line":222,"column":32}},"38":{"start":{"line":224,"column":16},"end":{"line":224,"column":9849}},"39":{"start":{"line":241,"column":8},"end":{"line":241,"column":10579}},"40":{"start":{"line":243,"column":12},"end":{"line":243,"column":10689}},"41":{"start":{"line":246,"column":19},"end":{"line":246,"column":10848}},"42":{"start":{"line":263,"column":8},"end":{"line":263,"column":11493}},"43":{"start":{"line":278,"column":8},"end":{"line":278,"column":35}},"44":{"start":{"line":278,"column":27},"end":{"line":278,"column":35}},"45":{"start":{"line":280,"column":8},"end":{"line":280,"column":46}},"46":{"start":{"line":293,"column":8},"end":{"line":293,"column":12758}},"47":{"start":{"line":294,"column":12},"end":{"line":294,"column":41}},"48":{"start":{"line":297,"column":8},"end":{"line":297,"column":91}},"49":{"start":{"line":298,"column":8},"end":{"line":298,"column":12982}},"50":{"start":{"line":299,"column":12},"end":{"line":299,"column":41}},"51":{"start":{"line":303,"column":8},"end":{"line":303,"column":87}},"52":{"start":{"line":304,"column":8},"end":{"line":304,"column":13191}},"53":{"start":{"line":305,"column":12},"end":{"line":305,"column":41}},"54":{"start":{"line":309,"column":8},"end":{"line":309,"column":71}},"55":{"start":{"line":311,"column":8},"end":{"line":311,"column":31}},"56":{"start":{"line":312,"column":8},"end":{"line":312,"column":31}},"57":{"start":{"line":313,"column":8},"end":{"line":313,"column":51}},"58":{"start":{"line":316,"column":8},"end":{"line":316,"column":13574}},"59":{"start":{"line":317,"column":12},"end":{"line":317,"column":26}},"60":{"start":{"line":318,"column":12},"end":{"line":318,"column":13654}},"61":{"start":{"line":323,"column":12},"end":{"line":323,"column":120}},"62":{"start":{"line":325,"column":12},"end":{"line":325,"column":13944}},"63":{"start":{"line":326,"column":16},"end":{"line":326,"column":52}},"64":{"start":{"line":327,"column":16},"end":{"line":327,"column":58}},"65":{"start":{"line":333,"column":8},"end":{"line":333,"column":14218}},"66":{"start":{"line":334,"column":12},"end":{"line":334,"column":41}},"67":{"start":{"line":339,"column":8},"end":{"line":339,"column":29}}},"branchMap":{"1":{"line":41,"type":"if","locations":[{"start":{"line":41,"column":8},"end":{"line":41,"column":8}},{"start":{"line":41,"column":8},"end":{"line":41,"column":8}}]},"2":{"line":47,"type":"if","locations":[{"start":{"line":47,"column":8},"end":{"line":47,"column":8}},{"start":{"line":47,"column":8},"end":{"line":47,"column":8}}]},"3":{"line":51,"type":"if","locations":[{"start":{"line":51,"column":12},"end":{"line":51,"column":12}},{"start":{"line":51,"column":12},"end":{"line":51,"column":12}}]},"4":{"line":62,"type":"if","locations":[{"start":{"line":62,"column":8},"end":{"line":62,"column":8}},{"start":{"line":62,"column":8},"end":{"line":62,"column":8}}]},"5":{"line":69,"type":"if","locations":[{"start":{"line":69,"column":8},"end":{"line":69,"column":8}},{"start":{"line":69,"column":8},"end":{"line":69,"column":8}}]},"6":{"line":70,"type":"if","locations":[{"start":{"line":70,"column":12},"end":{"line":70,"column":12}},{"start":{"line":70,"column":12},"end":{"line":70,"column":12}}]},"7":{"line":72,"type":"if","locations":[{"start":{"line":72,"column":19},"end":{"line":72,"column":19}},{"start":{"line":72,"column":19},"end":{"line":72,"column":19}}]},"8":{"line":105,"type":"if","locations":[{"start":{"line":105,"column":8},"end":{"line":105,"column":8}},{"start":{"line":105,"column":8},"end":{"line":105,"column":8}}]},"9":{"line":111,"type":"if","locations":[{"start":{"line":111,"column":8},"end":{"line":111,"column":8}},{"start":{"line":111,"column":8},"end":{"line":111,"column":8}}]},"10":{"line":115,"type":"if","locations":[{"start":{"line":115,"column":12},"end":{"line":115,"column":12}},{"start":{"line":115,"column":12},"end":{"line":115,"column":12}}]},"11":{"line":126,"type":"if","locations":[{"start":{"line":126,"column":8},"end":{"line":126,"column":8}},{"start":{"line":126,"column":8},"end":{"line":126,"column":8}}]},"12":{"line":133,"type":"if","locations":[{"start":{"line":133,"column":8},"end":{"line":133,"column":8}},{"start":{"line":133,"column":8},"end":{"line":133,"column":8}}]},"13":{"line":134,"type":"if","locations":[{"start":{"line":134,"column":12},"end":{"line":134,"column":12}},{"start":{"line":134,"column":12},"end":{"line":134,"column":12}}]},"14":{"line":136,"type":"if","locations":[{"start":{"line":136,"column":19},"end":{"line":136,"column":19}},{"start":{"line":136,"column":19},"end":{"line":136,"column":19}}]},"15":{"line":190,"type":"if","locations":[{"start":{"line":190,"column":8},"end":{"line":190,"column":8}},{"start":{"line":190,"column":8},"end":{"line":190,"column":8}}]},"16":{"line":199,"type":"if","locations":[{"start":{"line":199,"column":8},"end":{"line":199,"column":8}},{"start":{"line":199,"column":8},"end":{"line":199,"column":8}}]},"17":{"line":204,"type":"if","locations":[{"start":{"line":204,"column":12},"end":{"line":204,"column":12}},{"start":{"line":204,"column":12},"end":{"line":204,"column":12}}]},"18":{"line":218,"type":"if","locations":[{"start":{"line":218,"column":8},"end":{"line":218,"column":8}},{"start":{"line":218,"column":8},"end":{"line":218,"column":8}}]},"19":{"line":221,"type":"if","locations":[{"start":{"line":221,"column":12},"end":{"line":221,"column":12}},{"start":{"line":221,"column":12},"end":{"line":221,"column":12}}]},"20":{"line":224,"type":"if","locations":[{"start":{"line":224,"column":16},"end":{"line":224,"column":16}},{"start":{"line":224,"column":16},"end":{"line":224,"column":16}}]},"21":{"line":241,"type":"if","locations":[{"start":{"line":241,"column":8},"end":{"line":241,"column":8}},{"start":{"line":241,"column":8},"end":{"line":241,"column":8}}]},"22":{"line":243,"type":"if","locations":[{"start":{"line":243,"column":12},"end":{"line":243,"column":12}},{"start":{"line":243,"column":12},"end":{"line":243,"column":12}}]},"23":{"line":246,"type":"if","locations":[{"start":{"line":246,"column":19},"end":{"line":246,"column":19}},{"start":{"line":246,"column":19},"end":{"line":246,"column":19}}]},"24":{"line":278,"type":"if","locations":[{"start":{"line":278,"column":8},"end":{"line":278,"column":8}},{"start":{"line":278,"column":8},"end":{"line":278,"column":8}}]},"25":{"line":293,"type":"if","locations":[{"start":{"line":293,"column":8},"end":{"line":293,"column":8}},{"start":{"line":293,"column":8},"end":{"line":293,"column":8}}]},"26":{"line":298,"type":"if","locations":[{"start":{"line":298,"column":8},"end":{"line":298,"column":8}},{"start":{"line":298,"column":8},"end":{"line":298,"column":8}}]},"27":{"line":304,"type":"if","locations":[{"start":{"line":304,"column":8},"end":{"line":304,"column":8}},{"start":{"line":304,"column":8},"end":{"line":304,"column":8}}]},"28":{"line":318,"type":"if","locations":[{"start":{"line":318,"column":12},"end":{"line":318,"column":12}},{"start":{"line":318,"column":12},"end":{"line":318,"column":12}}]},"29":{"line":325,"type":"if","locations":[{"start":{"line":325,"column":12},"end":{"line":325,"column":12}},{"start":{"line":325,"column":12},"end":{"line":325,"column":12}}]},"30":{"line":333,"type":"if","locations":[{"start":{"line":333,"column":8},"end":{"line":333,"column":8}},{"start":{"line":333,"column":8},"end":{"line":333,"column":8}}]}}},"contracts/Treasury.sol":{"l":{"26":44,"27":44,"28":44,"29":44,"30":44,"38":6,"39":6,"43":5,"44":4,"45":4,"58":4,"59":4,"62":4,"63":2,"64":2,"66":2,"67":2,"71":4,"73":4},"path":"/Users/ygorfrancisco/brics-protocol/contracts/Treasury.sol","s":{"1":44,"2":44,"3":44,"4":4,"5":6,"6":6,"7":5,"8":1,"9":4,"10":4,"11":2,"12":4,"13":4},"b":{"1":[4,1],"2":[5,2],"3":[1,4],"4":[2,2]},"f":{"1":44,"2":4,"3":6,"4":5,"5":2,"6":4},"fnMap":{"1":{"name":"constructor","line":25,"loc":{"start":{"line":25,"column":4},"end":{"line":31,"column":4}}},"2":{"name":"setBufferTargetBps","line":33,"loc":{"start":{"line":33,"column":4},"end":{"line":35,"column":4}}},"3":{"name":"fund","line":37,"loc":{"start":{"line":37,"column":4},"end":{"line":40,"column":4}}},"4":{"name":"pay","line":42,"loc":{"start":{"line":42,"column":4},"end":{"line":46,"column":4}}},"5":{"name":"balance","line":48,"loc":{"start":{"line":48,"column":4},"end":{"line":48,"column":96}}},"6":{"name":"getLiquidityStatus","line":51,"loc":{"start":{"line":51,"column":4},"end":{"line":74,"column":4}}}},"statementMap":{"1":{"start":{"line":26,"column":8},"end":{"line":26,"column":42}},"2":{"start":{"line":27,"column":8},"end":{"line":27,"column":32}},"3":{"start":{"line":28,"column":8},"end":{"line":28,"column":32}},"4":{"start":{"line":34,"column":31},"end":{"line":34,"column":56}},"5":{"start":{"line":38,"column":8},"end":{"line":38,"column":64}},"6":{"start":{"line":39,"column":8},"end":{"line":39,"column":43}},"7":{"start":{"line":43,"column":8},"end":{"line":43,"column":62}},"8":{"start":{"line":43,"column":30},"end":{"line":43,"column":61}},"9":{"start":{"line":44,"column":8},"end":{"line":44,"column":37}},"10":{"start":{"line":45,"column":8},"end":{"line":45,"column":45}},"11":{"start":{"line":48,"column":57},"end":{"line":48,"column":94}},"12":{"start":{"line":62,"column":8},"end":{"line":62,"column":2323}},"13":{"start":{"line":73,"column":8},"end":{"line":73,"column":73}}},"branchMap":{"1":{"line":33,"type":"if","locations":[{"start":{"line":33,"column":54},"end":{"line":33,"column":54}},{"start":{"line":33,"column":54},"end":{"line":33,"column":54}}]},"2":{"line":42,"type":"if","locations":[{"start":{"line":42,"column":54},"end":{"line":42,"column":54}},{"start":{"line":42,"column":54},"end":{"line":42,"column":54}}]},"3":{"line":43,"type":"if","locations":[{"start":{"line":43,"column":8},"end":{"line":43,"column":8}},{"start":{"line":43,"column":8},"end":{"line":43,"column":8}}]},"4":{"line":62,"type":"if","locations":[{"start":{"line":62,"column":8},"end":{"line":62,"column":8}},{"start":{"line":62,"column":8},"end":{"line":62,"column":8}}]}}}}